ARM GAS  /tmp/cc80TW21.s 			page 1


   1              		.cpu cortex-m7
   2              		.eabi_attribute 28, 1
   3              		.eabi_attribute 20, 1
   4              		.eabi_attribute 21, 1
   5              		.eabi_attribute 23, 3
   6              		.eabi_attribute 24, 1
   7              		.eabi_attribute 25, 1
   8              		.eabi_attribute 26, 1
   9              		.eabi_attribute 30, 4
  10              		.eabi_attribute 34, 1
  11              		.eabi_attribute 18, 4
  12              		.file	"ccsbcs.c"
  13              		.text
  14              	.Ltext0:
  15              		.cfi_sections	.debug_frame
  16              		.section	.text.ff_convert,"ax",%progbits
  17              		.align	1
  18              		.global	ff_convert
  19              		.arch armv7e-m
  20              		.syntax unified
  21              		.thumb
  22              		.thumb_func
  23              		.fpu fpv5-d16
  25              	ff_convert:
  26              	.LVL0:
  27              	.LFB320:
  28              		.file 1 "../libDaisy/Middlewares/Third_Party/FatFs/src/option/ccsbcs.c"
   1:../libDaisy/Middlewares/Third_Party/FatFs/src/option/ccsbcs.c **** /*------------------------------------------------------------------------*/
   2:../libDaisy/Middlewares/Third_Party/FatFs/src/option/ccsbcs.c **** /* Unicode - Local code bidirectional converter  (C)ChaN, 2015            */
   3:../libDaisy/Middlewares/Third_Party/FatFs/src/option/ccsbcs.c **** /* (SBCS code pages)                                                      */
   4:../libDaisy/Middlewares/Third_Party/FatFs/src/option/ccsbcs.c **** /*------------------------------------------------------------------------*/
   5:../libDaisy/Middlewares/Third_Party/FatFs/src/option/ccsbcs.c **** /*  437   U.S.
   6:../libDaisy/Middlewares/Third_Party/FatFs/src/option/ccsbcs.c **** /   720   Arabic
   7:../libDaisy/Middlewares/Third_Party/FatFs/src/option/ccsbcs.c **** /   737   Greek
   8:../libDaisy/Middlewares/Third_Party/FatFs/src/option/ccsbcs.c **** /   771   KBL
   9:../libDaisy/Middlewares/Third_Party/FatFs/src/option/ccsbcs.c **** /   775   Baltic
  10:../libDaisy/Middlewares/Third_Party/FatFs/src/option/ccsbcs.c **** /   850   Latin 1
  11:../libDaisy/Middlewares/Third_Party/FatFs/src/option/ccsbcs.c **** /   852   Latin 2
  12:../libDaisy/Middlewares/Third_Party/FatFs/src/option/ccsbcs.c **** /   855   Cyrillic
  13:../libDaisy/Middlewares/Third_Party/FatFs/src/option/ccsbcs.c **** /   857   Turkish
  14:../libDaisy/Middlewares/Third_Party/FatFs/src/option/ccsbcs.c **** /   860   Portuguese
  15:../libDaisy/Middlewares/Third_Party/FatFs/src/option/ccsbcs.c **** /   861   Icelandic
  16:../libDaisy/Middlewares/Third_Party/FatFs/src/option/ccsbcs.c **** /   862   Hebrew
  17:../libDaisy/Middlewares/Third_Party/FatFs/src/option/ccsbcs.c **** /   863   Canadian French
  18:../libDaisy/Middlewares/Third_Party/FatFs/src/option/ccsbcs.c **** /   864   Arabic
  19:../libDaisy/Middlewares/Third_Party/FatFs/src/option/ccsbcs.c **** /   865   Nordic
  20:../libDaisy/Middlewares/Third_Party/FatFs/src/option/ccsbcs.c **** /   866   Russian
  21:../libDaisy/Middlewares/Third_Party/FatFs/src/option/ccsbcs.c **** /   869   Greek 2
  22:../libDaisy/Middlewares/Third_Party/FatFs/src/option/ccsbcs.c **** */
  23:../libDaisy/Middlewares/Third_Party/FatFs/src/option/ccsbcs.c **** 
  24:../libDaisy/Middlewares/Third_Party/FatFs/src/option/ccsbcs.c **** #include "../ff.h"
  25:../libDaisy/Middlewares/Third_Party/FatFs/src/option/ccsbcs.c **** 
  26:../libDaisy/Middlewares/Third_Party/FatFs/src/option/ccsbcs.c **** 
  27:../libDaisy/Middlewares/Third_Party/FatFs/src/option/ccsbcs.c **** #if _CODE_PAGE == 437
  28:../libDaisy/Middlewares/Third_Party/FatFs/src/option/ccsbcs.c **** #define _TBLDEF 1
  29:../libDaisy/Middlewares/Third_Party/FatFs/src/option/ccsbcs.c **** static
  30:../libDaisy/Middlewares/Third_Party/FatFs/src/option/ccsbcs.c **** const WCHAR Tbl[] = {	/*  CP437(0x80-0xFF) to Unicode conversion table */
ARM GAS  /tmp/cc80TW21.s 			page 2


  31:../libDaisy/Middlewares/Third_Party/FatFs/src/option/ccsbcs.c **** 	0x00C7, 0x00FC, 0x00E9, 0x00E2, 0x00E4, 0x00E0, 0x00E5, 0x00E7, 0x00EA, 0x00EB, 0x00E8, 0x00EF, 0x
  32:../libDaisy/Middlewares/Third_Party/FatFs/src/option/ccsbcs.c **** 	0x00C9, 0x00E6, 0x00C6, 0x00F4, 0x00F6, 0x00F2, 0x00FB, 0x00F9, 0x00FF, 0x00D6, 0x00DC, 0x00A2, 0x
  33:../libDaisy/Middlewares/Third_Party/FatFs/src/option/ccsbcs.c **** 	0x00E1, 0x00ED, 0x00F3, 0x00FA, 0x00F1, 0x00D1, 0x00AA, 0x00BA, 0x00BF, 0x2310, 0x00AC, 0x00BD, 0x
  34:../libDaisy/Middlewares/Third_Party/FatFs/src/option/ccsbcs.c **** 	0x2591, 0x2592, 0x2593, 0x2502, 0x2524, 0x2561, 0x2562, 0x2556, 0x2555, 0x2563, 0x2551, 0x2557, 0x
  35:../libDaisy/Middlewares/Third_Party/FatFs/src/option/ccsbcs.c **** 	0x2514, 0x2534, 0x252C, 0x251C, 0x2500, 0x253C, 0x255E, 0x255F, 0x255A, 0x2554, 0x2569, 0x2566, 0x
  36:../libDaisy/Middlewares/Third_Party/FatFs/src/option/ccsbcs.c **** 	0x2568, 0x2564, 0x2565, 0x2559, 0x2558, 0x2552, 0x2553, 0x256B, 0x256A, 0x2518, 0x250C, 0x2588, 0x
  37:../libDaisy/Middlewares/Third_Party/FatFs/src/option/ccsbcs.c **** 	0x03B1, 0x00DF, 0x0393, 0x03C0, 0x03A3, 0x03C3, 0x00B5, 0x03C4, 0x03A6, 0x0398, 0x03A9, 0x03B4, 0x
  38:../libDaisy/Middlewares/Third_Party/FatFs/src/option/ccsbcs.c **** 	0x2261, 0x00B1, 0x2265, 0x2264, 0x2320, 0x2321, 0x00F7, 0x2248, 0x00B0, 0x2219, 0x00B7, 0x221A, 0x
  39:../libDaisy/Middlewares/Third_Party/FatFs/src/option/ccsbcs.c **** };
  40:../libDaisy/Middlewares/Third_Party/FatFs/src/option/ccsbcs.c **** 
  41:../libDaisy/Middlewares/Third_Party/FatFs/src/option/ccsbcs.c **** #elif _CODE_PAGE == 720
  42:../libDaisy/Middlewares/Third_Party/FatFs/src/option/ccsbcs.c **** #define _TBLDEF 1
  43:../libDaisy/Middlewares/Third_Party/FatFs/src/option/ccsbcs.c **** static
  44:../libDaisy/Middlewares/Third_Party/FatFs/src/option/ccsbcs.c **** const WCHAR Tbl[] = {	/*  CP720(0x80-0xFF) to Unicode conversion table */
  45:../libDaisy/Middlewares/Third_Party/FatFs/src/option/ccsbcs.c **** 	0x0000, 0x0000, 0x00E9, 0x00E2, 0x0000, 0x00E0, 0x0000, 0x00E7, 0x00EA, 0x00EB, 0x00E8, 0x00EF, 0x
  46:../libDaisy/Middlewares/Third_Party/FatFs/src/option/ccsbcs.c **** 	0x0000, 0x0651, 0x0652, 0x00F4, 0x00A4, 0x0640, 0x00FB, 0x00F9, 0x0621, 0x0622, 0x0623, 0x0624, 0x
  47:../libDaisy/Middlewares/Third_Party/FatFs/src/option/ccsbcs.c **** 	0x0628, 0x0629, 0x062A, 0x062B, 0x062C, 0x062D, 0x062E, 0x062F, 0x0630, 0x0631, 0x0632, 0x0633, 0x
  48:../libDaisy/Middlewares/Third_Party/FatFs/src/option/ccsbcs.c **** 	0x2591, 0x2592, 0x2593, 0x2502, 0x2524, 0x2561, 0x2562, 0x2556, 0x2555, 0x2563, 0x2551, 0x2557, 0x
  49:../libDaisy/Middlewares/Third_Party/FatFs/src/option/ccsbcs.c **** 	0x2514, 0x2534, 0x252C, 0x251C, 0x2500, 0x253C, 0x255E, 0x255F, 0x255A, 0x2554, 0x2569, 0x2566, 0x
  50:../libDaisy/Middlewares/Third_Party/FatFs/src/option/ccsbcs.c **** 	0x2568, 0x2564, 0x2565, 0x2559, 0x2558, 0x2552, 0x2553, 0x256B, 0x256A, 0x2518, 0x250C, 0x2588, 0x
  51:../libDaisy/Middlewares/Third_Party/FatFs/src/option/ccsbcs.c **** 	0x0636, 0x0637, 0x0638, 0x0639, 0x063A, 0x0641, 0x00B5, 0x0642, 0x0643, 0x0644, 0x0645, 0x0646, 0x
  52:../libDaisy/Middlewares/Third_Party/FatFs/src/option/ccsbcs.c **** 	0x2261, 0x064B, 0x064C, 0x064D, 0x064E, 0x064F, 0x0650, 0x2248, 0x00B0, 0x2219, 0x00B7, 0x221A, 0x
  53:../libDaisy/Middlewares/Third_Party/FatFs/src/option/ccsbcs.c **** };
  54:../libDaisy/Middlewares/Third_Party/FatFs/src/option/ccsbcs.c **** 
  55:../libDaisy/Middlewares/Third_Party/FatFs/src/option/ccsbcs.c **** #elif _CODE_PAGE == 737
  56:../libDaisy/Middlewares/Third_Party/FatFs/src/option/ccsbcs.c **** #define _TBLDEF 1
  57:../libDaisy/Middlewares/Third_Party/FatFs/src/option/ccsbcs.c **** static
  58:../libDaisy/Middlewares/Third_Party/FatFs/src/option/ccsbcs.c **** const WCHAR Tbl[] = {	/*  CP737(0x80-0xFF) to Unicode conversion table */
  59:../libDaisy/Middlewares/Third_Party/FatFs/src/option/ccsbcs.c **** 	0x0391, 0x0392, 0x0393, 0x0394, 0x0395, 0x0396, 0x0397, 0x0398, 0x0399, 0x039A, 0x039B, 0x039C, 0x
  60:../libDaisy/Middlewares/Third_Party/FatFs/src/option/ccsbcs.c **** 	0x03A1, 0x03A3, 0x03A4, 0x03A5, 0x03A6, 0x03A7, 0x03A8, 0x03A9, 0x03B1, 0x03B2, 0x03B3, 0x03B4, 0x
  61:../libDaisy/Middlewares/Third_Party/FatFs/src/option/ccsbcs.c **** 	0x03B9, 0x03BA, 0x03BB, 0x03BC, 0x03BD, 0x03BE, 0x03BF, 0x03C0, 0x03C1, 0x03C3, 0x03C2, 0x03C4, 0x
  62:../libDaisy/Middlewares/Third_Party/FatFs/src/option/ccsbcs.c **** 	0x2591, 0x2592, 0x2593, 0x2502, 0x2524, 0x2561, 0x2562, 0x2556, 0x2555, 0x2563, 0x2551, 0x2557, 0x
  63:../libDaisy/Middlewares/Third_Party/FatFs/src/option/ccsbcs.c **** 	0x2514, 0x2534, 0x252C, 0x251C, 0x2500, 0x253C, 0x255E, 0x255F, 0x255A, 0x2554, 0x2569, 0x2566, 0x
  64:../libDaisy/Middlewares/Third_Party/FatFs/src/option/ccsbcs.c **** 	0x2568, 0x2564, 0x2565, 0x2559, 0x2558, 0x2552, 0x2553, 0x256B, 0x256A, 0x2518, 0x250C, 0x2588, 0x
  65:../libDaisy/Middlewares/Third_Party/FatFs/src/option/ccsbcs.c **** 	0x03C9, 0x03AC, 0x03AD, 0x03AE, 0x03CA, 0x03AF, 0x03CC, 0x03CD, 0x03CB, 0x03CE, 0x0386, 0x0388, 0x
  66:../libDaisy/Middlewares/Third_Party/FatFs/src/option/ccsbcs.c **** 	0x038F, 0x00B1, 0x2265, 0x2264, 0x03AA, 0x03AB, 0x00F7, 0x2248, 0x00B0, 0x2219, 0x00B7, 0x221A, 0x
  67:../libDaisy/Middlewares/Third_Party/FatFs/src/option/ccsbcs.c **** };
  68:../libDaisy/Middlewares/Third_Party/FatFs/src/option/ccsbcs.c **** 
  69:../libDaisy/Middlewares/Third_Party/FatFs/src/option/ccsbcs.c **** #elif _CODE_PAGE == 771
  70:../libDaisy/Middlewares/Third_Party/FatFs/src/option/ccsbcs.c **** #define _TBLDEF 1
  71:../libDaisy/Middlewares/Third_Party/FatFs/src/option/ccsbcs.c **** static
  72:../libDaisy/Middlewares/Third_Party/FatFs/src/option/ccsbcs.c **** const WCHAR Tbl[] = {	/*  CP771(0x80-0xFF) to Unicode conversion table */
  73:../libDaisy/Middlewares/Third_Party/FatFs/src/option/ccsbcs.c **** 	0x0410, 0x0411, 0x0412, 0x0413, 0x0414, 0x0415, 0x0416, 0x0417, 0x0418, 0x0419, 0x041A, 0x041B, 0x
  74:../libDaisy/Middlewares/Third_Party/FatFs/src/option/ccsbcs.c **** 	0x0420, 0x0421, 0x0422, 0x0423, 0x0424, 0x0425, 0x0426, 0x0427, 0x0428, 0x0429, 0x042A, 0x042B, 0x
  75:../libDaisy/Middlewares/Third_Party/FatFs/src/option/ccsbcs.c **** 	0x0430, 0x0431, 0x0432, 0x0433, 0x0434, 0x0435, 0x0436, 0x0437, 0x0438, 0x0439, 0x043A, 0x043B, 0x
  76:../libDaisy/Middlewares/Third_Party/FatFs/src/option/ccsbcs.c **** 	0x2591, 0x2592, 0x2593, 0x2502, 0x2524, 0x2561, 0x2562, 0x2556, 0x2555, 0x2563, 0x2551, 0x2557, 0x
  77:../libDaisy/Middlewares/Third_Party/FatFs/src/option/ccsbcs.c **** 	0x2514, 0x2534, 0x252C, 0x251C, 0x2500, 0x253C, 0x255E, 0x255F, 0x255A, 0x2554, 0x2569, 0x2566, 0x
  78:../libDaisy/Middlewares/Third_Party/FatFs/src/option/ccsbcs.c **** 	0x2568, 0x2564, 0x2565, 0x2559, 0x2558, 0x2552, 0x2553, 0x256B, 0x256A, 0x2518, 0x250C, 0x2588, 0x
  79:../libDaisy/Middlewares/Third_Party/FatFs/src/option/ccsbcs.c **** 	0x0440, 0x0441, 0x0442, 0x0443, 0x0444, 0x0445, 0x0446, 0x0447, 0x0448, 0x0449, 0x044A, 0x044B, 0x
  80:../libDaisy/Middlewares/Third_Party/FatFs/src/option/ccsbcs.c **** 	0x0118, 0x0119, 0x0116, 0x0117, 0x012E, 0x012F, 0x0160, 0x0161, 0x0172, 0x0173, 0x016A, 0x016B, 0x
  81:../libDaisy/Middlewares/Third_Party/FatFs/src/option/ccsbcs.c **** };
  82:../libDaisy/Middlewares/Third_Party/FatFs/src/option/ccsbcs.c **** 
  83:../libDaisy/Middlewares/Third_Party/FatFs/src/option/ccsbcs.c **** #elif _CODE_PAGE == 775
  84:../libDaisy/Middlewares/Third_Party/FatFs/src/option/ccsbcs.c **** #define _TBLDEF 1
  85:../libDaisy/Middlewares/Third_Party/FatFs/src/option/ccsbcs.c **** static
  86:../libDaisy/Middlewares/Third_Party/FatFs/src/option/ccsbcs.c **** const WCHAR Tbl[] = {	/*  CP775(0x80-0xFF) to Unicode conversion table */
  87:../libDaisy/Middlewares/Third_Party/FatFs/src/option/ccsbcs.c **** 	0x0106, 0x00FC, 0x00E9, 0x0101, 0x00E4, 0x0123, 0x00E5, 0x0107, 0x0142, 0x0113, 0x0156, 0x0157, 0x
ARM GAS  /tmp/cc80TW21.s 			page 3


  88:../libDaisy/Middlewares/Third_Party/FatFs/src/option/ccsbcs.c **** 	0x00C9, 0x00E6, 0x00C6, 0x014D, 0x00F6, 0x0122, 0x00A2, 0x015A, 0x015B, 0x00D6, 0x00DC, 0x00F8, 0x
  89:../libDaisy/Middlewares/Third_Party/FatFs/src/option/ccsbcs.c **** 	0x0100, 0x012A, 0x00F3, 0x017B, 0x017C, 0x017A, 0x201D, 0x00A6, 0x00A9, 0x00AE, 0x00AC, 0x00BD, 0x
  90:../libDaisy/Middlewares/Third_Party/FatFs/src/option/ccsbcs.c **** 	0x2591, 0x2592, 0x2593, 0x2502, 0x2524, 0x0104, 0x010C, 0x0118, 0x0116, 0x2563, 0x2551, 0x2557, 0x
  91:../libDaisy/Middlewares/Third_Party/FatFs/src/option/ccsbcs.c **** 	0x2514, 0x2534, 0x252C, 0x251C, 0x2500, 0x253C, 0x0172, 0x016A, 0x255A, 0x2554, 0x2569, 0x2566, 0x
  92:../libDaisy/Middlewares/Third_Party/FatFs/src/option/ccsbcs.c **** 	0x0105, 0x010D, 0x0119, 0x0117, 0x012F, 0x0161, 0x0173, 0x016B, 0x017E, 0x2518, 0x250C, 0x2588, 0x
  93:../libDaisy/Middlewares/Third_Party/FatFs/src/option/ccsbcs.c **** 	0x00D3, 0x00DF, 0x014C, 0x0143, 0x00F5, 0x00D5, 0x00B5, 0x0144, 0x0136, 0x0137, 0x013B, 0x013C, 0x
  94:../libDaisy/Middlewares/Third_Party/FatFs/src/option/ccsbcs.c **** 	0x00AD, 0x00B1, 0x201C, 0x00BE, 0x00B6, 0x00A7, 0x00F7, 0x201E, 0x00B0, 0x2219, 0x00B7, 0x00B9, 0x
  95:../libDaisy/Middlewares/Third_Party/FatFs/src/option/ccsbcs.c **** };
  96:../libDaisy/Middlewares/Third_Party/FatFs/src/option/ccsbcs.c **** 
  97:../libDaisy/Middlewares/Third_Party/FatFs/src/option/ccsbcs.c **** #elif _CODE_PAGE == 850
  98:../libDaisy/Middlewares/Third_Party/FatFs/src/option/ccsbcs.c **** #define _TBLDEF 1
  99:../libDaisy/Middlewares/Third_Party/FatFs/src/option/ccsbcs.c **** static
 100:../libDaisy/Middlewares/Third_Party/FatFs/src/option/ccsbcs.c **** const WCHAR Tbl[] = {	/*  CP850(0x80-0xFF) to Unicode conversion table */
 101:../libDaisy/Middlewares/Third_Party/FatFs/src/option/ccsbcs.c **** 	0x00C7, 0x00FC, 0x00E9, 0x00E2, 0x00E4, 0x00E0, 0x00E5, 0x00E7, 0x00EA, 0x00EB, 0x00E8, 0x00EF, 0x
 102:../libDaisy/Middlewares/Third_Party/FatFs/src/option/ccsbcs.c **** 	0x00C9, 0x00E6, 0x00C6, 0x00F4, 0x00F6, 0x00F2, 0x00FB, 0x00F9, 0x00FF, 0x00D6, 0x00DC, 0x00F8, 0x
 103:../libDaisy/Middlewares/Third_Party/FatFs/src/option/ccsbcs.c **** 	0x00E1, 0x00ED, 0x00F3, 0x00FA, 0x00F1, 0x00D1, 0x00AA, 0x00BA, 0x00BF, 0x00AE, 0x00AC, 0x00BD, 0x
 104:../libDaisy/Middlewares/Third_Party/FatFs/src/option/ccsbcs.c **** 	0x2591, 0x2592, 0x2593, 0x2502, 0x2524, 0x00C1, 0x00C2, 0x00C0, 0x00A9, 0x2563, 0x2551, 0x2557, 0x
 105:../libDaisy/Middlewares/Third_Party/FatFs/src/option/ccsbcs.c **** 	0x2514, 0x2534, 0x252C, 0x251C, 0x2500, 0x253C, 0x00E3, 0x00C3, 0x255A, 0x2554, 0x2569, 0x2566, 0x
 106:../libDaisy/Middlewares/Third_Party/FatFs/src/option/ccsbcs.c **** 	0x00F0, 0x00D0, 0x00CA, 0x00CB, 0x00C8, 0x0131, 0x00CD, 0x00CE, 0x00CF, 0x2518, 0x250C, 0x2588, 0x
 107:../libDaisy/Middlewares/Third_Party/FatFs/src/option/ccsbcs.c **** 	0x00D3, 0x00DF, 0x00D4, 0x00D2, 0x00F5, 0x00D5, 0x00B5, 0x00FE, 0x00DE, 0x00DA, 0x00DB, 0x00D9, 0x
 108:../libDaisy/Middlewares/Third_Party/FatFs/src/option/ccsbcs.c **** 	0x00AD, 0x00B1, 0x2017, 0x00BE, 0x00B6, 0x00A7, 0x00F7, 0x00B8, 0x00B0, 0x00A8, 0x00B7, 0x00B9, 0x
 109:../libDaisy/Middlewares/Third_Party/FatFs/src/option/ccsbcs.c **** };
 110:../libDaisy/Middlewares/Third_Party/FatFs/src/option/ccsbcs.c **** 
 111:../libDaisy/Middlewares/Third_Party/FatFs/src/option/ccsbcs.c **** #elif _CODE_PAGE == 852
 112:../libDaisy/Middlewares/Third_Party/FatFs/src/option/ccsbcs.c **** #define _TBLDEF 1
 113:../libDaisy/Middlewares/Third_Party/FatFs/src/option/ccsbcs.c **** static
 114:../libDaisy/Middlewares/Third_Party/FatFs/src/option/ccsbcs.c **** const WCHAR Tbl[] = {	/*  CP852(0x80-0xFF) to Unicode conversion table */
 115:../libDaisy/Middlewares/Third_Party/FatFs/src/option/ccsbcs.c **** 	0x00C7, 0x00FC, 0x00E9, 0x00E2, 0x00E4, 0x016F, 0x0107, 0x00E7, 0x0142, 0x00EB, 0x0150, 0x0151, 0x
 116:../libDaisy/Middlewares/Third_Party/FatFs/src/option/ccsbcs.c **** 	0x00C9, 0x0139, 0x013A, 0x00F4, 0x00F6, 0x013D, 0x013E, 0x015A, 0x015B, 0x00D6, 0x00DC, 0x0164, 0x
 117:../libDaisy/Middlewares/Third_Party/FatFs/src/option/ccsbcs.c **** 	0x00E1, 0x00ED, 0x00F3, 0x00FA, 0x0104, 0x0105, 0x017D, 0x017E, 0x0118, 0x0119, 0x00AC, 0x017A, 0x
 118:../libDaisy/Middlewares/Third_Party/FatFs/src/option/ccsbcs.c **** 	0x2591, 0x2592, 0x2593, 0x2502, 0x2524, 0x00C1, 0x00C2, 0x011A, 0x015E, 0x2563, 0x2551, 0x2557, 0x
 119:../libDaisy/Middlewares/Third_Party/FatFs/src/option/ccsbcs.c **** 	0x2514, 0x2534, 0x252C, 0x251C, 0x2500, 0x253C, 0x0102, 0x0103, 0x255A, 0x2554, 0x2569, 0x2566, 0x
 120:../libDaisy/Middlewares/Third_Party/FatFs/src/option/ccsbcs.c **** 	0x0111, 0x0110, 0x010E, 0x00CB, 0x010F, 0x0147, 0x00CD, 0x00CE, 0x011B, 0x2518, 0x250C, 0x2588, 0x
 121:../libDaisy/Middlewares/Third_Party/FatFs/src/option/ccsbcs.c **** 	0x00D3, 0x00DF, 0x00D4, 0x0143, 0x0144, 0x0148, 0x0160, 0x0161, 0x0154, 0x00DA, 0x0155, 0x0170, 0x
 122:../libDaisy/Middlewares/Third_Party/FatFs/src/option/ccsbcs.c **** 	0x00AD, 0x02DD, 0x02DB, 0x02C7, 0x02D8, 0x00A7, 0x00F7, 0x00B8, 0x00B0, 0x00A8, 0x02D9, 0x0171, 0x
 123:../libDaisy/Middlewares/Third_Party/FatFs/src/option/ccsbcs.c **** };
 124:../libDaisy/Middlewares/Third_Party/FatFs/src/option/ccsbcs.c **** 
 125:../libDaisy/Middlewares/Third_Party/FatFs/src/option/ccsbcs.c **** #elif _CODE_PAGE == 855
 126:../libDaisy/Middlewares/Third_Party/FatFs/src/option/ccsbcs.c **** #define _TBLDEF 1
 127:../libDaisy/Middlewares/Third_Party/FatFs/src/option/ccsbcs.c **** static
 128:../libDaisy/Middlewares/Third_Party/FatFs/src/option/ccsbcs.c **** const WCHAR Tbl[] = {	/*  CP855(0x80-0xFF) to Unicode conversion table */
 129:../libDaisy/Middlewares/Third_Party/FatFs/src/option/ccsbcs.c **** 	0x0452, 0x0402, 0x0453, 0x0403, 0x0451, 0x0401, 0x0454, 0x0404, 0x0455, 0x0405, 0x0456, 0x0406, 0x
 130:../libDaisy/Middlewares/Third_Party/FatFs/src/option/ccsbcs.c **** 	0x0459, 0x0409, 0x045A, 0x040A, 0x045B, 0x040B, 0x045C, 0x040C, 0x045E, 0x040E, 0x045F, 0x040F, 0x
 131:../libDaisy/Middlewares/Third_Party/FatFs/src/option/ccsbcs.c **** 	0x0430, 0x0410, 0x0431, 0x0411, 0x0446, 0x0426, 0x0434, 0x0414, 0x0435, 0x0415, 0x0444, 0x0424, 0x
 132:../libDaisy/Middlewares/Third_Party/FatFs/src/option/ccsbcs.c **** 	0x2591, 0x2592, 0x2593, 0x2502, 0x2524, 0x0445, 0x0425, 0x0438, 0x0418, 0x2563, 0x2551, 0x2557, 0x
 133:../libDaisy/Middlewares/Third_Party/FatFs/src/option/ccsbcs.c **** 	0x2514, 0x2534, 0x252C, 0x251C, 0x2500, 0x253C, 0x043A, 0x041A, 0x255A, 0x2554, 0x2569, 0x2566, 0x
 134:../libDaisy/Middlewares/Third_Party/FatFs/src/option/ccsbcs.c **** 	0x043B, 0x041B, 0x043C, 0x041C, 0x043D, 0x041D, 0x043E, 0x041E, 0x043F, 0x2518, 0x250C, 0x2588, 0x
 135:../libDaisy/Middlewares/Third_Party/FatFs/src/option/ccsbcs.c **** 	0x042F, 0x0440, 0x0420, 0x0441, 0x0421, 0x0442, 0x0422, 0x0443, 0x0423, 0x0436, 0x0416, 0x0432, 0x
 136:../libDaisy/Middlewares/Third_Party/FatFs/src/option/ccsbcs.c **** 	0x00AD, 0x044B, 0x042B, 0x0437, 0x0417, 0x0448, 0x0428, 0x044D, 0x042D, 0x0449, 0x0429, 0x0447, 0x
 137:../libDaisy/Middlewares/Third_Party/FatFs/src/option/ccsbcs.c **** };
 138:../libDaisy/Middlewares/Third_Party/FatFs/src/option/ccsbcs.c **** 
 139:../libDaisy/Middlewares/Third_Party/FatFs/src/option/ccsbcs.c **** #elif _CODE_PAGE == 857
 140:../libDaisy/Middlewares/Third_Party/FatFs/src/option/ccsbcs.c **** #define _TBLDEF 1
 141:../libDaisy/Middlewares/Third_Party/FatFs/src/option/ccsbcs.c **** static
 142:../libDaisy/Middlewares/Third_Party/FatFs/src/option/ccsbcs.c **** const WCHAR Tbl[] = {	/*  CP857(0x80-0xFF) to Unicode conversion table */
 143:../libDaisy/Middlewares/Third_Party/FatFs/src/option/ccsbcs.c **** 	0x00C7, 0x00FC, 0x00E9, 0x00E2, 0x00E4, 0x00E0, 0x00E5, 0x00E7, 0x00EA, 0x00EB, 0x00E8, 0x00EF, 0x
 144:../libDaisy/Middlewares/Third_Party/FatFs/src/option/ccsbcs.c **** 	0x00C9, 0x00E6, 0x00C6, 0x00F4, 0x00F6, 0x00F2, 0x00FB, 0x00F9, 0x0130, 0x00D6, 0x00DC, 0x00F8, 0x
ARM GAS  /tmp/cc80TW21.s 			page 4


 145:../libDaisy/Middlewares/Third_Party/FatFs/src/option/ccsbcs.c **** 	0x00E1, 0x00ED, 0x00F3, 0x00FA, 0x00F1, 0x00D1, 0x011E, 0x011F, 0x00BF, 0x00AE, 0x00AC, 0x00BD, 0x
 146:../libDaisy/Middlewares/Third_Party/FatFs/src/option/ccsbcs.c **** 	0x2591, 0x2592, 0x2593, 0x2502, 0x2524, 0x00C1, 0x00C2, 0x00C0, 0x00A9, 0x2563, 0x2551, 0x2557, 0x
 147:../libDaisy/Middlewares/Third_Party/FatFs/src/option/ccsbcs.c **** 	0x2514, 0x2534, 0x252C, 0x251C, 0x2500, 0x253C, 0x00E3, 0x00C3, 0x255A, 0x2554, 0x2569, 0x2566, 0x
 148:../libDaisy/Middlewares/Third_Party/FatFs/src/option/ccsbcs.c **** 	0x00BA, 0x00AA, 0x00CA, 0x00CB, 0x00C8, 0x0000, 0x00CD, 0x00CE, 0x00CF, 0x2518, 0x250C, 0x2588, 0x
 149:../libDaisy/Middlewares/Third_Party/FatFs/src/option/ccsbcs.c **** 	0x00D3, 0x00DF, 0x00D4, 0x00D2, 0x00F5, 0x00D5, 0x00B5, 0x0000, 0x00D7, 0x00DA, 0x00DB, 0x00D9, 0x
 150:../libDaisy/Middlewares/Third_Party/FatFs/src/option/ccsbcs.c **** 	0x00AD, 0x00B1, 0x0000, 0x00BE, 0x00B6, 0x00A7, 0x00F7, 0x00B8, 0x00B0, 0x00A8, 0x00B7, 0x00B9, 0x
 151:../libDaisy/Middlewares/Third_Party/FatFs/src/option/ccsbcs.c **** };
 152:../libDaisy/Middlewares/Third_Party/FatFs/src/option/ccsbcs.c **** 
 153:../libDaisy/Middlewares/Third_Party/FatFs/src/option/ccsbcs.c **** #elif _CODE_PAGE == 860
 154:../libDaisy/Middlewares/Third_Party/FatFs/src/option/ccsbcs.c **** #define _TBLDEF 1
 155:../libDaisy/Middlewares/Third_Party/FatFs/src/option/ccsbcs.c **** static
 156:../libDaisy/Middlewares/Third_Party/FatFs/src/option/ccsbcs.c **** const WCHAR Tbl[] = {	/*  CP860(0x80-0xFF) to Unicode conversion table */
 157:../libDaisy/Middlewares/Third_Party/FatFs/src/option/ccsbcs.c **** 	0x00C7, 0x00FC, 0x00E9, 0x00E2, 0x00E3, 0x00E0, 0x00C1, 0x00E7, 0x00EA, 0x00CA, 0x00E8, 0x00CD, 0x
 158:../libDaisy/Middlewares/Third_Party/FatFs/src/option/ccsbcs.c **** 	0x00C9, 0x00C0, 0x00C8, 0x00F4, 0x00F5, 0x00F2, 0x00DA, 0x00F9, 0x00CC, 0x00D5, 0x00DC, 0x00A2, 0x
 159:../libDaisy/Middlewares/Third_Party/FatFs/src/option/ccsbcs.c **** 	0x00E1, 0x00ED, 0x00F3, 0x00FA, 0x00F1, 0x00D1, 0x00AA, 0x00BA, 0x00BF, 0x00D2, 0x00AC, 0x00BD, 0x
 160:../libDaisy/Middlewares/Third_Party/FatFs/src/option/ccsbcs.c **** 	0x2591, 0x2592, 0x2593, 0x2502, 0x2524, 0x2561, 0x2562, 0x2556, 0x2555, 0x2563, 0x2551, 0x2557, 0x
 161:../libDaisy/Middlewares/Third_Party/FatFs/src/option/ccsbcs.c **** 	0x2514, 0x2534, 0x252C, 0x251C, 0x2500, 0x253C, 0x255E, 0x255F, 0x255A, 0x2554, 0x2569, 0x2566, 0x
 162:../libDaisy/Middlewares/Third_Party/FatFs/src/option/ccsbcs.c **** 	0x2568, 0x2564, 0x2565, 0x2559, 0x2558, 0x2552, 0x2553, 0x256B, 0x256A, 0x2518, 0x250C, 0x2588, 0x
 163:../libDaisy/Middlewares/Third_Party/FatFs/src/option/ccsbcs.c **** 	0x03B1, 0x00DF, 0x0393, 0x03C0, 0x03A3, 0x03C3, 0x00B5, 0x03C4, 0x03A6, 0x0398, 0x03A9, 0x03B4, 0x
 164:../libDaisy/Middlewares/Third_Party/FatFs/src/option/ccsbcs.c **** 	0x2261, 0x00B1, 0x2265, 0x2264, 0x2320, 0x2321, 0x00F7, 0x2248, 0x00B0, 0x2219, 0x00B7, 0x221A, 0x
 165:../libDaisy/Middlewares/Third_Party/FatFs/src/option/ccsbcs.c **** };
 166:../libDaisy/Middlewares/Third_Party/FatFs/src/option/ccsbcs.c **** 
 167:../libDaisy/Middlewares/Third_Party/FatFs/src/option/ccsbcs.c **** #elif _CODE_PAGE == 861
 168:../libDaisy/Middlewares/Third_Party/FatFs/src/option/ccsbcs.c **** #define _TBLDEF 1
 169:../libDaisy/Middlewares/Third_Party/FatFs/src/option/ccsbcs.c **** static
 170:../libDaisy/Middlewares/Third_Party/FatFs/src/option/ccsbcs.c **** const WCHAR Tbl[] = {	/*  CP861(0x80-0xFF) to Unicode conversion table */
 171:../libDaisy/Middlewares/Third_Party/FatFs/src/option/ccsbcs.c **** 	0x00C7, 0x00FC, 0x00E9, 0x00E2, 0x00E4, 0x00E0, 0x00E6, 0x00E7, 0x00EA, 0x00EB, 0x00E8, 0x00D0, 0x
 172:../libDaisy/Middlewares/Third_Party/FatFs/src/option/ccsbcs.c **** 	0x00C9, 0x00E6, 0x00C6, 0x00F4, 0x00F6, 0x00FE, 0x00FB, 0x00DD, 0x00FD, 0x00D6, 0x00DC, 0x00F8, 0x
 173:../libDaisy/Middlewares/Third_Party/FatFs/src/option/ccsbcs.c **** 	0x00E1, 0x00ED, 0x00F3, 0x00FA, 0x00C1, 0x00CD, 0x00D3, 0x00DA, 0x00BF, 0x2310, 0x00AC, 0x00BD, 0x
 174:../libDaisy/Middlewares/Third_Party/FatFs/src/option/ccsbcs.c **** 	0x2591, 0x2592, 0x2593, 0x2502, 0x2524, 0x2561, 0x2562, 0x2556, 0x2555, 0x2563, 0x2551, 0x2557, 0x
 175:../libDaisy/Middlewares/Third_Party/FatFs/src/option/ccsbcs.c **** 	0x2514, 0x2534, 0x252C, 0x251C, 0x2500, 0x253C, 0x255E, 0x255F, 0x255A, 0x2554, 0x2569, 0x2566, 0x
 176:../libDaisy/Middlewares/Third_Party/FatFs/src/option/ccsbcs.c **** 	0x2568, 0x2564, 0x2565, 0x2559, 0x2558, 0x2552, 0x2553, 0x256B, 0x256A, 0x2518, 0x250C, 0x2588, 0x
 177:../libDaisy/Middlewares/Third_Party/FatFs/src/option/ccsbcs.c **** 	0x03B1, 0x00DF, 0x0393, 0x03C0, 0x03A3, 0x03C3, 0x00B5, 0x03C4, 0x03A6, 0x0398, 0x03A9, 0x03B4, 0x
 178:../libDaisy/Middlewares/Third_Party/FatFs/src/option/ccsbcs.c **** 	0x2261, 0x00B1, 0x2265, 0x2264, 0x2320, 0x2321, 0x00F7, 0x2248, 0x00B0, 0x2219, 0x00B7, 0x221A, 0x
 179:../libDaisy/Middlewares/Third_Party/FatFs/src/option/ccsbcs.c **** };
 180:../libDaisy/Middlewares/Third_Party/FatFs/src/option/ccsbcs.c **** 
 181:../libDaisy/Middlewares/Third_Party/FatFs/src/option/ccsbcs.c **** #elif _CODE_PAGE == 862
 182:../libDaisy/Middlewares/Third_Party/FatFs/src/option/ccsbcs.c **** #define _TBLDEF 1
 183:../libDaisy/Middlewares/Third_Party/FatFs/src/option/ccsbcs.c **** static
 184:../libDaisy/Middlewares/Third_Party/FatFs/src/option/ccsbcs.c **** const WCHAR Tbl[] = {	/*  CP862(0x80-0xFF) to Unicode conversion table */
 185:../libDaisy/Middlewares/Third_Party/FatFs/src/option/ccsbcs.c **** 	0x05D0, 0x05D1, 0x05D2, 0x05D3, 0x05D4, 0x05D5, 0x05D6, 0x05D7, 0x05D8, 0x05D9, 0x05DA, 0x05DB, 0x
 186:../libDaisy/Middlewares/Third_Party/FatFs/src/option/ccsbcs.c **** 	0x05E0, 0x05E1, 0x05E2, 0x05E3, 0x05E4, 0x05E5, 0x05E6, 0x05E7, 0x05E8, 0x05E9, 0x05EA, 0x00A2, 0x
 187:../libDaisy/Middlewares/Third_Party/FatFs/src/option/ccsbcs.c **** 	0x00E1, 0x00ED, 0x00F3, 0x00FA, 0x00F1, 0x00D1, 0x00AA, 0x00BA, 0x00BF, 0x2310, 0x00AC, 0x00BD, 0x
 188:../libDaisy/Middlewares/Third_Party/FatFs/src/option/ccsbcs.c **** 	0x2591, 0x2592, 0x2593, 0x2502, 0x2524, 0x2561, 0x2562, 0x2556, 0x2555, 0x2563, 0x2551, 0x2557, 0x
 189:../libDaisy/Middlewares/Third_Party/FatFs/src/option/ccsbcs.c **** 	0x2514, 0x2534, 0x252C, 0x251C, 0x2500, 0x253C, 0x255E, 0x255F, 0x255A, 0x2554, 0x2569, 0x2566, 0x
 190:../libDaisy/Middlewares/Third_Party/FatFs/src/option/ccsbcs.c **** 	0x2568, 0x2564, 0x2565, 0x2559, 0x2558, 0x2552, 0x2553, 0x256B, 0x256A, 0x2518, 0x250C, 0x2588, 0x
 191:../libDaisy/Middlewares/Third_Party/FatFs/src/option/ccsbcs.c **** 	0x03B1, 0x00DF, 0x0393, 0x03C0, 0x03A3, 0x03C3, 0x00B5, 0x03C4, 0x03A6, 0x0398, 0x03A9, 0x03B4, 0x
 192:../libDaisy/Middlewares/Third_Party/FatFs/src/option/ccsbcs.c **** 	0x2261, 0x00B1, 0x2265, 0x2264, 0x2320, 0x2321, 0x00F7, 0x2248, 0x00B0, 0x2219, 0x00B7, 0x221A, 0x
 193:../libDaisy/Middlewares/Third_Party/FatFs/src/option/ccsbcs.c **** };
 194:../libDaisy/Middlewares/Third_Party/FatFs/src/option/ccsbcs.c **** 
 195:../libDaisy/Middlewares/Third_Party/FatFs/src/option/ccsbcs.c **** #elif _CODE_PAGE == 863
 196:../libDaisy/Middlewares/Third_Party/FatFs/src/option/ccsbcs.c **** #define _TBLDEF 1
 197:../libDaisy/Middlewares/Third_Party/FatFs/src/option/ccsbcs.c **** static
 198:../libDaisy/Middlewares/Third_Party/FatFs/src/option/ccsbcs.c **** const WCHAR Tbl[] = {	/*  CP863(0x80-0xFF) to Unicode conversion table */
 199:../libDaisy/Middlewares/Third_Party/FatFs/src/option/ccsbcs.c **** 	0x00C7, 0x00FC, 0x00E9, 0x00E2, 0x00C2, 0x00E0, 0x00B6, 0x00E7, 0x00EA, 0x00EB, 0x00E8, 0x00EF, 0x
 200:../libDaisy/Middlewares/Third_Party/FatFs/src/option/ccsbcs.c **** 	0x00C9, 0x00C8, 0x00CA, 0x00F4, 0x00CB, 0x00CF, 0x00FB, 0x00F9, 0x00A4, 0x00D4, 0x00DC, 0x00A2, 0x
 201:../libDaisy/Middlewares/Third_Party/FatFs/src/option/ccsbcs.c **** 	0x00A6, 0x00B4, 0x00F3, 0x00FA, 0x00A8, 0x00BB, 0x00B3, 0x00AF, 0x00CE, 0x3210, 0x00AC, 0x00BD, 0x
ARM GAS  /tmp/cc80TW21.s 			page 5


 202:../libDaisy/Middlewares/Third_Party/FatFs/src/option/ccsbcs.c **** 	0x2591, 0x2592, 0x2593, 0x2502, 0x2524, 0x2561, 0x2562, 0x2556, 0x2555, 0x2563, 0x2551, 0x2557, 0x
 203:../libDaisy/Middlewares/Third_Party/FatFs/src/option/ccsbcs.c **** 	0x2514, 0x2534, 0x252C, 0x251C, 0x2500, 0x253C, 0x255E, 0x255F, 0x255A, 0x2554, 0x2569, 0x2566, 0x
 204:../libDaisy/Middlewares/Third_Party/FatFs/src/option/ccsbcs.c **** 	0x2568, 0x2564, 0x2565, 0x2559, 0x2558, 0x2552, 0x2553, 0x256B, 0x256A, 0x2518, 0x250C, 0x2588, 0x
 205:../libDaisy/Middlewares/Third_Party/FatFs/src/option/ccsbcs.c **** 	0x03B1, 0x00DF, 0x0393, 0x03C0, 0x03A3, 0x03C3, 0x00B5, 0x03C4, 0x03A6, 0x0398, 0x03A9, 0x03B4, 0x
 206:../libDaisy/Middlewares/Third_Party/FatFs/src/option/ccsbcs.c **** 	0x2261, 0x00B1, 0x2265, 0x2264, 0x2320, 0x2321, 0x00F7, 0x2248, 0x00B0, 0x2219, 0x00B7, 0x221A, 0x
 207:../libDaisy/Middlewares/Third_Party/FatFs/src/option/ccsbcs.c **** };
 208:../libDaisy/Middlewares/Third_Party/FatFs/src/option/ccsbcs.c **** 
 209:../libDaisy/Middlewares/Third_Party/FatFs/src/option/ccsbcs.c **** #elif _CODE_PAGE == 864
 210:../libDaisy/Middlewares/Third_Party/FatFs/src/option/ccsbcs.c **** #define _TBLDEF 1
 211:../libDaisy/Middlewares/Third_Party/FatFs/src/option/ccsbcs.c **** static
 212:../libDaisy/Middlewares/Third_Party/FatFs/src/option/ccsbcs.c **** const WCHAR Tbl[] = {	/*  CP864(0x80-0xFF) to Unicode conversion table */
 213:../libDaisy/Middlewares/Third_Party/FatFs/src/option/ccsbcs.c **** 	0x00B0, 0x00B7, 0x2219, 0x221A, 0x2592, 0x2500, 0x2502, 0x253C, 0x2524, 0x252C, 0x251C, 0x2534, 0x
 214:../libDaisy/Middlewares/Third_Party/FatFs/src/option/ccsbcs.c **** 	0x03B2, 0x221E, 0x03C6, 0x00B1, 0x00BD, 0x00BC, 0x2248, 0x00AB, 0x00BB, 0xFEF7, 0xFEF8, 0x0000, 0x
 215:../libDaisy/Middlewares/Third_Party/FatFs/src/option/ccsbcs.c **** 	0x00A0, 0x00AD, 0xFE82, 0x00A3, 0x00A4, 0xFE84, 0x0000, 0x20AC, 0xFE8E, 0xFE8F, 0xFE95, 0xFE99, 0x
 216:../libDaisy/Middlewares/Third_Party/FatFs/src/option/ccsbcs.c **** 	0x0660, 0x0661, 0x0662, 0x0663, 0x0664, 0x0665, 0x0666, 0x0667, 0x0668, 0x0669, 0xFED1, 0x061B, 0x
 217:../libDaisy/Middlewares/Third_Party/FatFs/src/option/ccsbcs.c **** 	0x00A2, 0xFE80, 0xFE81, 0xFE83, 0xFE85, 0xFECA, 0xFE8B, 0xFE8D, 0xFE91, 0xFE93, 0xFE97, 0xFE9B, 0x
 218:../libDaisy/Middlewares/Third_Party/FatFs/src/option/ccsbcs.c **** 	0xFEAB, 0xFEAD, 0xFEAF, 0xFEB3, 0xFEB7, 0xFEBB, 0xFEBF, 0xFEC1, 0xFEC5, 0xFECB, 0xFECF, 0x00A6, 0x
 219:../libDaisy/Middlewares/Third_Party/FatFs/src/option/ccsbcs.c **** 	0x0640, 0xFED3, 0xFED7, 0xFEDB, 0xFEDF, 0xFEE3, 0xFEE7, 0xFEEB, 0xFEED, 0xFEEF, 0xFEF3, 0xFEBD, 0x
 220:../libDaisy/Middlewares/Third_Party/FatFs/src/option/ccsbcs.c **** 	0xFE7D, 0x0651, 0xFEE5, 0xFEE9, 0xFEEC, 0xFEF0, 0xFEF2, 0xFED0, 0xFED5, 0xFEF5, 0xFEF6, 0xFEDD, 0x
 221:../libDaisy/Middlewares/Third_Party/FatFs/src/option/ccsbcs.c **** };
 222:../libDaisy/Middlewares/Third_Party/FatFs/src/option/ccsbcs.c **** 
 223:../libDaisy/Middlewares/Third_Party/FatFs/src/option/ccsbcs.c **** #elif _CODE_PAGE == 865
 224:../libDaisy/Middlewares/Third_Party/FatFs/src/option/ccsbcs.c **** #define _TBLDEF 1
 225:../libDaisy/Middlewares/Third_Party/FatFs/src/option/ccsbcs.c **** static
 226:../libDaisy/Middlewares/Third_Party/FatFs/src/option/ccsbcs.c **** const WCHAR Tbl[] = {	/*  CP865(0x80-0xFF) to Unicode conversion table */
 227:../libDaisy/Middlewares/Third_Party/FatFs/src/option/ccsbcs.c **** 	0x00C7, 0x00FC, 0x00E9, 0x00E2, 0x00E4, 0x00E0, 0x00E5, 0x00E7, 0x00EA, 0x00EB, 0x00E8, 0x00EF, 0x
 228:../libDaisy/Middlewares/Third_Party/FatFs/src/option/ccsbcs.c **** 	0x00C5, 0x00E6, 0x00C6, 0x00F4, 0x00F6, 0x00F2, 0x00FB, 0x00F9, 0x00FF, 0x00D6, 0x00DC, 0x00F8, 0x
 229:../libDaisy/Middlewares/Third_Party/FatFs/src/option/ccsbcs.c **** 	0x00E1, 0x00ED, 0x00F3, 0x00FA, 0x00F1, 0x00D1, 0x00AA, 0x00BA, 0x00BF, 0x2310, 0x00AC, 0x00BD, 0x
 230:../libDaisy/Middlewares/Third_Party/FatFs/src/option/ccsbcs.c **** 	0x2591, 0x2592, 0x2593, 0x2502, 0x2524, 0x2561, 0x2562, 0x2556, 0x2555, 0x2563, 0x2551, 0x2557, 0x
 231:../libDaisy/Middlewares/Third_Party/FatFs/src/option/ccsbcs.c **** 	0x2514, 0x2534, 0x252C, 0x251C, 0x2500, 0x253C, 0x255E, 0x255F, 0x255A, 0x2554, 0x2569, 0x2566, 0x
 232:../libDaisy/Middlewares/Third_Party/FatFs/src/option/ccsbcs.c **** 	0x2568, 0x2564, 0x2565, 0x2559, 0x2558, 0x2552, 0x2553, 0x256B, 0x256A, 0x2518, 0x250C, 0x2588, 0x
 233:../libDaisy/Middlewares/Third_Party/FatFs/src/option/ccsbcs.c **** 	0x03B1, 0x00DF, 0x0393, 0x03C0, 0x03A3, 0x03C3, 0x00B5, 0x03C4, 0x03A6, 0x0398, 0x03A9, 0x03B4, 0x
 234:../libDaisy/Middlewares/Third_Party/FatFs/src/option/ccsbcs.c **** 	0x2261, 0x00B1, 0x2265, 0x2264, 0x2320, 0x2321, 0x00F7, 0x2248, 0x00B0, 0x2219, 0x00B7, 0x221A, 0x
 235:../libDaisy/Middlewares/Third_Party/FatFs/src/option/ccsbcs.c **** };
 236:../libDaisy/Middlewares/Third_Party/FatFs/src/option/ccsbcs.c **** 
 237:../libDaisy/Middlewares/Third_Party/FatFs/src/option/ccsbcs.c **** #elif _CODE_PAGE == 866
 238:../libDaisy/Middlewares/Third_Party/FatFs/src/option/ccsbcs.c **** #define _TBLDEF 1
 239:../libDaisy/Middlewares/Third_Party/FatFs/src/option/ccsbcs.c **** static
 240:../libDaisy/Middlewares/Third_Party/FatFs/src/option/ccsbcs.c **** const WCHAR Tbl[] = {	/*  CP866(0x80-0xFF) to Unicode conversion table */
 241:../libDaisy/Middlewares/Third_Party/FatFs/src/option/ccsbcs.c **** 	0x0410, 0x0411, 0x0412, 0x0413, 0x0414, 0x0415, 0x0416, 0x0417, 0x0418, 0x0419, 0x041A, 0x041B, 0x
 242:../libDaisy/Middlewares/Third_Party/FatFs/src/option/ccsbcs.c **** 	0x0420, 0x0421, 0x0422, 0x0423, 0x0424, 0x0425, 0x0426, 0x0427, 0x0428, 0x0429, 0x042A, 0x042B, 0x
 243:../libDaisy/Middlewares/Third_Party/FatFs/src/option/ccsbcs.c **** 	0x0430, 0x0431, 0x0432, 0x0433, 0x0434, 0x0435, 0x0436, 0x0437, 0x0438, 0x0439, 0x043A, 0x043B, 0x
 244:../libDaisy/Middlewares/Third_Party/FatFs/src/option/ccsbcs.c **** 	0x2591, 0x2592, 0x2593, 0x2502, 0x2524, 0x2561, 0x2562, 0x2556, 0x2555, 0x2563, 0x2551, 0x2557, 0x
 245:../libDaisy/Middlewares/Third_Party/FatFs/src/option/ccsbcs.c **** 	0x2514, 0x2534, 0x252C, 0x251C, 0x2500, 0x253C, 0x255E, 0x255F, 0x255A, 0x2554, 0x2569, 0x2566, 0x
 246:../libDaisy/Middlewares/Third_Party/FatFs/src/option/ccsbcs.c **** 	0x2568, 0x2564, 0x2565, 0x2559, 0x2558, 0x2552, 0x2553, 0x256B, 0x256A, 0x2518, 0x250C, 0x2588, 0x
 247:../libDaisy/Middlewares/Third_Party/FatFs/src/option/ccsbcs.c **** 	0x0440, 0x0441, 0x0442, 0x0443, 0x0444, 0x0445, 0x0446, 0x0447, 0x0448, 0x0449, 0x044A, 0x044B, 0x
 248:../libDaisy/Middlewares/Third_Party/FatFs/src/option/ccsbcs.c **** 	0x0401, 0x0451, 0x0404, 0x0454, 0x0407, 0x0457, 0x040E, 0x045E, 0x00B0, 0x2219, 0x00B7, 0x221A, 0x
 249:../libDaisy/Middlewares/Third_Party/FatFs/src/option/ccsbcs.c **** };
 250:../libDaisy/Middlewares/Third_Party/FatFs/src/option/ccsbcs.c **** 
 251:../libDaisy/Middlewares/Third_Party/FatFs/src/option/ccsbcs.c **** #elif _CODE_PAGE == 869
 252:../libDaisy/Middlewares/Third_Party/FatFs/src/option/ccsbcs.c **** #define _TBLDEF 1
 253:../libDaisy/Middlewares/Third_Party/FatFs/src/option/ccsbcs.c **** static
 254:../libDaisy/Middlewares/Third_Party/FatFs/src/option/ccsbcs.c **** const WCHAR Tbl[] = {	/*  CP869(0x80-0xFF) to Unicode conversion table */
 255:../libDaisy/Middlewares/Third_Party/FatFs/src/option/ccsbcs.c **** 	0x00B7, 0x00B7, 0x00B7, 0x00B7, 0x00B7, 0x00B7, 0x0386, 0x00B7, 0x00B7, 0x00AC, 0x00A6, 0x2018, 0x
 256:../libDaisy/Middlewares/Third_Party/FatFs/src/option/ccsbcs.c **** 	0x038A, 0x03AA, 0x038C, 0x00B7, 0x00B7, 0x038E, 0x03AB, 0x00A9, 0x038F, 0x00B2, 0x00B3, 0x03AC, 0x
 257:../libDaisy/Middlewares/Third_Party/FatFs/src/option/ccsbcs.c **** 	0x03CA, 0x0390, 0x03CC, 0x03CD, 0x0391, 0x0392, 0x0393, 0x0394, 0x0395, 0x0396, 0x0397, 0x00BD, 0x
 258:../libDaisy/Middlewares/Third_Party/FatFs/src/option/ccsbcs.c **** 	0x2591, 0x2592, 0x2593, 0x2502, 0x2524, 0x039A, 0x039B, 0x039C, 0x039D, 0x2563, 0x2551, 0x2557, 0x
ARM GAS  /tmp/cc80TW21.s 			page 6


 259:../libDaisy/Middlewares/Third_Party/FatFs/src/option/ccsbcs.c **** 	0x2514, 0x2534, 0x252C, 0x251C, 0x2500, 0x253C, 0x0A30, 0x03A1, 0x255A, 0x2554, 0x2569, 0x2566, 0x
 260:../libDaisy/Middlewares/Third_Party/FatFs/src/option/ccsbcs.c **** 	0x03A4, 0x03A5, 0x03A6, 0x03A7, 0x03A8, 0x03A9, 0x03B1, 0x03B2, 0x03B3, 0x2518, 0x250C, 0x2588, 0x
 261:../libDaisy/Middlewares/Third_Party/FatFs/src/option/ccsbcs.c **** 	0x03B6, 0x03B7, 0x03B8, 0x03B9, 0x03BA, 0x03BB, 0x03BC, 0x03BD, 0x03BE, 0x03BF, 0x03C0, 0x03C1, 0x
 262:../libDaisy/Middlewares/Third_Party/FatFs/src/option/ccsbcs.c **** 	0x00AD, 0x00B1, 0x03C5, 0x03C6, 0x03C7, 0x00A7, 0x03C8, 0x0385, 0x00B0, 0x00A8, 0x03C9, 0x03CB, 0x
 263:../libDaisy/Middlewares/Third_Party/FatFs/src/option/ccsbcs.c **** };
 264:../libDaisy/Middlewares/Third_Party/FatFs/src/option/ccsbcs.c **** 
 265:../libDaisy/Middlewares/Third_Party/FatFs/src/option/ccsbcs.c **** #endif
 266:../libDaisy/Middlewares/Third_Party/FatFs/src/option/ccsbcs.c **** 
 267:../libDaisy/Middlewares/Third_Party/FatFs/src/option/ccsbcs.c **** 
 268:../libDaisy/Middlewares/Third_Party/FatFs/src/option/ccsbcs.c **** #if !_TBLDEF || !_USE_LFN
 269:../libDaisy/Middlewares/Third_Party/FatFs/src/option/ccsbcs.c **** #error This file is not needed at current configuration. Remove from the project.
 270:../libDaisy/Middlewares/Third_Party/FatFs/src/option/ccsbcs.c **** #endif
 271:../libDaisy/Middlewares/Third_Party/FatFs/src/option/ccsbcs.c **** 
 272:../libDaisy/Middlewares/Third_Party/FatFs/src/option/ccsbcs.c **** 
 273:../libDaisy/Middlewares/Third_Party/FatFs/src/option/ccsbcs.c **** 
 274:../libDaisy/Middlewares/Third_Party/FatFs/src/option/ccsbcs.c **** 
 275:../libDaisy/Middlewares/Third_Party/FatFs/src/option/ccsbcs.c **** WCHAR ff_convert (	/* Converted character, Returns zero on error */
 276:../libDaisy/Middlewares/Third_Party/FatFs/src/option/ccsbcs.c **** 	WCHAR	chr,	/* Character code to be converted */
 277:../libDaisy/Middlewares/Third_Party/FatFs/src/option/ccsbcs.c **** 	UINT	dir		/* 0: Unicode to OEM code, 1: OEM code to Unicode */
 278:../libDaisy/Middlewares/Third_Party/FatFs/src/option/ccsbcs.c **** )
 279:../libDaisy/Middlewares/Third_Party/FatFs/src/option/ccsbcs.c **** {
  29              		.loc 1 279 1 view -0
  30              		.cfi_startproc
  31              		@ args = 0, pretend = 0, frame = 0
  32              		@ frame_needed = 0, uses_anonymous_args = 0
 280:../libDaisy/Middlewares/Third_Party/FatFs/src/option/ccsbcs.c **** 	WCHAR c;
  33              		.loc 1 280 2 view .LVU1
 281:../libDaisy/Middlewares/Third_Party/FatFs/src/option/ccsbcs.c **** 
 282:../libDaisy/Middlewares/Third_Party/FatFs/src/option/ccsbcs.c **** 
 283:../libDaisy/Middlewares/Third_Party/FatFs/src/option/ccsbcs.c **** 	if (chr < 0x80) {	/* ASCII */
  34              		.loc 1 283 2 view .LVU2
  35              		.loc 1 283 5 is_stmt 0 view .LVU3
  36 0000 7F28     		cmp	r0, #127
 279:../libDaisy/Middlewares/Third_Party/FatFs/src/option/ccsbcs.c **** 	WCHAR c;
  37              		.loc 1 279 1 view .LVU4
  38 0002 10B5     		push	{r4, lr}
  39              		.cfi_def_cfa_offset 8
  40              		.cfi_offset 4, -8
  41              		.cfi_offset 14, -4
  42              		.loc 1 283 5 view .LVU5
  43 0004 06D9     		bls	.L2
 284:../libDaisy/Middlewares/Third_Party/FatFs/src/option/ccsbcs.c **** 		c = chr;
 285:../libDaisy/Middlewares/Third_Party/FatFs/src/option/ccsbcs.c **** 
 286:../libDaisy/Middlewares/Third_Party/FatFs/src/option/ccsbcs.c **** 	} else {
 287:../libDaisy/Middlewares/Third_Party/FatFs/src/option/ccsbcs.c **** 		if (dir) {		/* OEM code to Unicode */
  44              		.loc 1 287 3 is_stmt 1 view .LVU6
  45              		.loc 1 287 6 is_stmt 0 view .LVU7
  46 0006 31B1     		cbz	r1, .L3
 288:../libDaisy/Middlewares/Third_Party/FatFs/src/option/ccsbcs.c **** 			c = (chr >= 0x100) ? 0 : Tbl[chr - 0x80];
  47              		.loc 1 288 4 is_stmt 1 view .LVU8
  48              		.loc 1 288 6 is_stmt 0 view .LVU9
  49 0008 FF28     		cmp	r0, #255
  50 000a 12D8     		bhi	.L6
  51              		.loc 1 288 6 discriminator 1 view .LVU10
  52 000c 8038     		subs	r0, r0, #128
  53              	.LVL1:
  54              		.loc 1 288 6 discriminator 1 view .LVU11
ARM GAS  /tmp/cc80TW21.s 			page 7


  55 000e 0A4B     		ldr	r3, .L8
  56 0010 33F81000 		ldrh	r0, [r3, r0, lsl #1]
  57              	.LVL2:
  58              	.L2:
 289:../libDaisy/Middlewares/Third_Party/FatFs/src/option/ccsbcs.c **** 
 290:../libDaisy/Middlewares/Third_Party/FatFs/src/option/ccsbcs.c **** 		} else {		/* Unicode to OEM code */
 291:../libDaisy/Middlewares/Third_Party/FatFs/src/option/ccsbcs.c **** 			for (c = 0; c < 0x80; c++) {
 292:../libDaisy/Middlewares/Third_Party/FatFs/src/option/ccsbcs.c **** 				if (chr == Tbl[c]) break;
 293:../libDaisy/Middlewares/Third_Party/FatFs/src/option/ccsbcs.c **** 			}
 294:../libDaisy/Middlewares/Third_Party/FatFs/src/option/ccsbcs.c **** 			c = (c + 0x80) & 0xFF;
 295:../libDaisy/Middlewares/Third_Party/FatFs/src/option/ccsbcs.c **** 		}
 296:../libDaisy/Middlewares/Third_Party/FatFs/src/option/ccsbcs.c **** 	}
 297:../libDaisy/Middlewares/Third_Party/FatFs/src/option/ccsbcs.c **** 
 298:../libDaisy/Middlewares/Third_Party/FatFs/src/option/ccsbcs.c **** 	return c;
  59              		.loc 1 298 2 is_stmt 1 view .LVU12
 299:../libDaisy/Middlewares/Third_Party/FatFs/src/option/ccsbcs.c **** }
  60              		.loc 1 299 1 is_stmt 0 view .LVU13
  61 0014 10BD     		pop	{r4, pc}
  62              	.LVL3:
  63              	.L3:
  64              		.loc 1 299 1 view .LVU14
  65 0016 084A     		ldr	r2, .L8
  66              	.LVL4:
  67              	.L5:
 292:../libDaisy/Middlewares/Third_Party/FatFs/src/option/ccsbcs.c **** 			}
  68              		.loc 1 292 19 view .LVU15
  69 0018 32F8024B 		ldrh	r4, [r2], #2
  70 001c 8BB2     		uxth	r3, r1
  71              	.LVL5:
 292:../libDaisy/Middlewares/Third_Party/FatFs/src/option/ccsbcs.c **** 			}
  72              		.loc 1 292 5 is_stmt 1 view .LVU16
 292:../libDaisy/Middlewares/Third_Party/FatFs/src/option/ccsbcs.c **** 			}
  73              		.loc 1 292 8 is_stmt 0 view .LVU17
  74 001e 8442     		cmp	r4, r0
  75 0020 03D0     		beq	.L4
 291:../libDaisy/Middlewares/Third_Party/FatFs/src/option/ccsbcs.c **** 				if (chr == Tbl[c]) break;
  76              		.loc 1 291 26 is_stmt 1 discriminator 2 view .LVU18
  77              	.LVL6:
 291:../libDaisy/Middlewares/Third_Party/FatFs/src/option/ccsbcs.c **** 				if (chr == Tbl[c]) break;
  78              		.loc 1 291 16 discriminator 2 view .LVU19
 291:../libDaisy/Middlewares/Third_Party/FatFs/src/option/ccsbcs.c **** 				if (chr == Tbl[c]) break;
  79              		.loc 1 291 4 is_stmt 0 discriminator 2 view .LVU20
  80 0022 0131     		adds	r1, r1, #1
  81              	.LVL7:
 291:../libDaisy/Middlewares/Third_Party/FatFs/src/option/ccsbcs.c **** 				if (chr == Tbl[c]) break;
  82              		.loc 1 291 4 discriminator 2 view .LVU21
  83 0024 8029     		cmp	r1, #128
  84 0026 F7D1     		bne	.L5
  85 0028 0B46     		mov	r3, r1
  86              	.LVL8:
  87              	.L4:
 294:../libDaisy/Middlewares/Third_Party/FatFs/src/option/ccsbcs.c **** 		}
  88              		.loc 1 294 4 is_stmt 1 view .LVU22
 294:../libDaisy/Middlewares/Third_Party/FatFs/src/option/ccsbcs.c **** 		}
  89              		.loc 1 294 11 is_stmt 0 view .LVU23
  90 002a 03F18000 		add	r0, r3, #128
  91              	.LVL9:
ARM GAS  /tmp/cc80TW21.s 			page 8


 294:../libDaisy/Middlewares/Third_Party/FatFs/src/option/ccsbcs.c **** 		}
  92              		.loc 1 294 6 view .LVU24
  93 002e C0B2     		uxtb	r0, r0
  94              	.LVL10:
 294:../libDaisy/Middlewares/Third_Party/FatFs/src/option/ccsbcs.c **** 		}
  95              		.loc 1 294 6 view .LVU25
  96 0030 F0E7     		b	.L2
  97              	.LVL11:
  98              	.L6:
 288:../libDaisy/Middlewares/Third_Party/FatFs/src/option/ccsbcs.c **** 
  99              		.loc 1 288 6 view .LVU26
 100 0032 0020     		movs	r0, #0
 101              	.LVL12:
 288:../libDaisy/Middlewares/Third_Party/FatFs/src/option/ccsbcs.c **** 
 102              		.loc 1 288 6 view .LVU27
 103 0034 EEE7     		b	.L2
 104              	.L9:
 105 0036 00BF     		.align	2
 106              	.L8:
 107 0038 00000000 		.word	.LANCHOR0
 108              		.cfi_endproc
 109              	.LFE320:
 111              		.section	.text.ff_wtoupper,"ax",%progbits
 112              		.align	1
 113              		.global	ff_wtoupper
 114              		.syntax unified
 115              		.thumb
 116              		.thumb_func
 117              		.fpu fpv5-d16
 119              	ff_wtoupper:
 120              	.LVL13:
 121              	.LFB321:
 300:../libDaisy/Middlewares/Third_Party/FatFs/src/option/ccsbcs.c **** 
 301:../libDaisy/Middlewares/Third_Party/FatFs/src/option/ccsbcs.c **** 
 302:../libDaisy/Middlewares/Third_Party/FatFs/src/option/ccsbcs.c **** 
 303:../libDaisy/Middlewares/Third_Party/FatFs/src/option/ccsbcs.c **** WCHAR ff_wtoupper (	/* Returns upper converted character */
 304:../libDaisy/Middlewares/Third_Party/FatFs/src/option/ccsbcs.c **** 	WCHAR chr		/* Unicode character to be upper converted (BMP only) */
 305:../libDaisy/Middlewares/Third_Party/FatFs/src/option/ccsbcs.c **** )
 306:../libDaisy/Middlewares/Third_Party/FatFs/src/option/ccsbcs.c **** {
 122              		.loc 1 306 1 is_stmt 1 view -0
 123              		.cfi_startproc
 124              		@ args = 0, pretend = 0, frame = 0
 125              		@ frame_needed = 0, uses_anonymous_args = 0
 307:../libDaisy/Middlewares/Third_Party/FatFs/src/option/ccsbcs.c **** 	/* Compressed upper conversion table */
 308:../libDaisy/Middlewares/Third_Party/FatFs/src/option/ccsbcs.c **** 	static const WCHAR cvt1[] = {	/* U+0000 - U+0FFF */
 126              		.loc 1 308 2 view .LVU29
 309:../libDaisy/Middlewares/Third_Party/FatFs/src/option/ccsbcs.c **** 		/* Basic Latin */
 310:../libDaisy/Middlewares/Third_Party/FatFs/src/option/ccsbcs.c **** 		0x0061,0x031A,
 311:../libDaisy/Middlewares/Third_Party/FatFs/src/option/ccsbcs.c **** 		/* Latin-1 Supplement */
 312:../libDaisy/Middlewares/Third_Party/FatFs/src/option/ccsbcs.c **** 		0x00E0,0x0317,  0x00F8,0x0307,  0x00FF,0x0001,0x0178,
 313:../libDaisy/Middlewares/Third_Party/FatFs/src/option/ccsbcs.c **** 		/* Latin Extended-A */
 314:../libDaisy/Middlewares/Third_Party/FatFs/src/option/ccsbcs.c **** 		0x0100,0x0130,  0x0132,0x0106,  0x0139,0x0110,  0x014A,0x012E,  0x0179,0x0106,
 315:../libDaisy/Middlewares/Third_Party/FatFs/src/option/ccsbcs.c **** 		/* Latin Extended-B */
 316:../libDaisy/Middlewares/Third_Party/FatFs/src/option/ccsbcs.c **** 		0x0180,0x004D,0x0243,0x0181,0x0182,0x0182,0x0184,0x0184,0x0186,0x0187,0x0187,0x0189,0x018A,0x018B
 317:../libDaisy/Middlewares/Third_Party/FatFs/src/option/ccsbcs.c **** 		0x01CD,0x0110,  0x01DD,0x0001,0x018E,  0x01DE,0x0112,  0x01F3,0x0003,0x01F1,0x01F4,0x01F4,  0x01F
 318:../libDaisy/Middlewares/Third_Party/FatFs/src/option/ccsbcs.c **** 		0x0222,0x0112,  0x023A,0x0009,0x2C65,0x023B,0x023B,0x023D,0x2C66,0x023F,0x0240,0x0241,0x0241,  0x
 319:../libDaisy/Middlewares/Third_Party/FatFs/src/option/ccsbcs.c **** 		/* IPA Extensions */
ARM GAS  /tmp/cc80TW21.s 			page 9


 320:../libDaisy/Middlewares/Third_Party/FatFs/src/option/ccsbcs.c **** 		0x0253,0x0040,0x0181,0x0186,0x0255,0x0189,0x018A,0x0258,0x018F,0x025A,0x0190,0x025C,0x025D,0x025E
 321:../libDaisy/Middlewares/Third_Party/FatFs/src/option/ccsbcs.c **** 		/* Greek, Coptic */
 322:../libDaisy/Middlewares/Third_Party/FatFs/src/option/ccsbcs.c **** 		0x037B,0x0003,0x03FD,0x03FE,0x03FF,  0x03AC,0x0004,0x0386,0x0388,0x0389,0x038A,  0x03B1,0x0311,
 323:../libDaisy/Middlewares/Third_Party/FatFs/src/option/ccsbcs.c **** 		0x03C2,0x0002,0x03A3,0x03A3,  0x03C4,0x0308,  0x03CC,0x0003,0x038C,0x038E,0x038F,  0x03D8,0x0118,
 324:../libDaisy/Middlewares/Third_Party/FatFs/src/option/ccsbcs.c **** 		0x03F2,0x000A,0x03F9,0x03F3,0x03F4,0x03F5,0x03F6,0x03F7,0x03F7,0x03F9,0x03FA,0x03FA,
 325:../libDaisy/Middlewares/Third_Party/FatFs/src/option/ccsbcs.c **** 		/* Cyrillic */
 326:../libDaisy/Middlewares/Third_Party/FatFs/src/option/ccsbcs.c **** 		0x0430,0x0320,  0x0450,0x0710,  0x0460,0x0122,  0x048A,0x0136,  0x04C1,0x010E,  0x04CF,0x0001,0x0
 327:../libDaisy/Middlewares/Third_Party/FatFs/src/option/ccsbcs.c **** 		/* Armenian */
 328:../libDaisy/Middlewares/Third_Party/FatFs/src/option/ccsbcs.c **** 		0x0561,0x0426,
 329:../libDaisy/Middlewares/Third_Party/FatFs/src/option/ccsbcs.c **** 
 330:../libDaisy/Middlewares/Third_Party/FatFs/src/option/ccsbcs.c **** 		0x0000
 331:../libDaisy/Middlewares/Third_Party/FatFs/src/option/ccsbcs.c **** 	};
 332:../libDaisy/Middlewares/Third_Party/FatFs/src/option/ccsbcs.c **** 	static const WCHAR cvt2[] = {	/* U+1000 - U+FFFF */
 127              		.loc 1 332 2 view .LVU30
 333:../libDaisy/Middlewares/Third_Party/FatFs/src/option/ccsbcs.c **** 		/* Phonetic Extensions */
 334:../libDaisy/Middlewares/Third_Party/FatFs/src/option/ccsbcs.c **** 		0x1D7D,0x0001,0x2C63,
 335:../libDaisy/Middlewares/Third_Party/FatFs/src/option/ccsbcs.c **** 		/* Latin Extended Additional */
 336:../libDaisy/Middlewares/Third_Party/FatFs/src/option/ccsbcs.c **** 		0x1E00,0x0196,  0x1EA0,0x015A,
 337:../libDaisy/Middlewares/Third_Party/FatFs/src/option/ccsbcs.c **** 		/* Greek Extended */
 338:../libDaisy/Middlewares/Third_Party/FatFs/src/option/ccsbcs.c **** 		0x1F00,0x0608,  0x1F10,0x0606,  0x1F20,0x0608,  0x1F30,0x0608,  0x1F40,0x0606,
 339:../libDaisy/Middlewares/Third_Party/FatFs/src/option/ccsbcs.c **** 		0x1F51,0x0007,0x1F59,0x1F52,0x1F5B,0x1F54,0x1F5D,0x1F56,0x1F5F,  0x1F60,0x0608,
 340:../libDaisy/Middlewares/Third_Party/FatFs/src/option/ccsbcs.c **** 		0x1F70,0x000E,0x1FBA,0x1FBB,0x1FC8,0x1FC9,0x1FCA,0x1FCB,0x1FDA,0x1FDB,0x1FF8,0x1FF9,0x1FEA,0x1FEB
 341:../libDaisy/Middlewares/Third_Party/FatFs/src/option/ccsbcs.c **** 		0x1F80,0x0608,  0x1F90,0x0608,  0x1FA0,0x0608,  0x1FB0,0x0004,0x1FB8,0x1FB9,0x1FB2,0x1FBC,
 342:../libDaisy/Middlewares/Third_Party/FatFs/src/option/ccsbcs.c **** 		0x1FCC,0x0001,0x1FC3,  0x1FD0,0x0602,  0x1FE0,0x0602,  0x1FE5,0x0001,0x1FEC,  0x1FF2,0x0001,0x1FF
 343:../libDaisy/Middlewares/Third_Party/FatFs/src/option/ccsbcs.c **** 		/* Letterlike Symbols */
 344:../libDaisy/Middlewares/Third_Party/FatFs/src/option/ccsbcs.c **** 		0x214E,0x0001,0x2132,
 345:../libDaisy/Middlewares/Third_Party/FatFs/src/option/ccsbcs.c **** 		/* Number forms */
 346:../libDaisy/Middlewares/Third_Party/FatFs/src/option/ccsbcs.c **** 		0x2170,0x0210,  0x2184,0x0001,0x2183,
 347:../libDaisy/Middlewares/Third_Party/FatFs/src/option/ccsbcs.c **** 		/* Enclosed Alphanumerics */
 348:../libDaisy/Middlewares/Third_Party/FatFs/src/option/ccsbcs.c **** 		0x24D0,0x051A,  0x2C30,0x042F,
 349:../libDaisy/Middlewares/Third_Party/FatFs/src/option/ccsbcs.c **** 		/* Latin Extended-C */
 350:../libDaisy/Middlewares/Third_Party/FatFs/src/option/ccsbcs.c **** 		0x2C60,0x0102,  0x2C67,0x0106, 0x2C75,0x0102,
 351:../libDaisy/Middlewares/Third_Party/FatFs/src/option/ccsbcs.c **** 		/* Coptic */
 352:../libDaisy/Middlewares/Third_Party/FatFs/src/option/ccsbcs.c **** 		0x2C80,0x0164,
 353:../libDaisy/Middlewares/Third_Party/FatFs/src/option/ccsbcs.c **** 		/* Georgian Supplement */
 354:../libDaisy/Middlewares/Third_Party/FatFs/src/option/ccsbcs.c **** 		0x2D00,0x0826,
 355:../libDaisy/Middlewares/Third_Party/FatFs/src/option/ccsbcs.c **** 		/* Full-width */
 356:../libDaisy/Middlewares/Third_Party/FatFs/src/option/ccsbcs.c **** 		0xFF41,0x031A,
 357:../libDaisy/Middlewares/Third_Party/FatFs/src/option/ccsbcs.c **** 
 358:../libDaisy/Middlewares/Third_Party/FatFs/src/option/ccsbcs.c **** 		0x0000
 359:../libDaisy/Middlewares/Third_Party/FatFs/src/option/ccsbcs.c **** 	};
 360:../libDaisy/Middlewares/Third_Party/FatFs/src/option/ccsbcs.c **** 	const WCHAR *p;
 128              		.loc 1 360 2 view .LVU31
 361:../libDaisy/Middlewares/Third_Party/FatFs/src/option/ccsbcs.c **** 	WCHAR bc, nc, cmd;
 129              		.loc 1 361 2 view .LVU32
 362:../libDaisy/Middlewares/Third_Party/FatFs/src/option/ccsbcs.c **** 
 363:../libDaisy/Middlewares/Third_Party/FatFs/src/option/ccsbcs.c **** 
 364:../libDaisy/Middlewares/Third_Party/FatFs/src/option/ccsbcs.c **** 	p = chr < 0x1000 ? cvt1 : cvt2;
 130              		.loc 1 364 2 view .LVU33
 131              		.loc 1 364 26 is_stmt 0 view .LVU34
 132 0000 1E4B     		ldr	r3, .L32
 133 0002 1F4A     		ldr	r2, .L32+4
 134 0004 B0F5805F 		cmp	r0, #4096
 135 0008 28BF     		it	cs
 136 000a 1346     		movcs	r3, r2
 306:../libDaisy/Middlewares/Third_Party/FatFs/src/option/ccsbcs.c **** 	/* Compressed upper conversion table */
 137              		.loc 1 306 1 view .LVU35
ARM GAS  /tmp/cc80TW21.s 			page 10


 138 000c 70B5     		push	{r4, r5, r6, lr}
 139              		.cfi_def_cfa_offset 16
 140              		.cfi_offset 4, -16
 141              		.cfi_offset 5, -12
 142              		.cfi_offset 6, -8
 143              		.cfi_offset 14, -4
 144              	.L25:
 145 000e 191D     		adds	r1, r3, #4
 146              	.L24:
 147              	.LVL14:
 365:../libDaisy/Middlewares/Third_Party/FatFs/src/option/ccsbcs.c **** 	for (;;) {
 148              		.loc 1 365 2 is_stmt 1 view .LVU36
 366:../libDaisy/Middlewares/Third_Party/FatFs/src/option/ccsbcs.c **** 		bc = *p++;								/* Get block base */
 149              		.loc 1 366 3 view .LVU37
 150              		.loc 1 366 6 is_stmt 0 view .LVU38
 151 0010 31F8043C 		ldrh	r3, [r1, #-4]
 152              	.LVL15:
 367:../libDaisy/Middlewares/Third_Party/FatFs/src/option/ccsbcs.c **** 		if (!bc || chr < bc) break;
 153              		.loc 1 367 3 is_stmt 1 view .LVU39
 154 0014 0A46     		mov	r2, r1
 155              		.loc 1 367 6 is_stmt 0 view .LVU40
 156 0016 ABB1     		cbz	r3, .L12
 157              		.loc 1 367 11 discriminator 1 view .LVU41
 158 0018 9842     		cmp	r0, r3
 159 001a 13D3     		bcc	.L12
 368:../libDaisy/Middlewares/Third_Party/FatFs/src/option/ccsbcs.c **** 		nc = *p++; cmd = nc >> 8; nc &= 0xFF;	/* Get processing command and block size */
 160              		.loc 1 368 3 is_stmt 1 view .LVU42
 161              	.LVL16:
 162              		.loc 1 368 6 is_stmt 0 view .LVU43
 163 001c 31F8024C 		ldrh	r4, [r1, #-2]
 164              	.LVL17:
 165              		.loc 1 368 14 is_stmt 1 view .LVU44
 166              		.loc 1 368 18 is_stmt 0 view .LVU45
 167 0020 250A     		lsrs	r5, r4, #8
 168              	.LVL18:
 169              		.loc 1 368 29 is_stmt 1 view .LVU46
 170              		.loc 1 368 32 is_stmt 0 view .LVU47
 171 0022 E6B2     		uxtb	r6, r4
 172              	.LVL19:
 369:../libDaisy/Middlewares/Third_Party/FatFs/src/option/ccsbcs.c **** 		if (chr < bc + nc) {	/* In the block? */
 173              		.loc 1 369 3 is_stmt 1 view .LVU48
 174              		.loc 1 369 16 is_stmt 0 view .LVU49
 175 0024 53FA84F4 		uxtab	r4, r3, r4
 176              		.loc 1 369 6 view .LVU50
 177 0028 A042     		cmp	r0, r4
 178 002a 21DA     		bge	.L13
 370:../libDaisy/Middlewares/Third_Party/FatFs/src/option/ccsbcs.c **** 			switch (cmd) {
 179              		.loc 1 370 4 is_stmt 1 view .LVU51
 180 002c 082D     		cmp	r5, #8
 181 002e 09D8     		bhi	.L12
 182 0030 DFE805F0 		tbb	[pc, r5]
 183              	.L15:
 184 0034 05       		.byte	(.L23-.L15)/2
 185 0035 09       		.byte	(.L22-.L15)/2
 186 0036 0F       		.byte	(.L21-.L15)/2
 187 0037 11       		.byte	(.L20-.L15)/2
 188 0038 13       		.byte	(.L19-.L15)/2
ARM GAS  /tmp/cc80TW21.s 			page 11


 189 0039 15       		.byte	(.L18-.L15)/2
 190 003a 17       		.byte	(.L17-.L15)/2
 191 003b 19       		.byte	(.L16-.L15)/2
 192 003c 1B       		.byte	(.L14-.L15)/2
 193 003d 00       		.p2align 1
 194              	.L23:
 371:../libDaisy/Middlewares/Third_Party/FatFs/src/option/ccsbcs.c **** 			case 0:	chr = p[chr - bc]; break;		/* Table conversion */
 195              		.loc 1 371 12 view .LVU52
 196              		.loc 1 371 24 is_stmt 0 view .LVU53
 197 003e C01A     		subs	r0, r0, r3
 198              	.LVL20:
 199              		.loc 1 371 16 view .LVU54
 200 0040 31F81000 		ldrh	r0, [r1, r0, lsl #1]
 201              	.LVL21:
 202              		.loc 1 371 31 is_stmt 1 view .LVU55
 203              	.L12:
 372:../libDaisy/Middlewares/Third_Party/FatFs/src/option/ccsbcs.c **** 			case 1:	chr -= (chr - bc) & 1; break;	/* Case pairs */
 373:../libDaisy/Middlewares/Third_Party/FatFs/src/option/ccsbcs.c **** 			case 2: chr -= 16; break;				/* Shift -16 */
 374:../libDaisy/Middlewares/Third_Party/FatFs/src/option/ccsbcs.c **** 			case 3:	chr -= 32; break;				/* Shift -32 */
 375:../libDaisy/Middlewares/Third_Party/FatFs/src/option/ccsbcs.c **** 			case 4:	chr -= 48; break;				/* Shift -48 */
 376:../libDaisy/Middlewares/Third_Party/FatFs/src/option/ccsbcs.c **** 			case 5:	chr -= 26; break;				/* Shift -26 */
 377:../libDaisy/Middlewares/Third_Party/FatFs/src/option/ccsbcs.c **** 			case 6:	chr += 8; break;				/* Shift +8 */
 378:../libDaisy/Middlewares/Third_Party/FatFs/src/option/ccsbcs.c **** 			case 7: chr -= 80; break;				/* Shift -80 */
 379:../libDaisy/Middlewares/Third_Party/FatFs/src/option/ccsbcs.c **** 			case 8:	chr -= 0x1C60; break;			/* Shift -0x1C60 */
 380:../libDaisy/Middlewares/Third_Party/FatFs/src/option/ccsbcs.c **** 			}
 381:../libDaisy/Middlewares/Third_Party/FatFs/src/option/ccsbcs.c **** 			break;
 382:../libDaisy/Middlewares/Third_Party/FatFs/src/option/ccsbcs.c **** 		}
 383:../libDaisy/Middlewares/Third_Party/FatFs/src/option/ccsbcs.c **** 		if (!cmd) p += nc;
 384:../libDaisy/Middlewares/Third_Party/FatFs/src/option/ccsbcs.c **** 	}
 385:../libDaisy/Middlewares/Third_Party/FatFs/src/option/ccsbcs.c **** 
 386:../libDaisy/Middlewares/Third_Party/FatFs/src/option/ccsbcs.c **** 	return chr;
 204              		.loc 1 386 2 view .LVU56
 387:../libDaisy/Middlewares/Third_Party/FatFs/src/option/ccsbcs.c **** }
 205              		.loc 1 387 1 is_stmt 0 view .LVU57
 206 0044 70BD     		pop	{r4, r5, r6, pc}
 207              	.LVL22:
 208              	.L22:
 372:../libDaisy/Middlewares/Third_Party/FatFs/src/option/ccsbcs.c **** 			case 1:	chr -= (chr - bc) & 1; break;	/* Case pairs */
 209              		.loc 1 372 12 is_stmt 1 view .LVU58
 372:../libDaisy/Middlewares/Third_Party/FatFs/src/option/ccsbcs.c **** 			case 1:	chr -= (chr - bc) & 1; break;	/* Case pairs */
 210              		.loc 1 372 30 is_stmt 0 view .LVU59
 211 0046 C31A     		subs	r3, r0, r3
 212              	.LVL23:
 372:../libDaisy/Middlewares/Third_Party/FatFs/src/option/ccsbcs.c **** 			case 1:	chr -= (chr - bc) & 1; break;	/* Case pairs */
 213              		.loc 1 372 30 view .LVU60
 214 0048 03F00103 		and	r3, r3, #1
 372:../libDaisy/Middlewares/Third_Party/FatFs/src/option/ccsbcs.c **** 			case 1:	chr -= (chr - bc) & 1; break;	/* Case pairs */
 215              		.loc 1 372 16 view .LVU61
 216 004c C01A     		subs	r0, r0, r3
 217              	.LVL24:
 218              	.L31:
 379:../libDaisy/Middlewares/Third_Party/FatFs/src/option/ccsbcs.c **** 			}
 219              		.loc 1 379 16 view .LVU62
 220 004e 80B2     		uxth	r0, r0
 221              	.LVL25:
 379:../libDaisy/Middlewares/Third_Party/FatFs/src/option/ccsbcs.c **** 			}
 222              		.loc 1 379 27 is_stmt 1 view .LVU63
ARM GAS  /tmp/cc80TW21.s 			page 12


 379:../libDaisy/Middlewares/Third_Party/FatFs/src/option/ccsbcs.c **** 			}
 223              		.loc 1 379 4 is_stmt 0 view .LVU64
 224 0050 F8E7     		b	.L12
 225              	.LVL26:
 226              	.L21:
 373:../libDaisy/Middlewares/Third_Party/FatFs/src/option/ccsbcs.c **** 			case 3:	chr -= 32; break;				/* Shift -32 */
 227              		.loc 1 373 12 is_stmt 1 view .LVU65
 373:../libDaisy/Middlewares/Third_Party/FatFs/src/option/ccsbcs.c **** 			case 3:	chr -= 32; break;				/* Shift -32 */
 228              		.loc 1 373 16 is_stmt 0 view .LVU66
 229 0052 1038     		subs	r0, r0, #16
 230              	.LVL27:
 373:../libDaisy/Middlewares/Third_Party/FatFs/src/option/ccsbcs.c **** 			case 3:	chr -= 32; break;				/* Shift -32 */
 231              		.loc 1 373 16 view .LVU67
 232 0054 FBE7     		b	.L31
 233              	.LVL28:
 234              	.L20:
 374:../libDaisy/Middlewares/Third_Party/FatFs/src/option/ccsbcs.c **** 			case 4:	chr -= 48; break;				/* Shift -48 */
 235              		.loc 1 374 12 is_stmt 1 view .LVU68
 374:../libDaisy/Middlewares/Third_Party/FatFs/src/option/ccsbcs.c **** 			case 4:	chr -= 48; break;				/* Shift -48 */
 236              		.loc 1 374 16 is_stmt 0 view .LVU69
 237 0056 2038     		subs	r0, r0, #32
 238              	.LVL29:
 374:../libDaisy/Middlewares/Third_Party/FatFs/src/option/ccsbcs.c **** 			case 4:	chr -= 48; break;				/* Shift -48 */
 239              		.loc 1 374 16 view .LVU70
 240 0058 F9E7     		b	.L31
 241              	.LVL30:
 242              	.L19:
 375:../libDaisy/Middlewares/Third_Party/FatFs/src/option/ccsbcs.c **** 			case 5:	chr -= 26; break;				/* Shift -26 */
 243              		.loc 1 375 12 is_stmt 1 view .LVU71
 375:../libDaisy/Middlewares/Third_Party/FatFs/src/option/ccsbcs.c **** 			case 5:	chr -= 26; break;				/* Shift -26 */
 244              		.loc 1 375 16 is_stmt 0 view .LVU72
 245 005a 3038     		subs	r0, r0, #48
 246              	.LVL31:
 375:../libDaisy/Middlewares/Third_Party/FatFs/src/option/ccsbcs.c **** 			case 5:	chr -= 26; break;				/* Shift -26 */
 247              		.loc 1 375 16 view .LVU73
 248 005c F7E7     		b	.L31
 249              	.LVL32:
 250              	.L18:
 376:../libDaisy/Middlewares/Third_Party/FatFs/src/option/ccsbcs.c **** 			case 6:	chr += 8; break;				/* Shift +8 */
 251              		.loc 1 376 12 is_stmt 1 view .LVU74
 376:../libDaisy/Middlewares/Third_Party/FatFs/src/option/ccsbcs.c **** 			case 6:	chr += 8; break;				/* Shift +8 */
 252              		.loc 1 376 16 is_stmt 0 view .LVU75
 253 005e 1A38     		subs	r0, r0, #26
 254              	.LVL33:
 376:../libDaisy/Middlewares/Third_Party/FatFs/src/option/ccsbcs.c **** 			case 6:	chr += 8; break;				/* Shift +8 */
 255              		.loc 1 376 16 view .LVU76
 256 0060 F5E7     		b	.L31
 257              	.LVL34:
 258              	.L17:
 377:../libDaisy/Middlewares/Third_Party/FatFs/src/option/ccsbcs.c **** 			case 7: chr -= 80; break;				/* Shift -80 */
 259              		.loc 1 377 12 is_stmt 1 view .LVU77
 377:../libDaisy/Middlewares/Third_Party/FatFs/src/option/ccsbcs.c **** 			case 7: chr -= 80; break;				/* Shift -80 */
 260              		.loc 1 377 16 is_stmt 0 view .LVU78
 261 0062 0830     		adds	r0, r0, #8
 262              	.LVL35:
 377:../libDaisy/Middlewares/Third_Party/FatFs/src/option/ccsbcs.c **** 			case 7: chr -= 80; break;				/* Shift -80 */
 263              		.loc 1 377 16 view .LVU79
ARM GAS  /tmp/cc80TW21.s 			page 13


 264 0064 F3E7     		b	.L31
 265              	.LVL36:
 266              	.L16:
 378:../libDaisy/Middlewares/Third_Party/FatFs/src/option/ccsbcs.c **** 			case 8:	chr -= 0x1C60; break;			/* Shift -0x1C60 */
 267              		.loc 1 378 12 is_stmt 1 view .LVU80
 378:../libDaisy/Middlewares/Third_Party/FatFs/src/option/ccsbcs.c **** 			case 8:	chr -= 0x1C60; break;			/* Shift -0x1C60 */
 268              		.loc 1 378 16 is_stmt 0 view .LVU81
 269 0066 5038     		subs	r0, r0, #80
 270              	.LVL37:
 378:../libDaisy/Middlewares/Third_Party/FatFs/src/option/ccsbcs.c **** 			case 8:	chr -= 0x1C60; break;			/* Shift -0x1C60 */
 271              		.loc 1 378 16 view .LVU82
 272 0068 F1E7     		b	.L31
 273              	.LVL38:
 274              	.L14:
 379:../libDaisy/Middlewares/Third_Party/FatFs/src/option/ccsbcs.c **** 			}
 275              		.loc 1 379 12 is_stmt 1 view .LVU83
 379:../libDaisy/Middlewares/Third_Party/FatFs/src/option/ccsbcs.c **** 			}
 276              		.loc 1 379 16 is_stmt 0 view .LVU84
 277 006a A0F5E350 		sub	r0, r0, #7264
 278              	.LVL39:
 379:../libDaisy/Middlewares/Third_Party/FatFs/src/option/ccsbcs.c **** 			}
 279              		.loc 1 379 16 view .LVU85
 280 006e EEE7     		b	.L31
 281              	.LVL40:
 282              	.L13:
 383:../libDaisy/Middlewares/Third_Party/FatFs/src/option/ccsbcs.c **** 	}
 283              		.loc 1 383 3 is_stmt 1 view .LVU86
 383:../libDaisy/Middlewares/Third_Party/FatFs/src/option/ccsbcs.c **** 	}
 284              		.loc 1 383 6 is_stmt 0 view .LVU87
 285 0070 0431     		adds	r1, r1, #4
 286              	.LVL41:
 383:../libDaisy/Middlewares/Third_Party/FatFs/src/option/ccsbcs.c **** 	}
 287              		.loc 1 383 6 view .LVU88
 288 0072 002D     		cmp	r5, #0
 289 0074 CCD1     		bne	.L24
 383:../libDaisy/Middlewares/Third_Party/FatFs/src/option/ccsbcs.c **** 	}
 290              		.loc 1 383 13 is_stmt 1 discriminator 1 view .LVU89
 383:../libDaisy/Middlewares/Third_Party/FatFs/src/option/ccsbcs.c **** 	}
 291              		.loc 1 383 15 is_stmt 0 discriminator 1 view .LVU90
 292 0076 02EB4603 		add	r3, r2, r6, lsl #1
 293              	.LVL42:
 383:../libDaisy/Middlewares/Third_Party/FatFs/src/option/ccsbcs.c **** 	}
 294              		.loc 1 383 15 discriminator 1 view .LVU91
 295 007a C8E7     		b	.L25
 296              	.L33:
 297              		.align	2
 298              	.L32:
 299 007c 00000000 		.word	.LANCHOR1
 300 0080 00000000 		.word	.LANCHOR2
 301              		.cfi_endproc
 302              	.LFE321:
 304              		.section	.rodata.Tbl,"a"
 305              		.align	1
 306              		.set	.LANCHOR0,. + 0
 309              	Tbl:
 310 0000 C700     		.short	199
 311 0002 FC00     		.short	252
ARM GAS  /tmp/cc80TW21.s 			page 14


 312 0004 E900     		.short	233
 313 0006 E200     		.short	226
 314 0008 E400     		.short	228
 315 000a E000     		.short	224
 316 000c E500     		.short	229
 317 000e E700     		.short	231
 318 0010 EA00     		.short	234
 319 0012 EB00     		.short	235
 320 0014 E800     		.short	232
 321 0016 EF00     		.short	239
 322 0018 EE00     		.short	238
 323 001a EC00     		.short	236
 324 001c C400     		.short	196
 325 001e C500     		.short	197
 326 0020 C900     		.short	201
 327 0022 E600     		.short	230
 328 0024 C600     		.short	198
 329 0026 F400     		.short	244
 330 0028 F600     		.short	246
 331 002a F200     		.short	242
 332 002c FB00     		.short	251
 333 002e F900     		.short	249
 334 0030 FF00     		.short	255
 335 0032 D600     		.short	214
 336 0034 DC00     		.short	220
 337 0036 F800     		.short	248
 338 0038 A300     		.short	163
 339 003a D800     		.short	216
 340 003c D700     		.short	215
 341 003e 9201     		.short	402
 342 0040 E100     		.short	225
 343 0042 ED00     		.short	237
 344 0044 F300     		.short	243
 345 0046 FA00     		.short	250
 346 0048 F100     		.short	241
 347 004a D100     		.short	209
 348 004c AA00     		.short	170
 349 004e BA00     		.short	186
 350 0050 BF00     		.short	191
 351 0052 AE00     		.short	174
 352 0054 AC00     		.short	172
 353 0056 BD00     		.short	189
 354 0058 BC00     		.short	188
 355 005a A100     		.short	161
 356 005c AB00     		.short	171
 357 005e BB00     		.short	187
 358 0060 9125     		.short	9617
 359 0062 9225     		.short	9618
 360 0064 9325     		.short	9619
 361 0066 0225     		.short	9474
 362 0068 2425     		.short	9508
 363 006a C100     		.short	193
 364 006c C200     		.short	194
 365 006e C000     		.short	192
 366 0070 A900     		.short	169
 367 0072 6325     		.short	9571
 368 0074 5125     		.short	9553
ARM GAS  /tmp/cc80TW21.s 			page 15


 369 0076 5725     		.short	9559
 370 0078 5D25     		.short	9565
 371 007a A200     		.short	162
 372 007c A500     		.short	165
 373 007e 1025     		.short	9488
 374 0080 1425     		.short	9492
 375 0082 3425     		.short	9524
 376 0084 2C25     		.short	9516
 377 0086 1C25     		.short	9500
 378 0088 0025     		.short	9472
 379 008a 3C25     		.short	9532
 380 008c E300     		.short	227
 381 008e C300     		.short	195
 382 0090 5A25     		.short	9562
 383 0092 5425     		.short	9556
 384 0094 6925     		.short	9577
 385 0096 6625     		.short	9574
 386 0098 6025     		.short	9568
 387 009a 5025     		.short	9552
 388 009c 6C25     		.short	9580
 389 009e A400     		.short	164
 390 00a0 F000     		.short	240
 391 00a2 D000     		.short	208
 392 00a4 CA00     		.short	202
 393 00a6 CB00     		.short	203
 394 00a8 C800     		.short	200
 395 00aa 3101     		.short	305
 396 00ac CD00     		.short	205
 397 00ae CE00     		.short	206
 398 00b0 CF00     		.short	207
 399 00b2 1825     		.short	9496
 400 00b4 0C25     		.short	9484
 401 00b6 8825     		.short	9608
 402 00b8 8425     		.short	9604
 403 00ba A600     		.short	166
 404 00bc CC00     		.short	204
 405 00be 8025     		.short	9600
 406 00c0 D300     		.short	211
 407 00c2 DF00     		.short	223
 408 00c4 D400     		.short	212
 409 00c6 D200     		.short	210
 410 00c8 F500     		.short	245
 411 00ca D500     		.short	213
 412 00cc B500     		.short	181
 413 00ce FE00     		.short	254
 414 00d0 DE00     		.short	222
 415 00d2 DA00     		.short	218
 416 00d4 DB00     		.short	219
 417 00d6 D900     		.short	217
 418 00d8 FD00     		.short	253
 419 00da DD00     		.short	221
 420 00dc AF00     		.short	175
 421 00de B400     		.short	180
 422 00e0 AD00     		.short	173
 423 00e2 B100     		.short	177
 424 00e4 1720     		.short	8215
 425 00e6 BE00     		.short	190
ARM GAS  /tmp/cc80TW21.s 			page 16


 426 00e8 B600     		.short	182
 427 00ea A700     		.short	167
 428 00ec F700     		.short	247
 429 00ee B800     		.short	184
 430 00f0 B000     		.short	176
 431 00f2 A800     		.short	168
 432 00f4 B700     		.short	183
 433 00f6 B900     		.short	185
 434 00f8 B300     		.short	179
 435 00fa B200     		.short	178
 436 00fc A025     		.short	9632
 437 00fe A000     		.short	160
 438              		.section	.rodata.cvt1.1,"a"
 439              		.align	1
 440              		.set	.LANCHOR1,. + 0
 443              	cvt1.1:
 444 0000 6100     		.short	97
 445 0002 1A03     		.short	794
 446 0004 E000     		.short	224
 447 0006 1703     		.short	791
 448 0008 F800     		.short	248
 449 000a 0703     		.short	775
 450 000c FF00     		.short	255
 451 000e 0100     		.short	1
 452 0010 7801     		.short	376
 453 0012 0001     		.short	256
 454 0014 3001     		.short	304
 455 0016 3201     		.short	306
 456 0018 0601     		.short	262
 457 001a 3901     		.short	313
 458 001c 1001     		.short	272
 459 001e 4A01     		.short	330
 460 0020 2E01     		.short	302
 461 0022 7901     		.short	377
 462 0024 0601     		.short	262
 463 0026 8001     		.short	384
 464 0028 4D00     		.short	77
 465 002a 4302     		.short	579
 466 002c 8101     		.short	385
 467 002e 8201     		.short	386
 468 0030 8201     		.short	386
 469 0032 8401     		.short	388
 470 0034 8401     		.short	388
 471 0036 8601     		.short	390
 472 0038 8701     		.short	391
 473 003a 8701     		.short	391
 474 003c 8901     		.short	393
 475 003e 8A01     		.short	394
 476 0040 8B01     		.short	395
 477 0042 8B01     		.short	395
 478 0044 8D01     		.short	397
 479 0046 8E01     		.short	398
 480 0048 8F01     		.short	399
 481 004a 9001     		.short	400
 482 004c 9101     		.short	401
 483 004e 9101     		.short	401
 484 0050 9301     		.short	403
ARM GAS  /tmp/cc80TW21.s 			page 17


 485 0052 9401     		.short	404
 486 0054 F601     		.short	502
 487 0056 9601     		.short	406
 488 0058 9701     		.short	407
 489 005a 9801     		.short	408
 490 005c 9801     		.short	408
 491 005e 3D02     		.short	573
 492 0060 9B01     		.short	411
 493 0062 9C01     		.short	412
 494 0064 9D01     		.short	413
 495 0066 2002     		.short	544
 496 0068 9F01     		.short	415
 497 006a A001     		.short	416
 498 006c A001     		.short	416
 499 006e A201     		.short	418
 500 0070 A201     		.short	418
 501 0072 A401     		.short	420
 502 0074 A401     		.short	420
 503 0076 A601     		.short	422
 504 0078 A701     		.short	423
 505 007a A701     		.short	423
 506 007c A901     		.short	425
 507 007e AA01     		.short	426
 508 0080 AB01     		.short	427
 509 0082 AC01     		.short	428
 510 0084 AC01     		.short	428
 511 0086 AE01     		.short	430
 512 0088 AF01     		.short	431
 513 008a AF01     		.short	431
 514 008c B101     		.short	433
 515 008e B201     		.short	434
 516 0090 B301     		.short	435
 517 0092 B301     		.short	435
 518 0094 B501     		.short	437
 519 0096 B501     		.short	437
 520 0098 B701     		.short	439
 521 009a B801     		.short	440
 522 009c B801     		.short	440
 523 009e BA01     		.short	442
 524 00a0 BB01     		.short	443
 525 00a2 BC01     		.short	444
 526 00a4 BC01     		.short	444
 527 00a6 BE01     		.short	446
 528 00a8 F701     		.short	503
 529 00aa C001     		.short	448
 530 00ac C101     		.short	449
 531 00ae C201     		.short	450
 532 00b0 C301     		.short	451
 533 00b2 C401     		.short	452
 534 00b4 C501     		.short	453
 535 00b6 C401     		.short	452
 536 00b8 C701     		.short	455
 537 00ba C801     		.short	456
 538 00bc C701     		.short	455
 539 00be CA01     		.short	458
 540 00c0 CB01     		.short	459
 541 00c2 CA01     		.short	458
ARM GAS  /tmp/cc80TW21.s 			page 18


 542 00c4 CD01     		.short	461
 543 00c6 1001     		.short	272
 544 00c8 DD01     		.short	477
 545 00ca 0100     		.short	1
 546 00cc 8E01     		.short	398
 547 00ce DE01     		.short	478
 548 00d0 1201     		.short	274
 549 00d2 F301     		.short	499
 550 00d4 0300     		.short	3
 551 00d6 F101     		.short	497
 552 00d8 F401     		.short	500
 553 00da F401     		.short	500
 554 00dc F801     		.short	504
 555 00de 2801     		.short	296
 556 00e0 2202     		.short	546
 557 00e2 1201     		.short	274
 558 00e4 3A02     		.short	570
 559 00e6 0900     		.short	9
 560 00e8 652C     		.short	11365
 561 00ea 3B02     		.short	571
 562 00ec 3B02     		.short	571
 563 00ee 3D02     		.short	573
 564 00f0 662C     		.short	11366
 565 00f2 3F02     		.short	575
 566 00f4 4002     		.short	576
 567 00f6 4102     		.short	577
 568 00f8 4102     		.short	577
 569 00fa 4602     		.short	582
 570 00fc 0A01     		.short	266
 571 00fe 5302     		.short	595
 572 0100 4000     		.short	64
 573 0102 8101     		.short	385
 574 0104 8601     		.short	390
 575 0106 5502     		.short	597
 576 0108 8901     		.short	393
 577 010a 8A01     		.short	394
 578 010c 5802     		.short	600
 579 010e 8F01     		.short	399
 580 0110 5A02     		.short	602
 581 0112 9001     		.short	400
 582 0114 5C02     		.short	604
 583 0116 5D02     		.short	605
 584 0118 5E02     		.short	606
 585 011a 5F02     		.short	607
 586 011c 9301     		.short	403
 587 011e 6102     		.short	609
 588 0120 6202     		.short	610
 589 0122 9401     		.short	404
 590 0124 6402     		.short	612
 591 0126 6502     		.short	613
 592 0128 6602     		.short	614
 593 012a 6702     		.short	615
 594 012c 9701     		.short	407
 595 012e 9601     		.short	406
 596 0130 6A02     		.short	618
 597 0132 622C     		.short	11362
 598 0134 6C02     		.short	620
ARM GAS  /tmp/cc80TW21.s 			page 19


 599 0136 6D02     		.short	621
 600 0138 6E02     		.short	622
 601 013a 9C01     		.short	412
 602 013c 7002     		.short	624
 603 013e 7102     		.short	625
 604 0140 9D01     		.short	413
 605 0142 7302     		.short	627
 606 0144 7402     		.short	628
 607 0146 9F01     		.short	415
 608 0148 7602     		.short	630
 609 014a 7702     		.short	631
 610 014c 7802     		.short	632
 611 014e 7902     		.short	633
 612 0150 7A02     		.short	634
 613 0152 7B02     		.short	635
 614 0154 7C02     		.short	636
 615 0156 642C     		.short	11364
 616 0158 7E02     		.short	638
 617 015a 7F02     		.short	639
 618 015c A601     		.short	422
 619 015e 8102     		.short	641
 620 0160 8202     		.short	642
 621 0162 A901     		.short	425
 622 0164 8402     		.short	644
 623 0166 8502     		.short	645
 624 0168 8602     		.short	646
 625 016a 8702     		.short	647
 626 016c AE01     		.short	430
 627 016e 4402     		.short	580
 628 0170 B101     		.short	433
 629 0172 B201     		.short	434
 630 0174 4502     		.short	581
 631 0176 8D02     		.short	653
 632 0178 8E02     		.short	654
 633 017a 8F02     		.short	655
 634 017c 9002     		.short	656
 635 017e 9102     		.short	657
 636 0180 B701     		.short	439
 637 0182 7B03     		.short	891
 638 0184 0300     		.short	3
 639 0186 FD03     		.short	1021
 640 0188 FE03     		.short	1022
 641 018a FF03     		.short	1023
 642 018c AC03     		.short	940
 643 018e 0400     		.short	4
 644 0190 8603     		.short	902
 645 0192 8803     		.short	904
 646 0194 8903     		.short	905
 647 0196 8A03     		.short	906
 648 0198 B103     		.short	945
 649 019a 1103     		.short	785
 650 019c C203     		.short	962
 651 019e 0200     		.short	2
 652 01a0 A303     		.short	931
 653 01a2 A303     		.short	931
 654 01a4 C403     		.short	964
 655 01a6 0803     		.short	776
ARM GAS  /tmp/cc80TW21.s 			page 20


 656 01a8 CC03     		.short	972
 657 01aa 0300     		.short	3
 658 01ac 8C03     		.short	908
 659 01ae 8E03     		.short	910
 660 01b0 8F03     		.short	911
 661 01b2 D803     		.short	984
 662 01b4 1801     		.short	280
 663 01b6 F203     		.short	1010
 664 01b8 0A00     		.short	10
 665 01ba F903     		.short	1017
 666 01bc F303     		.short	1011
 667 01be F403     		.short	1012
 668 01c0 F503     		.short	1013
 669 01c2 F603     		.short	1014
 670 01c4 F703     		.short	1015
 671 01c6 F703     		.short	1015
 672 01c8 F903     		.short	1017
 673 01ca FA03     		.short	1018
 674 01cc FA03     		.short	1018
 675 01ce 3004     		.short	1072
 676 01d0 2003     		.short	800
 677 01d2 5004     		.short	1104
 678 01d4 1007     		.short	1808
 679 01d6 6004     		.short	1120
 680 01d8 2201     		.short	290
 681 01da 8A04     		.short	1162
 682 01dc 3601     		.short	310
 683 01de C104     		.short	1217
 684 01e0 0E01     		.short	270
 685 01e2 CF04     		.short	1231
 686 01e4 0100     		.short	1
 687 01e6 C004     		.short	1216
 688 01e8 D004     		.short	1232
 689 01ea 4401     		.short	324
 690 01ec 6105     		.short	1377
 691 01ee 2604     		.short	1062
 692 01f0 0000     		.short	0
 693              		.section	.rodata.cvt2.0,"a"
 694              		.align	1
 695              		.set	.LANCHOR2,. + 0
 698              	cvt2.0:
 699 0000 7D1D     		.short	7549
 700 0002 0100     		.short	1
 701 0004 632C     		.short	11363
 702 0006 001E     		.short	7680
 703 0008 9601     		.short	406
 704 000a A01E     		.short	7840
 705 000c 5A01     		.short	346
 706 000e 001F     		.short	7936
 707 0010 0806     		.short	1544
 708 0012 101F     		.short	7952
 709 0014 0606     		.short	1542
 710 0016 201F     		.short	7968
 711 0018 0806     		.short	1544
 712 001a 301F     		.short	7984
 713 001c 0806     		.short	1544
 714 001e 401F     		.short	8000
ARM GAS  /tmp/cc80TW21.s 			page 21


 715 0020 0606     		.short	1542
 716 0022 511F     		.short	8017
 717 0024 0700     		.short	7
 718 0026 591F     		.short	8025
 719 0028 521F     		.short	8018
 720 002a 5B1F     		.short	8027
 721 002c 541F     		.short	8020
 722 002e 5D1F     		.short	8029
 723 0030 561F     		.short	8022
 724 0032 5F1F     		.short	8031
 725 0034 601F     		.short	8032
 726 0036 0806     		.short	1544
 727 0038 701F     		.short	8048
 728 003a 0E00     		.short	14
 729 003c BA1F     		.short	8122
 730 003e BB1F     		.short	8123
 731 0040 C81F     		.short	8136
 732 0042 C91F     		.short	8137
 733 0044 CA1F     		.short	8138
 734 0046 CB1F     		.short	8139
 735 0048 DA1F     		.short	8154
 736 004a DB1F     		.short	8155
 737 004c F81F     		.short	8184
 738 004e F91F     		.short	8185
 739 0050 EA1F     		.short	8170
 740 0052 EB1F     		.short	8171
 741 0054 FA1F     		.short	8186
 742 0056 FB1F     		.short	8187
 743 0058 801F     		.short	8064
 744 005a 0806     		.short	1544
 745 005c 901F     		.short	8080
 746 005e 0806     		.short	1544
 747 0060 A01F     		.short	8096
 748 0062 0806     		.short	1544
 749 0064 B01F     		.short	8112
 750 0066 0400     		.short	4
 751 0068 B81F     		.short	8120
 752 006a B91F     		.short	8121
 753 006c B21F     		.short	8114
 754 006e BC1F     		.short	8124
 755 0070 CC1F     		.short	8140
 756 0072 0100     		.short	1
 757 0074 C31F     		.short	8131
 758 0076 D01F     		.short	8144
 759 0078 0206     		.short	1538
 760 007a E01F     		.short	8160
 761 007c 0206     		.short	1538
 762 007e E51F     		.short	8165
 763 0080 0100     		.short	1
 764 0082 EC1F     		.short	8172
 765 0084 F21F     		.short	8178
 766 0086 0100     		.short	1
 767 0088 FC1F     		.short	8188
 768 008a 4E21     		.short	8526
 769 008c 0100     		.short	1
 770 008e 3221     		.short	8498
 771 0090 7021     		.short	8560
ARM GAS  /tmp/cc80TW21.s 			page 22


 772 0092 1002     		.short	528
 773 0094 8421     		.short	8580
 774 0096 0100     		.short	1
 775 0098 8321     		.short	8579
 776 009a D024     		.short	9424
 777 009c 1A05     		.short	1306
 778 009e 302C     		.short	11312
 779 00a0 2F04     		.short	1071
 780 00a2 602C     		.short	11360
 781 00a4 0201     		.short	258
 782 00a6 672C     		.short	11367
 783 00a8 0601     		.short	262
 784 00aa 752C     		.short	11381
 785 00ac 0201     		.short	258
 786 00ae 802C     		.short	11392
 787 00b0 6401     		.short	356
 788 00b2 002D     		.short	11520
 789 00b4 2608     		.short	2086
 790 00b6 41FF     		.short	-191
 791 00b8 1A03     		.short	794
 792 00ba 0000     		.short	0
 793              		.text
 794              	.Letext0:
 795              		.file 2 "/home/hubert/daisy/gcc/arm-none-eabi/include/machine/_default_types.h"
 796              		.file 3 "/home/hubert/daisy/gcc/arm-none-eabi/include/sys/_stdint.h"
 797              		.file 4 "../libDaisy/Middlewares/Third_Party/FatFs/src/option/../integer.h"
ARM GAS  /tmp/cc80TW21.s 			page 23


DEFINED SYMBOLS
                            *ABS*:0000000000000000 ccsbcs.c
     /tmp/cc80TW21.s:17     .text.ff_convert:0000000000000000 $t
     /tmp/cc80TW21.s:25     .text.ff_convert:0000000000000000 ff_convert
     /tmp/cc80TW21.s:107    .text.ff_convert:0000000000000038 $d
     /tmp/cc80TW21.s:112    .text.ff_wtoupper:0000000000000000 $t
     /tmp/cc80TW21.s:119    .text.ff_wtoupper:0000000000000000 ff_wtoupper
     /tmp/cc80TW21.s:184    .text.ff_wtoupper:0000000000000034 $d
     /tmp/cc80TW21.s:299    .text.ff_wtoupper:000000000000007c $d
     /tmp/cc80TW21.s:305    .rodata.Tbl:0000000000000000 $d
     /tmp/cc80TW21.s:309    .rodata.Tbl:0000000000000000 Tbl
     /tmp/cc80TW21.s:439    .rodata.cvt1.1:0000000000000000 $d
     /tmp/cc80TW21.s:443    .rodata.cvt1.1:0000000000000000 cvt1.1
     /tmp/cc80TW21.s:694    .rodata.cvt2.0:0000000000000000 $d
     /tmp/cc80TW21.s:698    .rodata.cvt2.0:0000000000000000 cvt2.0
     /tmp/cc80TW21.s:193    .text.ff_wtoupper:000000000000003d $d
     /tmp/cc80TW21.s:193    .text.ff_wtoupper:000000000000003e $t

NO UNDEFINED SYMBOLS
