ARM GAS  /tmp/ccaToPQi.s 			page 1


   1              		.cpu cortex-m7
   2              		.eabi_attribute 28, 1
   3              		.eabi_attribute 20, 1
   4              		.eabi_attribute 21, 1
   5              		.eabi_attribute 23, 3
   6              		.eabi_attribute 24, 1
   7              		.eabi_attribute 25, 1
   8              		.eabi_attribute 26, 1
   9              		.eabi_attribute 30, 6
  10              		.eabi_attribute 34, 1
  11              		.eabi_attribute 18, 4
  12              		.file	"diskio.c"
  13              		.text
  14              	.Ltext0:
  15              		.cfi_sections	.debug_frame
  16              		.section	.text.disk_status,"ax",%progbits
  17              		.align	1
  18              		.global	disk_status
  19              		.arch armv7e-m
  20              		.syntax unified
  21              		.thumb
  22              		.thumb_func
  23              		.fpu fpv5-d16
  25              	disk_status:
  26              	.LFB320:
  27              		.file 1 "../libDaisy/Middlewares/Third_Party/FatFs/src/diskio.c"
   1:../libDaisy/Middlewares/Third_Party/FatFs/src/diskio.c **** /*-----------------------------------------------------------------------*/
   2:../libDaisy/Middlewares/Third_Party/FatFs/src/diskio.c **** /* Low level disk I/O module skeleton for FatFs     (C)ChaN, 2017        */
   3:../libDaisy/Middlewares/Third_Party/FatFs/src/diskio.c **** /*                                                                       */
   4:../libDaisy/Middlewares/Third_Party/FatFs/src/diskio.c **** /*   Portions COPYRIGHT 2017 STMicroelectronics                          */
   5:../libDaisy/Middlewares/Third_Party/FatFs/src/diskio.c **** /*   Portions Copyright (C) 2017, ChaN, all right reserved               */
   6:../libDaisy/Middlewares/Third_Party/FatFs/src/diskio.c **** /*-----------------------------------------------------------------------*/
   7:../libDaisy/Middlewares/Third_Party/FatFs/src/diskio.c **** /* If a working storage control module is available, it should be        */
   8:../libDaisy/Middlewares/Third_Party/FatFs/src/diskio.c **** /* attached to the FatFs via a glue function rather than modifying it.   */
   9:../libDaisy/Middlewares/Third_Party/FatFs/src/diskio.c **** /* This is an example of glue functions to attach various existing      */
  10:../libDaisy/Middlewares/Third_Party/FatFs/src/diskio.c **** /* storage control modules to the FatFs module with a defined API.       */
  11:../libDaisy/Middlewares/Third_Party/FatFs/src/diskio.c **** /*-----------------------------------------------------------------------*/
  12:../libDaisy/Middlewares/Third_Party/FatFs/src/diskio.c **** 
  13:../libDaisy/Middlewares/Third_Party/FatFs/src/diskio.c **** /* Includes ------------------------------------------------------------------*/
  14:../libDaisy/Middlewares/Third_Party/FatFs/src/diskio.c **** #include "diskio.h"
  15:../libDaisy/Middlewares/Third_Party/FatFs/src/diskio.c **** #include "ff_gen_drv.h"
  16:../libDaisy/Middlewares/Third_Party/FatFs/src/diskio.c **** 
  17:../libDaisy/Middlewares/Third_Party/FatFs/src/diskio.c **** #if defined ( __GNUC__ )
  18:../libDaisy/Middlewares/Third_Party/FatFs/src/diskio.c **** #ifndef __weak
  19:../libDaisy/Middlewares/Third_Party/FatFs/src/diskio.c **** #define __weak __attribute__((weak))
  20:../libDaisy/Middlewares/Third_Party/FatFs/src/diskio.c **** #endif
  21:../libDaisy/Middlewares/Third_Party/FatFs/src/diskio.c **** #endif
  22:../libDaisy/Middlewares/Third_Party/FatFs/src/diskio.c **** 
  23:../libDaisy/Middlewares/Third_Party/FatFs/src/diskio.c **** /* Private typedef -----------------------------------------------------------*/
  24:../libDaisy/Middlewares/Third_Party/FatFs/src/diskio.c **** /* Private define ------------------------------------------------------------*/
  25:../libDaisy/Middlewares/Third_Party/FatFs/src/diskio.c **** /* Private variables ---------------------------------------------------------*/
  26:../libDaisy/Middlewares/Third_Party/FatFs/src/diskio.c **** extern Disk_drvTypeDef  disk;
  27:../libDaisy/Middlewares/Third_Party/FatFs/src/diskio.c **** 
  28:../libDaisy/Middlewares/Third_Party/FatFs/src/diskio.c **** /* Private function prototypes -----------------------------------------------*/
  29:../libDaisy/Middlewares/Third_Party/FatFs/src/diskio.c **** /* Private functions ---------------------------------------------------------*/
  30:../libDaisy/Middlewares/Third_Party/FatFs/src/diskio.c **** 
  31:../libDaisy/Middlewares/Third_Party/FatFs/src/diskio.c **** /**
ARM GAS  /tmp/ccaToPQi.s 			page 2


  32:../libDaisy/Middlewares/Third_Party/FatFs/src/diskio.c ****   * @brief  Gets Disk Status
  33:../libDaisy/Middlewares/Third_Party/FatFs/src/diskio.c ****   * @param  pdrv: Physical drive number (0..)
  34:../libDaisy/Middlewares/Third_Party/FatFs/src/diskio.c ****   * @retval DSTATUS: Operation status
  35:../libDaisy/Middlewares/Third_Party/FatFs/src/diskio.c ****   */
  36:../libDaisy/Middlewares/Third_Party/FatFs/src/diskio.c **** DSTATUS disk_status (
  37:../libDaisy/Middlewares/Third_Party/FatFs/src/diskio.c **** 	BYTE pdrv		/* Physical drive number to identify the drive */
  38:../libDaisy/Middlewares/Third_Party/FatFs/src/diskio.c **** )
  39:../libDaisy/Middlewares/Third_Party/FatFs/src/diskio.c **** {
  28              		.loc 1 39 1
  29              		.cfi_startproc
  30              		@ args = 0, pretend = 0, frame = 16
  31              		@ frame_needed = 1, uses_anonymous_args = 0
  32 0000 80B5     		push	{r7, lr}
  33              		.cfi_def_cfa_offset 8
  34              		.cfi_offset 7, -8
  35              		.cfi_offset 14, -4
  36 0002 84B0     		sub	sp, sp, #16
  37              		.cfi_def_cfa_offset 24
  38 0004 00AF     		add	r7, sp, #0
  39              		.cfi_def_cfa_register 7
  40 0006 0346     		mov	r3, r0
  41 0008 FB71     		strb	r3, [r7, #7]
  40:../libDaisy/Middlewares/Third_Party/FatFs/src/diskio.c ****   DSTATUS stat;
  41:../libDaisy/Middlewares/Third_Party/FatFs/src/diskio.c **** 
  42:../libDaisy/Middlewares/Third_Party/FatFs/src/diskio.c ****   stat = disk.drv[pdrv]->disk_status(disk.lun[pdrv]);
  42              		.loc 1 42 18
  43 000a FB79     		ldrb	r3, [r7, #7]	@ zero_extendqisi2
  44 000c 084A     		ldr	r2, .L3
  45 000e 9B00     		lsls	r3, r3, #2
  46 0010 1344     		add	r3, r3, r2
  47 0012 5B68     		ldr	r3, [r3, #4]
  48              		.loc 1 42 24
  49 0014 5B68     		ldr	r3, [r3, #4]
  50              		.loc 1 42 10
  51 0016 FA79     		ldrb	r2, [r7, #7]	@ zero_extendqisi2
  52 0018 0549     		ldr	r1, .L3
  53 001a 0A44     		add	r2, r2, r1
  54 001c 127B     		ldrb	r2, [r2, #12]	@ zero_extendqisi2
  55 001e 1046     		mov	r0, r2
  56 0020 9847     		blx	r3
  57              	.LVL0:
  58 0022 0346     		mov	r3, r0
  59 0024 FB73     		strb	r3, [r7, #15]
  43:../libDaisy/Middlewares/Third_Party/FatFs/src/diskio.c ****   return stat;
  60              		.loc 1 43 10
  61 0026 FB7B     		ldrb	r3, [r7, #15]	@ zero_extendqisi2
  44:../libDaisy/Middlewares/Third_Party/FatFs/src/diskio.c **** }
  62              		.loc 1 44 1
  63 0028 1846     		mov	r0, r3
  64 002a 1037     		adds	r7, r7, #16
  65              		.cfi_def_cfa_offset 8
  66 002c BD46     		mov	sp, r7
  67              		.cfi_def_cfa_register 13
  68              		@ sp needed
  69 002e 80BD     		pop	{r7, pc}
  70              	.L4:
  71              		.align	2
ARM GAS  /tmp/ccaToPQi.s 			page 3


  72              	.L3:
  73 0030 00000000 		.word	disk
  74              		.cfi_endproc
  75              	.LFE320:
  77              		.section	.text.disk_initialize,"ax",%progbits
  78              		.align	1
  79              		.global	disk_initialize
  80              		.syntax unified
  81              		.thumb
  82              		.thumb_func
  83              		.fpu fpv5-d16
  85              	disk_initialize:
  86              	.LFB321:
  45:../libDaisy/Middlewares/Third_Party/FatFs/src/diskio.c **** 
  46:../libDaisy/Middlewares/Third_Party/FatFs/src/diskio.c **** /**
  47:../libDaisy/Middlewares/Third_Party/FatFs/src/diskio.c ****   * @brief  Initializes a Drive
  48:../libDaisy/Middlewares/Third_Party/FatFs/src/diskio.c ****   * @param  pdrv: Physical drive number (0..)
  49:../libDaisy/Middlewares/Third_Party/FatFs/src/diskio.c ****   * @retval DSTATUS: Operation status
  50:../libDaisy/Middlewares/Third_Party/FatFs/src/diskio.c ****   */
  51:../libDaisy/Middlewares/Third_Party/FatFs/src/diskio.c **** DSTATUS disk_initialize (
  52:../libDaisy/Middlewares/Third_Party/FatFs/src/diskio.c **** 	BYTE pdrv				/* Physical drive nmuber to identify the drive */
  53:../libDaisy/Middlewares/Third_Party/FatFs/src/diskio.c **** )
  54:../libDaisy/Middlewares/Third_Party/FatFs/src/diskio.c **** {
  87              		.loc 1 54 1
  88              		.cfi_startproc
  89              		@ args = 0, pretend = 0, frame = 16
  90              		@ frame_needed = 1, uses_anonymous_args = 0
  91 0000 80B5     		push	{r7, lr}
  92              		.cfi_def_cfa_offset 8
  93              		.cfi_offset 7, -8
  94              		.cfi_offset 14, -4
  95 0002 84B0     		sub	sp, sp, #16
  96              		.cfi_def_cfa_offset 24
  97 0004 00AF     		add	r7, sp, #0
  98              		.cfi_def_cfa_register 7
  99 0006 0346     		mov	r3, r0
 100 0008 FB71     		strb	r3, [r7, #7]
  55:../libDaisy/Middlewares/Third_Party/FatFs/src/diskio.c ****   DSTATUS stat = RES_OK;
 101              		.loc 1 55 11
 102 000a 0023     		movs	r3, #0
 103 000c FB73     		strb	r3, [r7, #15]
  56:../libDaisy/Middlewares/Third_Party/FatFs/src/diskio.c **** 
  57:../libDaisy/Middlewares/Third_Party/FatFs/src/diskio.c ****   if(disk.is_initialized[pdrv] == 0)
 104              		.loc 1 57 25
 105 000e FB79     		ldrb	r3, [r7, #7]	@ zero_extendqisi2
 106 0010 0D4A     		ldr	r2, .L8
 107 0012 D35C     		ldrb	r3, [r2, r3]	@ zero_extendqisi2
 108              		.loc 1 57 5
 109 0014 002B     		cmp	r3, #0
 110 0016 11D1     		bne	.L6
  58:../libDaisy/Middlewares/Third_Party/FatFs/src/diskio.c ****   {
  59:../libDaisy/Middlewares/Third_Party/FatFs/src/diskio.c ****     disk.is_initialized[pdrv] = 1;
 111              		.loc 1 59 24
 112 0018 FB79     		ldrb	r3, [r7, #7]	@ zero_extendqisi2
 113              		.loc 1 59 31
 114 001a 0B4A     		ldr	r2, .L8
 115 001c 0121     		movs	r1, #1
ARM GAS  /tmp/ccaToPQi.s 			page 4


 116 001e D154     		strb	r1, [r2, r3]
  60:../libDaisy/Middlewares/Third_Party/FatFs/src/diskio.c ****     stat = disk.drv[pdrv]->disk_initialize(disk.lun[pdrv]);
 117              		.loc 1 60 20
 118 0020 FB79     		ldrb	r3, [r7, #7]	@ zero_extendqisi2
 119 0022 094A     		ldr	r2, .L8
 120 0024 9B00     		lsls	r3, r3, #2
 121 0026 1344     		add	r3, r3, r2
 122 0028 5B68     		ldr	r3, [r3, #4]
 123              		.loc 1 60 26
 124 002a 1B68     		ldr	r3, [r3]
 125              		.loc 1 60 12
 126 002c FA79     		ldrb	r2, [r7, #7]	@ zero_extendqisi2
 127 002e 0649     		ldr	r1, .L8
 128 0030 0A44     		add	r2, r2, r1
 129 0032 127B     		ldrb	r2, [r2, #12]	@ zero_extendqisi2
 130 0034 1046     		mov	r0, r2
 131 0036 9847     		blx	r3
 132              	.LVL1:
 133 0038 0346     		mov	r3, r0
 134 003a FB73     		strb	r3, [r7, #15]
 135              	.L6:
  61:../libDaisy/Middlewares/Third_Party/FatFs/src/diskio.c ****   }
  62:../libDaisy/Middlewares/Third_Party/FatFs/src/diskio.c ****   return stat;
 136              		.loc 1 62 10
 137 003c FB7B     		ldrb	r3, [r7, #15]	@ zero_extendqisi2
  63:../libDaisy/Middlewares/Third_Party/FatFs/src/diskio.c **** }
 138              		.loc 1 63 1
 139 003e 1846     		mov	r0, r3
 140 0040 1037     		adds	r7, r7, #16
 141              		.cfi_def_cfa_offset 8
 142 0042 BD46     		mov	sp, r7
 143              		.cfi_def_cfa_register 13
 144              		@ sp needed
 145 0044 80BD     		pop	{r7, pc}
 146              	.L9:
 147 0046 00BF     		.align	2
 148              	.L8:
 149 0048 00000000 		.word	disk
 150              		.cfi_endproc
 151              	.LFE321:
 153              		.section	.text.disk_read,"ax",%progbits
 154              		.align	1
 155              		.global	disk_read
 156              		.syntax unified
 157              		.thumb
 158              		.thumb_func
 159              		.fpu fpv5-d16
 161              	disk_read:
 162              	.LFB322:
  64:../libDaisy/Middlewares/Third_Party/FatFs/src/diskio.c **** 
  65:../libDaisy/Middlewares/Third_Party/FatFs/src/diskio.c **** /**
  66:../libDaisy/Middlewares/Third_Party/FatFs/src/diskio.c ****   * @brief  Reads Sector(s)
  67:../libDaisy/Middlewares/Third_Party/FatFs/src/diskio.c ****   * @param  pdrv: Physical drive number (0..)
  68:../libDaisy/Middlewares/Third_Party/FatFs/src/diskio.c ****   * @param  *buff: Data buffer to store read data
  69:../libDaisy/Middlewares/Third_Party/FatFs/src/diskio.c ****   * @param  sector: Sector address (LBA)
  70:../libDaisy/Middlewares/Third_Party/FatFs/src/diskio.c ****   * @param  count: Number of sectors to read (1..128)
  71:../libDaisy/Middlewares/Third_Party/FatFs/src/diskio.c ****   * @retval DRESULT: Operation result
ARM GAS  /tmp/ccaToPQi.s 			page 5


  72:../libDaisy/Middlewares/Third_Party/FatFs/src/diskio.c ****   */
  73:../libDaisy/Middlewares/Third_Party/FatFs/src/diskio.c **** DRESULT disk_read (
  74:../libDaisy/Middlewares/Third_Party/FatFs/src/diskio.c **** 	BYTE pdrv,		/* Physical drive nmuber to identify the drive */
  75:../libDaisy/Middlewares/Third_Party/FatFs/src/diskio.c **** 	BYTE *buff,		/* Data buffer to store read data */
  76:../libDaisy/Middlewares/Third_Party/FatFs/src/diskio.c **** 	DWORD sector,	        /* Sector address in LBA */
  77:../libDaisy/Middlewares/Third_Party/FatFs/src/diskio.c **** 	UINT count		/* Number of sectors to read */
  78:../libDaisy/Middlewares/Third_Party/FatFs/src/diskio.c **** )
  79:../libDaisy/Middlewares/Third_Party/FatFs/src/diskio.c **** {
 163              		.loc 1 79 1
 164              		.cfi_startproc
 165              		@ args = 0, pretend = 0, frame = 24
 166              		@ frame_needed = 1, uses_anonymous_args = 0
 167 0000 90B5     		push	{r4, r7, lr}
 168              		.cfi_def_cfa_offset 12
 169              		.cfi_offset 4, -12
 170              		.cfi_offset 7, -8
 171              		.cfi_offset 14, -4
 172 0002 87B0     		sub	sp, sp, #28
 173              		.cfi_def_cfa_offset 40
 174 0004 00AF     		add	r7, sp, #0
 175              		.cfi_def_cfa_register 7
 176 0006 B960     		str	r1, [r7, #8]
 177 0008 7A60     		str	r2, [r7, #4]
 178 000a 3B60     		str	r3, [r7]
 179 000c 0346     		mov	r3, r0
 180 000e FB73     		strb	r3, [r7, #15]
  80:../libDaisy/Middlewares/Third_Party/FatFs/src/diskio.c ****   DRESULT res;
  81:../libDaisy/Middlewares/Third_Party/FatFs/src/diskio.c **** 
  82:../libDaisy/Middlewares/Third_Party/FatFs/src/diskio.c ****   res = disk.drv[pdrv]->disk_read(disk.lun[pdrv], buff, sector, count);
 181              		.loc 1 82 17
 182 0010 FB7B     		ldrb	r3, [r7, #15]	@ zero_extendqisi2
 183 0012 0A4A     		ldr	r2, .L12
 184 0014 9B00     		lsls	r3, r3, #2
 185 0016 1344     		add	r3, r3, r2
 186 0018 5B68     		ldr	r3, [r3, #4]
 187              		.loc 1 82 23
 188 001a 9C68     		ldr	r4, [r3, #8]
 189              		.loc 1 82 9
 190 001c FB7B     		ldrb	r3, [r7, #15]	@ zero_extendqisi2
 191 001e 074A     		ldr	r2, .L12
 192 0020 1344     		add	r3, r3, r2
 193 0022 187B     		ldrb	r0, [r3, #12]	@ zero_extendqisi2
 194 0024 3B68     		ldr	r3, [r7]
 195 0026 7A68     		ldr	r2, [r7, #4]
 196 0028 B968     		ldr	r1, [r7, #8]
 197 002a A047     		blx	r4
 198              	.LVL2:
 199 002c 0346     		mov	r3, r0
 200 002e FB75     		strb	r3, [r7, #23]
  83:../libDaisy/Middlewares/Third_Party/FatFs/src/diskio.c ****   return res;
 201              		.loc 1 83 10
 202 0030 FB7D     		ldrb	r3, [r7, #23]	@ zero_extendqisi2
  84:../libDaisy/Middlewares/Third_Party/FatFs/src/diskio.c **** }
 203              		.loc 1 84 1
 204 0032 1846     		mov	r0, r3
 205 0034 1C37     		adds	r7, r7, #28
 206              		.cfi_def_cfa_offset 12
ARM GAS  /tmp/ccaToPQi.s 			page 6


 207 0036 BD46     		mov	sp, r7
 208              		.cfi_def_cfa_register 13
 209              		@ sp needed
 210 0038 90BD     		pop	{r4, r7, pc}
 211              	.L13:
 212 003a 00BF     		.align	2
 213              	.L12:
 214 003c 00000000 		.word	disk
 215              		.cfi_endproc
 216              	.LFE322:
 218              		.section	.text.disk_write,"ax",%progbits
 219              		.align	1
 220              		.global	disk_write
 221              		.syntax unified
 222              		.thumb
 223              		.thumb_func
 224              		.fpu fpv5-d16
 226              	disk_write:
 227              	.LFB323:
  85:../libDaisy/Middlewares/Third_Party/FatFs/src/diskio.c **** 
  86:../libDaisy/Middlewares/Third_Party/FatFs/src/diskio.c **** /**
  87:../libDaisy/Middlewares/Third_Party/FatFs/src/diskio.c ****   * @brief  Writes Sector(s)
  88:../libDaisy/Middlewares/Third_Party/FatFs/src/diskio.c ****   * @param  pdrv: Physical drive number (0..)
  89:../libDaisy/Middlewares/Third_Party/FatFs/src/diskio.c ****   * @param  *buff: Data to be written
  90:../libDaisy/Middlewares/Third_Party/FatFs/src/diskio.c ****   * @param  sector: Sector address (LBA)
  91:../libDaisy/Middlewares/Third_Party/FatFs/src/diskio.c ****   * @param  count: Number of sectors to write (1..128)
  92:../libDaisy/Middlewares/Third_Party/FatFs/src/diskio.c ****   * @retval DRESULT: Operation result
  93:../libDaisy/Middlewares/Third_Party/FatFs/src/diskio.c ****   */
  94:../libDaisy/Middlewares/Third_Party/FatFs/src/diskio.c **** #if _USE_WRITE == 1
  95:../libDaisy/Middlewares/Third_Party/FatFs/src/diskio.c **** DRESULT disk_write (
  96:../libDaisy/Middlewares/Third_Party/FatFs/src/diskio.c **** 	BYTE pdrv,		/* Physical drive nmuber to identify the drive */
  97:../libDaisy/Middlewares/Third_Party/FatFs/src/diskio.c **** 	const BYTE *buff,	/* Data to be written */
  98:../libDaisy/Middlewares/Third_Party/FatFs/src/diskio.c **** 	DWORD sector,		/* Sector address in LBA */
  99:../libDaisy/Middlewares/Third_Party/FatFs/src/diskio.c **** 	UINT count        	/* Number of sectors to write */
 100:../libDaisy/Middlewares/Third_Party/FatFs/src/diskio.c **** )
 101:../libDaisy/Middlewares/Third_Party/FatFs/src/diskio.c **** {
 228              		.loc 1 101 1
 229              		.cfi_startproc
 230              		@ args = 0, pretend = 0, frame = 24
 231              		@ frame_needed = 1, uses_anonymous_args = 0
 232 0000 90B5     		push	{r4, r7, lr}
 233              		.cfi_def_cfa_offset 12
 234              		.cfi_offset 4, -12
 235              		.cfi_offset 7, -8
 236              		.cfi_offset 14, -4
 237 0002 87B0     		sub	sp, sp, #28
 238              		.cfi_def_cfa_offset 40
 239 0004 00AF     		add	r7, sp, #0
 240              		.cfi_def_cfa_register 7
 241 0006 B960     		str	r1, [r7, #8]
 242 0008 7A60     		str	r2, [r7, #4]
 243 000a 3B60     		str	r3, [r7]
 244 000c 0346     		mov	r3, r0
 245 000e FB73     		strb	r3, [r7, #15]
 102:../libDaisy/Middlewares/Third_Party/FatFs/src/diskio.c ****   DRESULT res;
 103:../libDaisy/Middlewares/Third_Party/FatFs/src/diskio.c **** 
 104:../libDaisy/Middlewares/Third_Party/FatFs/src/diskio.c ****   res = disk.drv[pdrv]->disk_write(disk.lun[pdrv], buff, sector, count);
ARM GAS  /tmp/ccaToPQi.s 			page 7


 246              		.loc 1 104 17
 247 0010 FB7B     		ldrb	r3, [r7, #15]	@ zero_extendqisi2
 248 0012 0A4A     		ldr	r2, .L16
 249 0014 9B00     		lsls	r3, r3, #2
 250 0016 1344     		add	r3, r3, r2
 251 0018 5B68     		ldr	r3, [r3, #4]
 252              		.loc 1 104 23
 253 001a DC68     		ldr	r4, [r3, #12]
 254              		.loc 1 104 9
 255 001c FB7B     		ldrb	r3, [r7, #15]	@ zero_extendqisi2
 256 001e 074A     		ldr	r2, .L16
 257 0020 1344     		add	r3, r3, r2
 258 0022 187B     		ldrb	r0, [r3, #12]	@ zero_extendqisi2
 259 0024 3B68     		ldr	r3, [r7]
 260 0026 7A68     		ldr	r2, [r7, #4]
 261 0028 B968     		ldr	r1, [r7, #8]
 262 002a A047     		blx	r4
 263              	.LVL3:
 264 002c 0346     		mov	r3, r0
 265 002e FB75     		strb	r3, [r7, #23]
 105:../libDaisy/Middlewares/Third_Party/FatFs/src/diskio.c ****   return res;
 266              		.loc 1 105 10
 267 0030 FB7D     		ldrb	r3, [r7, #23]	@ zero_extendqisi2
 106:../libDaisy/Middlewares/Third_Party/FatFs/src/diskio.c **** }
 268              		.loc 1 106 1
 269 0032 1846     		mov	r0, r3
 270 0034 1C37     		adds	r7, r7, #28
 271              		.cfi_def_cfa_offset 12
 272 0036 BD46     		mov	sp, r7
 273              		.cfi_def_cfa_register 13
 274              		@ sp needed
 275 0038 90BD     		pop	{r4, r7, pc}
 276              	.L17:
 277 003a 00BF     		.align	2
 278              	.L16:
 279 003c 00000000 		.word	disk
 280              		.cfi_endproc
 281              	.LFE323:
 283              		.section	.text.disk_ioctl,"ax",%progbits
 284              		.align	1
 285              		.global	disk_ioctl
 286              		.syntax unified
 287              		.thumb
 288              		.thumb_func
 289              		.fpu fpv5-d16
 291              	disk_ioctl:
 292              	.LFB324:
 107:../libDaisy/Middlewares/Third_Party/FatFs/src/diskio.c **** #endif /* _USE_WRITE == 1 */
 108:../libDaisy/Middlewares/Third_Party/FatFs/src/diskio.c **** 
 109:../libDaisy/Middlewares/Third_Party/FatFs/src/diskio.c **** /**
 110:../libDaisy/Middlewares/Third_Party/FatFs/src/diskio.c ****   * @brief  I/O control operation
 111:../libDaisy/Middlewares/Third_Party/FatFs/src/diskio.c ****   * @param  pdrv: Physical drive number (0..)
 112:../libDaisy/Middlewares/Third_Party/FatFs/src/diskio.c ****   * @param  cmd: Control code
 113:../libDaisy/Middlewares/Third_Party/FatFs/src/diskio.c ****   * @param  *buff: Buffer to send/receive control data
 114:../libDaisy/Middlewares/Third_Party/FatFs/src/diskio.c ****   * @retval DRESULT: Operation result
 115:../libDaisy/Middlewares/Third_Party/FatFs/src/diskio.c ****   */
 116:../libDaisy/Middlewares/Third_Party/FatFs/src/diskio.c **** #if _USE_IOCTL == 1
ARM GAS  /tmp/ccaToPQi.s 			page 8


 117:../libDaisy/Middlewares/Third_Party/FatFs/src/diskio.c **** DRESULT disk_ioctl (
 118:../libDaisy/Middlewares/Third_Party/FatFs/src/diskio.c **** 	BYTE pdrv,		/* Physical drive nmuber (0..) */
 119:../libDaisy/Middlewares/Third_Party/FatFs/src/diskio.c **** 	BYTE cmd,		/* Control code */
 120:../libDaisy/Middlewares/Third_Party/FatFs/src/diskio.c **** 	void *buff		/* Buffer to send/receive control data */
 121:../libDaisy/Middlewares/Third_Party/FatFs/src/diskio.c **** )
 122:../libDaisy/Middlewares/Third_Party/FatFs/src/diskio.c **** {
 293              		.loc 1 122 1
 294              		.cfi_startproc
 295              		@ args = 0, pretend = 0, frame = 16
 296              		@ frame_needed = 1, uses_anonymous_args = 0
 297 0000 80B5     		push	{r7, lr}
 298              		.cfi_def_cfa_offset 8
 299              		.cfi_offset 7, -8
 300              		.cfi_offset 14, -4
 301 0002 84B0     		sub	sp, sp, #16
 302              		.cfi_def_cfa_offset 24
 303 0004 00AF     		add	r7, sp, #0
 304              		.cfi_def_cfa_register 7
 305 0006 0346     		mov	r3, r0
 306 0008 3A60     		str	r2, [r7]
 307 000a FB71     		strb	r3, [r7, #7]
 308 000c 0B46     		mov	r3, r1
 309 000e BB71     		strb	r3, [r7, #6]
 123:../libDaisy/Middlewares/Third_Party/FatFs/src/diskio.c ****   DRESULT res;
 124:../libDaisy/Middlewares/Third_Party/FatFs/src/diskio.c **** 
 125:../libDaisy/Middlewares/Third_Party/FatFs/src/diskio.c ****   res = disk.drv[pdrv]->disk_ioctl(disk.lun[pdrv], cmd, buff);
 310              		.loc 1 125 17
 311 0010 FB79     		ldrb	r3, [r7, #7]	@ zero_extendqisi2
 312 0012 094A     		ldr	r2, .L20
 313 0014 9B00     		lsls	r3, r3, #2
 314 0016 1344     		add	r3, r3, r2
 315 0018 5B68     		ldr	r3, [r3, #4]
 316              		.loc 1 125 23
 317 001a 1B69     		ldr	r3, [r3, #16]
 318              		.loc 1 125 9
 319 001c FA79     		ldrb	r2, [r7, #7]	@ zero_extendqisi2
 320 001e 0649     		ldr	r1, .L20
 321 0020 0A44     		add	r2, r2, r1
 322 0022 107B     		ldrb	r0, [r2, #12]	@ zero_extendqisi2
 323 0024 B979     		ldrb	r1, [r7, #6]	@ zero_extendqisi2
 324 0026 3A68     		ldr	r2, [r7]
 325 0028 9847     		blx	r3
 326              	.LVL4:
 327 002a 0346     		mov	r3, r0
 328 002c FB73     		strb	r3, [r7, #15]
 126:../libDaisy/Middlewares/Third_Party/FatFs/src/diskio.c ****   return res;
 329              		.loc 1 126 10
 330 002e FB7B     		ldrb	r3, [r7, #15]	@ zero_extendqisi2
 127:../libDaisy/Middlewares/Third_Party/FatFs/src/diskio.c **** }
 331              		.loc 1 127 1
 332 0030 1846     		mov	r0, r3
 333 0032 1037     		adds	r7, r7, #16
 334              		.cfi_def_cfa_offset 8
 335 0034 BD46     		mov	sp, r7
 336              		.cfi_def_cfa_register 13
 337              		@ sp needed
 338 0036 80BD     		pop	{r7, pc}
ARM GAS  /tmp/ccaToPQi.s 			page 9


 339              	.L21:
 340              		.align	2
 341              	.L20:
 342 0038 00000000 		.word	disk
 343              		.cfi_endproc
 344              	.LFE324:
 346              		.section	.text.get_fattime,"ax",%progbits
 347              		.align	1
 348              		.weak	get_fattime
 349              		.syntax unified
 350              		.thumb
 351              		.thumb_func
 352              		.fpu fpv5-d16
 354              	get_fattime:
 355              	.LFB325:
 128:../libDaisy/Middlewares/Third_Party/FatFs/src/diskio.c **** #endif /* _USE_IOCTL == 1 */
 129:../libDaisy/Middlewares/Third_Party/FatFs/src/diskio.c **** 
 130:../libDaisy/Middlewares/Third_Party/FatFs/src/diskio.c **** /**
 131:../libDaisy/Middlewares/Third_Party/FatFs/src/diskio.c ****   * @brief  Gets Time from RTC
 132:../libDaisy/Middlewares/Third_Party/FatFs/src/diskio.c ****   * @param  None
 133:../libDaisy/Middlewares/Third_Party/FatFs/src/diskio.c ****   * @retval Time in DWORD
 134:../libDaisy/Middlewares/Third_Party/FatFs/src/diskio.c ****   */
 135:../libDaisy/Middlewares/Third_Party/FatFs/src/diskio.c **** __weak DWORD get_fattime (void)
 136:../libDaisy/Middlewares/Third_Party/FatFs/src/diskio.c **** {
 356              		.loc 1 136 1
 357              		.cfi_startproc
 358              		@ args = 0, pretend = 0, frame = 0
 359              		@ frame_needed = 1, uses_anonymous_args = 0
 360              		@ link register save eliminated.
 361 0000 80B4     		push	{r7}
 362              		.cfi_def_cfa_offset 4
 363              		.cfi_offset 7, -4
 364 0002 00AF     		add	r7, sp, #0
 365              		.cfi_def_cfa_register 7
 137:../libDaisy/Middlewares/Third_Party/FatFs/src/diskio.c ****   return 0;
 366              		.loc 1 137 10
 367 0004 0023     		movs	r3, #0
 138:../libDaisy/Middlewares/Third_Party/FatFs/src/diskio.c **** }
 368              		.loc 1 138 1
 369 0006 1846     		mov	r0, r3
 370 0008 BD46     		mov	sp, r7
 371              		.cfi_def_cfa_register 13
 372              		@ sp needed
 373 000a 5DF8047B 		ldr	r7, [sp], #4
 374              		.cfi_restore 7
 375              		.cfi_def_cfa_offset 0
 376 000e 7047     		bx	lr
 377              		.cfi_endproc
 378              	.LFE325:
 380              		.text
 381              	.Letext0:
 382              		.file 2 "/home/hubert/daisy/gcc/arm-none-eabi/include/machine/_default_types.h"
 383              		.file 3 "/home/hubert/daisy/gcc/arm-none-eabi/include/sys/_stdint.h"
 384              		.file 4 "../libDaisy/Middlewares/Third_Party/FatFs/src/integer.h"
 385              		.file 5 "../libDaisy/Middlewares/Third_Party/FatFs/src/diskio.h"
 386              		.file 6 "../libDaisy/Middlewares/Third_Party/FatFs/src/ff_gen_drv.h"
ARM GAS  /tmp/ccaToPQi.s 			page 10


DEFINED SYMBOLS
                            *ABS*:0000000000000000 diskio.c
     /tmp/ccaToPQi.s:17     .text.disk_status:0000000000000000 $t
     /tmp/ccaToPQi.s:25     .text.disk_status:0000000000000000 disk_status
     /tmp/ccaToPQi.s:73     .text.disk_status:0000000000000030 $d
     /tmp/ccaToPQi.s:78     .text.disk_initialize:0000000000000000 $t
     /tmp/ccaToPQi.s:85     .text.disk_initialize:0000000000000000 disk_initialize
     /tmp/ccaToPQi.s:149    .text.disk_initialize:0000000000000048 $d
     /tmp/ccaToPQi.s:154    .text.disk_read:0000000000000000 $t
     /tmp/ccaToPQi.s:161    .text.disk_read:0000000000000000 disk_read
     /tmp/ccaToPQi.s:214    .text.disk_read:000000000000003c $d
     /tmp/ccaToPQi.s:219    .text.disk_write:0000000000000000 $t
     /tmp/ccaToPQi.s:226    .text.disk_write:0000000000000000 disk_write
     /tmp/ccaToPQi.s:279    .text.disk_write:000000000000003c $d
     /tmp/ccaToPQi.s:284    .text.disk_ioctl:0000000000000000 $t
     /tmp/ccaToPQi.s:291    .text.disk_ioctl:0000000000000000 disk_ioctl
     /tmp/ccaToPQi.s:342    .text.disk_ioctl:0000000000000038 $d
     /tmp/ccaToPQi.s:347    .text.get_fattime:0000000000000000 $t
     /tmp/ccaToPQi.s:354    .text.get_fattime:0000000000000000 get_fattime

UNDEFINED SYMBOLS
disk
