ARM GAS  /tmp/ccBetmZK.s 			page 1


   1              		.cpu cortex-m7
   2              		.eabi_attribute 28, 1
   3              		.eabi_attribute 20, 1
   4              		.eabi_attribute 21, 1
   5              		.eabi_attribute 23, 3
   6              		.eabi_attribute 24, 1
   7              		.eabi_attribute 25, 1
   8              		.eabi_attribute 26, 1
   9              		.eabi_attribute 30, 6
  10              		.eabi_attribute 34, 1
  11              		.eabi_attribute 18, 4
  12              		.file	"ccsbcs.c"
  13              		.text
  14              	.Ltext0:
  15              		.cfi_sections	.debug_frame
  16              		.section	.rodata.Tbl,"a"
  17              		.align	2
  20              	Tbl:
  21 0000 C700     		.short	199
  22 0002 FC00     		.short	252
  23 0004 E900     		.short	233
  24 0006 E200     		.short	226
  25 0008 E400     		.short	228
  26 000a E000     		.short	224
  27 000c E500     		.short	229
  28 000e E700     		.short	231
  29 0010 EA00     		.short	234
  30 0012 EB00     		.short	235
  31 0014 E800     		.short	232
  32 0016 EF00     		.short	239
  33 0018 EE00     		.short	238
  34 001a EC00     		.short	236
  35 001c C400     		.short	196
  36 001e C500     		.short	197
  37 0020 C900     		.short	201
  38 0022 E600     		.short	230
  39 0024 C600     		.short	198
  40 0026 F400     		.short	244
  41 0028 F600     		.short	246
  42 002a F200     		.short	242
  43 002c FB00     		.short	251
  44 002e F900     		.short	249
  45 0030 FF00     		.short	255
  46 0032 D600     		.short	214
  47 0034 DC00     		.short	220
  48 0036 F800     		.short	248
  49 0038 A300     		.short	163
  50 003a D800     		.short	216
  51 003c D700     		.short	215
  52 003e 9201     		.short	402
  53 0040 E100     		.short	225
  54 0042 ED00     		.short	237
  55 0044 F300     		.short	243
  56 0046 FA00     		.short	250
  57 0048 F100     		.short	241
  58 004a D100     		.short	209
  59 004c AA00     		.short	170
ARM GAS  /tmp/ccBetmZK.s 			page 2


  60 004e BA00     		.short	186
  61 0050 BF00     		.short	191
  62 0052 AE00     		.short	174
  63 0054 AC00     		.short	172
  64 0056 BD00     		.short	189
  65 0058 BC00     		.short	188
  66 005a A100     		.short	161
  67 005c AB00     		.short	171
  68 005e BB00     		.short	187
  69 0060 9125     		.short	9617
  70 0062 9225     		.short	9618
  71 0064 9325     		.short	9619
  72 0066 0225     		.short	9474
  73 0068 2425     		.short	9508
  74 006a C100     		.short	193
  75 006c C200     		.short	194
  76 006e C000     		.short	192
  77 0070 A900     		.short	169
  78 0072 6325     		.short	9571
  79 0074 5125     		.short	9553
  80 0076 5725     		.short	9559
  81 0078 5D25     		.short	9565
  82 007a A200     		.short	162
  83 007c A500     		.short	165
  84 007e 1025     		.short	9488
  85 0080 1425     		.short	9492
  86 0082 3425     		.short	9524
  87 0084 2C25     		.short	9516
  88 0086 1C25     		.short	9500
  89 0088 0025     		.short	9472
  90 008a 3C25     		.short	9532
  91 008c E300     		.short	227
  92 008e C300     		.short	195
  93 0090 5A25     		.short	9562
  94 0092 5425     		.short	9556
  95 0094 6925     		.short	9577
  96 0096 6625     		.short	9574
  97 0098 6025     		.short	9568
  98 009a 5025     		.short	9552
  99 009c 6C25     		.short	9580
 100 009e A400     		.short	164
 101 00a0 F000     		.short	240
 102 00a2 D000     		.short	208
 103 00a4 CA00     		.short	202
 104 00a6 CB00     		.short	203
 105 00a8 C800     		.short	200
 106 00aa 3101     		.short	305
 107 00ac CD00     		.short	205
 108 00ae CE00     		.short	206
 109 00b0 CF00     		.short	207
 110 00b2 1825     		.short	9496
 111 00b4 0C25     		.short	9484
 112 00b6 8825     		.short	9608
 113 00b8 8425     		.short	9604
 114 00ba A600     		.short	166
 115 00bc CC00     		.short	204
 116 00be 8025     		.short	9600
ARM GAS  /tmp/ccBetmZK.s 			page 3


 117 00c0 D300     		.short	211
 118 00c2 DF00     		.short	223
 119 00c4 D400     		.short	212
 120 00c6 D200     		.short	210
 121 00c8 F500     		.short	245
 122 00ca D500     		.short	213
 123 00cc B500     		.short	181
 124 00ce FE00     		.short	254
 125 00d0 DE00     		.short	222
 126 00d2 DA00     		.short	218
 127 00d4 DB00     		.short	219
 128 00d6 D900     		.short	217
 129 00d8 FD00     		.short	253
 130 00da DD00     		.short	221
 131 00dc AF00     		.short	175
 132 00de B400     		.short	180
 133 00e0 AD00     		.short	173
 134 00e2 B100     		.short	177
 135 00e4 1720     		.short	8215
 136 00e6 BE00     		.short	190
 137 00e8 B600     		.short	182
 138 00ea A700     		.short	167
 139 00ec F700     		.short	247
 140 00ee B800     		.short	184
 141 00f0 B000     		.short	176
 142 00f2 A800     		.short	168
 143 00f4 B700     		.short	183
 144 00f6 B900     		.short	185
 145 00f8 B300     		.short	179
 146 00fa B200     		.short	178
 147 00fc A025     		.short	9632
 148 00fe A000     		.short	160
 149              		.section	.text.ff_convert,"ax",%progbits
 150              		.align	1
 151              		.global	ff_convert
 152              		.arch armv7e-m
 153              		.syntax unified
 154              		.thumb
 155              		.thumb_func
 156              		.fpu fpv5-d16
 158              	ff_convert:
 159              	.LFB320:
 160              		.file 1 "../libDaisy/Middlewares/Third_Party/FatFs/src/option/ccsbcs.c"
   1:../libDaisy/Middlewares/Third_Party/FatFs/src/option/ccsbcs.c **** /*------------------------------------------------------------------------*/
   2:../libDaisy/Middlewares/Third_Party/FatFs/src/option/ccsbcs.c **** /* Unicode - Local code bidirectional converter  (C)ChaN, 2015            */
   3:../libDaisy/Middlewares/Third_Party/FatFs/src/option/ccsbcs.c **** /* (SBCS code pages)                                                      */
   4:../libDaisy/Middlewares/Third_Party/FatFs/src/option/ccsbcs.c **** /*------------------------------------------------------------------------*/
   5:../libDaisy/Middlewares/Third_Party/FatFs/src/option/ccsbcs.c **** /*  437   U.S.
   6:../libDaisy/Middlewares/Third_Party/FatFs/src/option/ccsbcs.c **** /   720   Arabic
   7:../libDaisy/Middlewares/Third_Party/FatFs/src/option/ccsbcs.c **** /   737   Greek
   8:../libDaisy/Middlewares/Third_Party/FatFs/src/option/ccsbcs.c **** /   771   KBL
   9:../libDaisy/Middlewares/Third_Party/FatFs/src/option/ccsbcs.c **** /   775   Baltic
  10:../libDaisy/Middlewares/Third_Party/FatFs/src/option/ccsbcs.c **** /   850   Latin 1
  11:../libDaisy/Middlewares/Third_Party/FatFs/src/option/ccsbcs.c **** /   852   Latin 2
  12:../libDaisy/Middlewares/Third_Party/FatFs/src/option/ccsbcs.c **** /   855   Cyrillic
  13:../libDaisy/Middlewares/Third_Party/FatFs/src/option/ccsbcs.c **** /   857   Turkish
  14:../libDaisy/Middlewares/Third_Party/FatFs/src/option/ccsbcs.c **** /   860   Portuguese
ARM GAS  /tmp/ccBetmZK.s 			page 4


  15:../libDaisy/Middlewares/Third_Party/FatFs/src/option/ccsbcs.c **** /   861   Icelandic
  16:../libDaisy/Middlewares/Third_Party/FatFs/src/option/ccsbcs.c **** /   862   Hebrew
  17:../libDaisy/Middlewares/Third_Party/FatFs/src/option/ccsbcs.c **** /   863   Canadian French
  18:../libDaisy/Middlewares/Third_Party/FatFs/src/option/ccsbcs.c **** /   864   Arabic
  19:../libDaisy/Middlewares/Third_Party/FatFs/src/option/ccsbcs.c **** /   865   Nordic
  20:../libDaisy/Middlewares/Third_Party/FatFs/src/option/ccsbcs.c **** /   866   Russian
  21:../libDaisy/Middlewares/Third_Party/FatFs/src/option/ccsbcs.c **** /   869   Greek 2
  22:../libDaisy/Middlewares/Third_Party/FatFs/src/option/ccsbcs.c **** */
  23:../libDaisy/Middlewares/Third_Party/FatFs/src/option/ccsbcs.c **** 
  24:../libDaisy/Middlewares/Third_Party/FatFs/src/option/ccsbcs.c **** #include "../ff.h"
  25:../libDaisy/Middlewares/Third_Party/FatFs/src/option/ccsbcs.c **** 
  26:../libDaisy/Middlewares/Third_Party/FatFs/src/option/ccsbcs.c **** 
  27:../libDaisy/Middlewares/Third_Party/FatFs/src/option/ccsbcs.c **** #if _CODE_PAGE == 437
  28:../libDaisy/Middlewares/Third_Party/FatFs/src/option/ccsbcs.c **** #define _TBLDEF 1
  29:../libDaisy/Middlewares/Third_Party/FatFs/src/option/ccsbcs.c **** static
  30:../libDaisy/Middlewares/Third_Party/FatFs/src/option/ccsbcs.c **** const WCHAR Tbl[] = {	/*  CP437(0x80-0xFF) to Unicode conversion table */
  31:../libDaisy/Middlewares/Third_Party/FatFs/src/option/ccsbcs.c **** 	0x00C7, 0x00FC, 0x00E9, 0x00E2, 0x00E4, 0x00E0, 0x00E5, 0x00E7, 0x00EA, 0x00EB, 0x00E8, 0x00EF, 0x
  32:../libDaisy/Middlewares/Third_Party/FatFs/src/option/ccsbcs.c **** 	0x00C9, 0x00E6, 0x00C6, 0x00F4, 0x00F6, 0x00F2, 0x00FB, 0x00F9, 0x00FF, 0x00D6, 0x00DC, 0x00A2, 0x
  33:../libDaisy/Middlewares/Third_Party/FatFs/src/option/ccsbcs.c **** 	0x00E1, 0x00ED, 0x00F3, 0x00FA, 0x00F1, 0x00D1, 0x00AA, 0x00BA, 0x00BF, 0x2310, 0x00AC, 0x00BD, 0x
  34:../libDaisy/Middlewares/Third_Party/FatFs/src/option/ccsbcs.c **** 	0x2591, 0x2592, 0x2593, 0x2502, 0x2524, 0x2561, 0x2562, 0x2556, 0x2555, 0x2563, 0x2551, 0x2557, 0x
  35:../libDaisy/Middlewares/Third_Party/FatFs/src/option/ccsbcs.c **** 	0x2514, 0x2534, 0x252C, 0x251C, 0x2500, 0x253C, 0x255E, 0x255F, 0x255A, 0x2554, 0x2569, 0x2566, 0x
  36:../libDaisy/Middlewares/Third_Party/FatFs/src/option/ccsbcs.c **** 	0x2568, 0x2564, 0x2565, 0x2559, 0x2558, 0x2552, 0x2553, 0x256B, 0x256A, 0x2518, 0x250C, 0x2588, 0x
  37:../libDaisy/Middlewares/Third_Party/FatFs/src/option/ccsbcs.c **** 	0x03B1, 0x00DF, 0x0393, 0x03C0, 0x03A3, 0x03C3, 0x00B5, 0x03C4, 0x03A6, 0x0398, 0x03A9, 0x03B4, 0x
  38:../libDaisy/Middlewares/Third_Party/FatFs/src/option/ccsbcs.c **** 	0x2261, 0x00B1, 0x2265, 0x2264, 0x2320, 0x2321, 0x00F7, 0x2248, 0x00B0, 0x2219, 0x00B7, 0x221A, 0x
  39:../libDaisy/Middlewares/Third_Party/FatFs/src/option/ccsbcs.c **** };
  40:../libDaisy/Middlewares/Third_Party/FatFs/src/option/ccsbcs.c **** 
  41:../libDaisy/Middlewares/Third_Party/FatFs/src/option/ccsbcs.c **** #elif _CODE_PAGE == 720
  42:../libDaisy/Middlewares/Third_Party/FatFs/src/option/ccsbcs.c **** #define _TBLDEF 1
  43:../libDaisy/Middlewares/Third_Party/FatFs/src/option/ccsbcs.c **** static
  44:../libDaisy/Middlewares/Third_Party/FatFs/src/option/ccsbcs.c **** const WCHAR Tbl[] = {	/*  CP720(0x80-0xFF) to Unicode conversion table */
  45:../libDaisy/Middlewares/Third_Party/FatFs/src/option/ccsbcs.c **** 	0x0000, 0x0000, 0x00E9, 0x00E2, 0x0000, 0x00E0, 0x0000, 0x00E7, 0x00EA, 0x00EB, 0x00E8, 0x00EF, 0x
  46:../libDaisy/Middlewares/Third_Party/FatFs/src/option/ccsbcs.c **** 	0x0000, 0x0651, 0x0652, 0x00F4, 0x00A4, 0x0640, 0x00FB, 0x00F9, 0x0621, 0x0622, 0x0623, 0x0624, 0x
  47:../libDaisy/Middlewares/Third_Party/FatFs/src/option/ccsbcs.c **** 	0x0628, 0x0629, 0x062A, 0x062B, 0x062C, 0x062D, 0x062E, 0x062F, 0x0630, 0x0631, 0x0632, 0x0633, 0x
  48:../libDaisy/Middlewares/Third_Party/FatFs/src/option/ccsbcs.c **** 	0x2591, 0x2592, 0x2593, 0x2502, 0x2524, 0x2561, 0x2562, 0x2556, 0x2555, 0x2563, 0x2551, 0x2557, 0x
  49:../libDaisy/Middlewares/Third_Party/FatFs/src/option/ccsbcs.c **** 	0x2514, 0x2534, 0x252C, 0x251C, 0x2500, 0x253C, 0x255E, 0x255F, 0x255A, 0x2554, 0x2569, 0x2566, 0x
  50:../libDaisy/Middlewares/Third_Party/FatFs/src/option/ccsbcs.c **** 	0x2568, 0x2564, 0x2565, 0x2559, 0x2558, 0x2552, 0x2553, 0x256B, 0x256A, 0x2518, 0x250C, 0x2588, 0x
  51:../libDaisy/Middlewares/Third_Party/FatFs/src/option/ccsbcs.c **** 	0x0636, 0x0637, 0x0638, 0x0639, 0x063A, 0x0641, 0x00B5, 0x0642, 0x0643, 0x0644, 0x0645, 0x0646, 0x
  52:../libDaisy/Middlewares/Third_Party/FatFs/src/option/ccsbcs.c **** 	0x2261, 0x064B, 0x064C, 0x064D, 0x064E, 0x064F, 0x0650, 0x2248, 0x00B0, 0x2219, 0x00B7, 0x221A, 0x
  53:../libDaisy/Middlewares/Third_Party/FatFs/src/option/ccsbcs.c **** };
  54:../libDaisy/Middlewares/Third_Party/FatFs/src/option/ccsbcs.c **** 
  55:../libDaisy/Middlewares/Third_Party/FatFs/src/option/ccsbcs.c **** #elif _CODE_PAGE == 737
  56:../libDaisy/Middlewares/Third_Party/FatFs/src/option/ccsbcs.c **** #define _TBLDEF 1
  57:../libDaisy/Middlewares/Third_Party/FatFs/src/option/ccsbcs.c **** static
  58:../libDaisy/Middlewares/Third_Party/FatFs/src/option/ccsbcs.c **** const WCHAR Tbl[] = {	/*  CP737(0x80-0xFF) to Unicode conversion table */
  59:../libDaisy/Middlewares/Third_Party/FatFs/src/option/ccsbcs.c **** 	0x0391, 0x0392, 0x0393, 0x0394, 0x0395, 0x0396, 0x0397, 0x0398, 0x0399, 0x039A, 0x039B, 0x039C, 0x
  60:../libDaisy/Middlewares/Third_Party/FatFs/src/option/ccsbcs.c **** 	0x03A1, 0x03A3, 0x03A4, 0x03A5, 0x03A6, 0x03A7, 0x03A8, 0x03A9, 0x03B1, 0x03B2, 0x03B3, 0x03B4, 0x
  61:../libDaisy/Middlewares/Third_Party/FatFs/src/option/ccsbcs.c **** 	0x03B9, 0x03BA, 0x03BB, 0x03BC, 0x03BD, 0x03BE, 0x03BF, 0x03C0, 0x03C1, 0x03C3, 0x03C2, 0x03C4, 0x
  62:../libDaisy/Middlewares/Third_Party/FatFs/src/option/ccsbcs.c **** 	0x2591, 0x2592, 0x2593, 0x2502, 0x2524, 0x2561, 0x2562, 0x2556, 0x2555, 0x2563, 0x2551, 0x2557, 0x
  63:../libDaisy/Middlewares/Third_Party/FatFs/src/option/ccsbcs.c **** 	0x2514, 0x2534, 0x252C, 0x251C, 0x2500, 0x253C, 0x255E, 0x255F, 0x255A, 0x2554, 0x2569, 0x2566, 0x
  64:../libDaisy/Middlewares/Third_Party/FatFs/src/option/ccsbcs.c **** 	0x2568, 0x2564, 0x2565, 0x2559, 0x2558, 0x2552, 0x2553, 0x256B, 0x256A, 0x2518, 0x250C, 0x2588, 0x
  65:../libDaisy/Middlewares/Third_Party/FatFs/src/option/ccsbcs.c **** 	0x03C9, 0x03AC, 0x03AD, 0x03AE, 0x03CA, 0x03AF, 0x03CC, 0x03CD, 0x03CB, 0x03CE, 0x0386, 0x0388, 0x
  66:../libDaisy/Middlewares/Third_Party/FatFs/src/option/ccsbcs.c **** 	0x038F, 0x00B1, 0x2265, 0x2264, 0x03AA, 0x03AB, 0x00F7, 0x2248, 0x00B0, 0x2219, 0x00B7, 0x221A, 0x
  67:../libDaisy/Middlewares/Third_Party/FatFs/src/option/ccsbcs.c **** };
  68:../libDaisy/Middlewares/Third_Party/FatFs/src/option/ccsbcs.c **** 
  69:../libDaisy/Middlewares/Third_Party/FatFs/src/option/ccsbcs.c **** #elif _CODE_PAGE == 771
  70:../libDaisy/Middlewares/Third_Party/FatFs/src/option/ccsbcs.c **** #define _TBLDEF 1
  71:../libDaisy/Middlewares/Third_Party/FatFs/src/option/ccsbcs.c **** static
ARM GAS  /tmp/ccBetmZK.s 			page 5


  72:../libDaisy/Middlewares/Third_Party/FatFs/src/option/ccsbcs.c **** const WCHAR Tbl[] = {	/*  CP771(0x80-0xFF) to Unicode conversion table */
  73:../libDaisy/Middlewares/Third_Party/FatFs/src/option/ccsbcs.c **** 	0x0410, 0x0411, 0x0412, 0x0413, 0x0414, 0x0415, 0x0416, 0x0417, 0x0418, 0x0419, 0x041A, 0x041B, 0x
  74:../libDaisy/Middlewares/Third_Party/FatFs/src/option/ccsbcs.c **** 	0x0420, 0x0421, 0x0422, 0x0423, 0x0424, 0x0425, 0x0426, 0x0427, 0x0428, 0x0429, 0x042A, 0x042B, 0x
  75:../libDaisy/Middlewares/Third_Party/FatFs/src/option/ccsbcs.c **** 	0x0430, 0x0431, 0x0432, 0x0433, 0x0434, 0x0435, 0x0436, 0x0437, 0x0438, 0x0439, 0x043A, 0x043B, 0x
  76:../libDaisy/Middlewares/Third_Party/FatFs/src/option/ccsbcs.c **** 	0x2591, 0x2592, 0x2593, 0x2502, 0x2524, 0x2561, 0x2562, 0x2556, 0x2555, 0x2563, 0x2551, 0x2557, 0x
  77:../libDaisy/Middlewares/Third_Party/FatFs/src/option/ccsbcs.c **** 	0x2514, 0x2534, 0x252C, 0x251C, 0x2500, 0x253C, 0x255E, 0x255F, 0x255A, 0x2554, 0x2569, 0x2566, 0x
  78:../libDaisy/Middlewares/Third_Party/FatFs/src/option/ccsbcs.c **** 	0x2568, 0x2564, 0x2565, 0x2559, 0x2558, 0x2552, 0x2553, 0x256B, 0x256A, 0x2518, 0x250C, 0x2588, 0x
  79:../libDaisy/Middlewares/Third_Party/FatFs/src/option/ccsbcs.c **** 	0x0440, 0x0441, 0x0442, 0x0443, 0x0444, 0x0445, 0x0446, 0x0447, 0x0448, 0x0449, 0x044A, 0x044B, 0x
  80:../libDaisy/Middlewares/Third_Party/FatFs/src/option/ccsbcs.c **** 	0x0118, 0x0119, 0x0116, 0x0117, 0x012E, 0x012F, 0x0160, 0x0161, 0x0172, 0x0173, 0x016A, 0x016B, 0x
  81:../libDaisy/Middlewares/Third_Party/FatFs/src/option/ccsbcs.c **** };
  82:../libDaisy/Middlewares/Third_Party/FatFs/src/option/ccsbcs.c **** 
  83:../libDaisy/Middlewares/Third_Party/FatFs/src/option/ccsbcs.c **** #elif _CODE_PAGE == 775
  84:../libDaisy/Middlewares/Third_Party/FatFs/src/option/ccsbcs.c **** #define _TBLDEF 1
  85:../libDaisy/Middlewares/Third_Party/FatFs/src/option/ccsbcs.c **** static
  86:../libDaisy/Middlewares/Third_Party/FatFs/src/option/ccsbcs.c **** const WCHAR Tbl[] = {	/*  CP775(0x80-0xFF) to Unicode conversion table */
  87:../libDaisy/Middlewares/Third_Party/FatFs/src/option/ccsbcs.c **** 	0x0106, 0x00FC, 0x00E9, 0x0101, 0x00E4, 0x0123, 0x00E5, 0x0107, 0x0142, 0x0113, 0x0156, 0x0157, 0x
  88:../libDaisy/Middlewares/Third_Party/FatFs/src/option/ccsbcs.c **** 	0x00C9, 0x00E6, 0x00C6, 0x014D, 0x00F6, 0x0122, 0x00A2, 0x015A, 0x015B, 0x00D6, 0x00DC, 0x00F8, 0x
  89:../libDaisy/Middlewares/Third_Party/FatFs/src/option/ccsbcs.c **** 	0x0100, 0x012A, 0x00F3, 0x017B, 0x017C, 0x017A, 0x201D, 0x00A6, 0x00A9, 0x00AE, 0x00AC, 0x00BD, 0x
  90:../libDaisy/Middlewares/Third_Party/FatFs/src/option/ccsbcs.c **** 	0x2591, 0x2592, 0x2593, 0x2502, 0x2524, 0x0104, 0x010C, 0x0118, 0x0116, 0x2563, 0x2551, 0x2557, 0x
  91:../libDaisy/Middlewares/Third_Party/FatFs/src/option/ccsbcs.c **** 	0x2514, 0x2534, 0x252C, 0x251C, 0x2500, 0x253C, 0x0172, 0x016A, 0x255A, 0x2554, 0x2569, 0x2566, 0x
  92:../libDaisy/Middlewares/Third_Party/FatFs/src/option/ccsbcs.c **** 	0x0105, 0x010D, 0x0119, 0x0117, 0x012F, 0x0161, 0x0173, 0x016B, 0x017E, 0x2518, 0x250C, 0x2588, 0x
  93:../libDaisy/Middlewares/Third_Party/FatFs/src/option/ccsbcs.c **** 	0x00D3, 0x00DF, 0x014C, 0x0143, 0x00F5, 0x00D5, 0x00B5, 0x0144, 0x0136, 0x0137, 0x013B, 0x013C, 0x
  94:../libDaisy/Middlewares/Third_Party/FatFs/src/option/ccsbcs.c **** 	0x00AD, 0x00B1, 0x201C, 0x00BE, 0x00B6, 0x00A7, 0x00F7, 0x201E, 0x00B0, 0x2219, 0x00B7, 0x00B9, 0x
  95:../libDaisy/Middlewares/Third_Party/FatFs/src/option/ccsbcs.c **** };
  96:../libDaisy/Middlewares/Third_Party/FatFs/src/option/ccsbcs.c **** 
  97:../libDaisy/Middlewares/Third_Party/FatFs/src/option/ccsbcs.c **** #elif _CODE_PAGE == 850
  98:../libDaisy/Middlewares/Third_Party/FatFs/src/option/ccsbcs.c **** #define _TBLDEF 1
  99:../libDaisy/Middlewares/Third_Party/FatFs/src/option/ccsbcs.c **** static
 100:../libDaisy/Middlewares/Third_Party/FatFs/src/option/ccsbcs.c **** const WCHAR Tbl[] = {	/*  CP850(0x80-0xFF) to Unicode conversion table */
 101:../libDaisy/Middlewares/Third_Party/FatFs/src/option/ccsbcs.c **** 	0x00C7, 0x00FC, 0x00E9, 0x00E2, 0x00E4, 0x00E0, 0x00E5, 0x00E7, 0x00EA, 0x00EB, 0x00E8, 0x00EF, 0x
 102:../libDaisy/Middlewares/Third_Party/FatFs/src/option/ccsbcs.c **** 	0x00C9, 0x00E6, 0x00C6, 0x00F4, 0x00F6, 0x00F2, 0x00FB, 0x00F9, 0x00FF, 0x00D6, 0x00DC, 0x00F8, 0x
 103:../libDaisy/Middlewares/Third_Party/FatFs/src/option/ccsbcs.c **** 	0x00E1, 0x00ED, 0x00F3, 0x00FA, 0x00F1, 0x00D1, 0x00AA, 0x00BA, 0x00BF, 0x00AE, 0x00AC, 0x00BD, 0x
 104:../libDaisy/Middlewares/Third_Party/FatFs/src/option/ccsbcs.c **** 	0x2591, 0x2592, 0x2593, 0x2502, 0x2524, 0x00C1, 0x00C2, 0x00C0, 0x00A9, 0x2563, 0x2551, 0x2557, 0x
 105:../libDaisy/Middlewares/Third_Party/FatFs/src/option/ccsbcs.c **** 	0x2514, 0x2534, 0x252C, 0x251C, 0x2500, 0x253C, 0x00E3, 0x00C3, 0x255A, 0x2554, 0x2569, 0x2566, 0x
 106:../libDaisy/Middlewares/Third_Party/FatFs/src/option/ccsbcs.c **** 	0x00F0, 0x00D0, 0x00CA, 0x00CB, 0x00C8, 0x0131, 0x00CD, 0x00CE, 0x00CF, 0x2518, 0x250C, 0x2588, 0x
 107:../libDaisy/Middlewares/Third_Party/FatFs/src/option/ccsbcs.c **** 	0x00D3, 0x00DF, 0x00D4, 0x00D2, 0x00F5, 0x00D5, 0x00B5, 0x00FE, 0x00DE, 0x00DA, 0x00DB, 0x00D9, 0x
 108:../libDaisy/Middlewares/Third_Party/FatFs/src/option/ccsbcs.c **** 	0x00AD, 0x00B1, 0x2017, 0x00BE, 0x00B6, 0x00A7, 0x00F7, 0x00B8, 0x00B0, 0x00A8, 0x00B7, 0x00B9, 0x
 109:../libDaisy/Middlewares/Third_Party/FatFs/src/option/ccsbcs.c **** };
 110:../libDaisy/Middlewares/Third_Party/FatFs/src/option/ccsbcs.c **** 
 111:../libDaisy/Middlewares/Third_Party/FatFs/src/option/ccsbcs.c **** #elif _CODE_PAGE == 852
 112:../libDaisy/Middlewares/Third_Party/FatFs/src/option/ccsbcs.c **** #define _TBLDEF 1
 113:../libDaisy/Middlewares/Third_Party/FatFs/src/option/ccsbcs.c **** static
 114:../libDaisy/Middlewares/Third_Party/FatFs/src/option/ccsbcs.c **** const WCHAR Tbl[] = {	/*  CP852(0x80-0xFF) to Unicode conversion table */
 115:../libDaisy/Middlewares/Third_Party/FatFs/src/option/ccsbcs.c **** 	0x00C7, 0x00FC, 0x00E9, 0x00E2, 0x00E4, 0x016F, 0x0107, 0x00E7, 0x0142, 0x00EB, 0x0150, 0x0151, 0x
 116:../libDaisy/Middlewares/Third_Party/FatFs/src/option/ccsbcs.c **** 	0x00C9, 0x0139, 0x013A, 0x00F4, 0x00F6, 0x013D, 0x013E, 0x015A, 0x015B, 0x00D6, 0x00DC, 0x0164, 0x
 117:../libDaisy/Middlewares/Third_Party/FatFs/src/option/ccsbcs.c **** 	0x00E1, 0x00ED, 0x00F3, 0x00FA, 0x0104, 0x0105, 0x017D, 0x017E, 0x0118, 0x0119, 0x00AC, 0x017A, 0x
 118:../libDaisy/Middlewares/Third_Party/FatFs/src/option/ccsbcs.c **** 	0x2591, 0x2592, 0x2593, 0x2502, 0x2524, 0x00C1, 0x00C2, 0x011A, 0x015E, 0x2563, 0x2551, 0x2557, 0x
 119:../libDaisy/Middlewares/Third_Party/FatFs/src/option/ccsbcs.c **** 	0x2514, 0x2534, 0x252C, 0x251C, 0x2500, 0x253C, 0x0102, 0x0103, 0x255A, 0x2554, 0x2569, 0x2566, 0x
 120:../libDaisy/Middlewares/Third_Party/FatFs/src/option/ccsbcs.c **** 	0x0111, 0x0110, 0x010E, 0x00CB, 0x010F, 0x0147, 0x00CD, 0x00CE, 0x011B, 0x2518, 0x250C, 0x2588, 0x
 121:../libDaisy/Middlewares/Third_Party/FatFs/src/option/ccsbcs.c **** 	0x00D3, 0x00DF, 0x00D4, 0x0143, 0x0144, 0x0148, 0x0160, 0x0161, 0x0154, 0x00DA, 0x0155, 0x0170, 0x
 122:../libDaisy/Middlewares/Third_Party/FatFs/src/option/ccsbcs.c **** 	0x00AD, 0x02DD, 0x02DB, 0x02C7, 0x02D8, 0x00A7, 0x00F7, 0x00B8, 0x00B0, 0x00A8, 0x02D9, 0x0171, 0x
 123:../libDaisy/Middlewares/Third_Party/FatFs/src/option/ccsbcs.c **** };
 124:../libDaisy/Middlewares/Third_Party/FatFs/src/option/ccsbcs.c **** 
 125:../libDaisy/Middlewares/Third_Party/FatFs/src/option/ccsbcs.c **** #elif _CODE_PAGE == 855
 126:../libDaisy/Middlewares/Third_Party/FatFs/src/option/ccsbcs.c **** #define _TBLDEF 1
 127:../libDaisy/Middlewares/Third_Party/FatFs/src/option/ccsbcs.c **** static
 128:../libDaisy/Middlewares/Third_Party/FatFs/src/option/ccsbcs.c **** const WCHAR Tbl[] = {	/*  CP855(0x80-0xFF) to Unicode conversion table */
ARM GAS  /tmp/ccBetmZK.s 			page 6


 129:../libDaisy/Middlewares/Third_Party/FatFs/src/option/ccsbcs.c **** 	0x0452, 0x0402, 0x0453, 0x0403, 0x0451, 0x0401, 0x0454, 0x0404, 0x0455, 0x0405, 0x0456, 0x0406, 0x
 130:../libDaisy/Middlewares/Third_Party/FatFs/src/option/ccsbcs.c **** 	0x0459, 0x0409, 0x045A, 0x040A, 0x045B, 0x040B, 0x045C, 0x040C, 0x045E, 0x040E, 0x045F, 0x040F, 0x
 131:../libDaisy/Middlewares/Third_Party/FatFs/src/option/ccsbcs.c **** 	0x0430, 0x0410, 0x0431, 0x0411, 0x0446, 0x0426, 0x0434, 0x0414, 0x0435, 0x0415, 0x0444, 0x0424, 0x
 132:../libDaisy/Middlewares/Third_Party/FatFs/src/option/ccsbcs.c **** 	0x2591, 0x2592, 0x2593, 0x2502, 0x2524, 0x0445, 0x0425, 0x0438, 0x0418, 0x2563, 0x2551, 0x2557, 0x
 133:../libDaisy/Middlewares/Third_Party/FatFs/src/option/ccsbcs.c **** 	0x2514, 0x2534, 0x252C, 0x251C, 0x2500, 0x253C, 0x043A, 0x041A, 0x255A, 0x2554, 0x2569, 0x2566, 0x
 134:../libDaisy/Middlewares/Third_Party/FatFs/src/option/ccsbcs.c **** 	0x043B, 0x041B, 0x043C, 0x041C, 0x043D, 0x041D, 0x043E, 0x041E, 0x043F, 0x2518, 0x250C, 0x2588, 0x
 135:../libDaisy/Middlewares/Third_Party/FatFs/src/option/ccsbcs.c **** 	0x042F, 0x0440, 0x0420, 0x0441, 0x0421, 0x0442, 0x0422, 0x0443, 0x0423, 0x0436, 0x0416, 0x0432, 0x
 136:../libDaisy/Middlewares/Third_Party/FatFs/src/option/ccsbcs.c **** 	0x00AD, 0x044B, 0x042B, 0x0437, 0x0417, 0x0448, 0x0428, 0x044D, 0x042D, 0x0449, 0x0429, 0x0447, 0x
 137:../libDaisy/Middlewares/Third_Party/FatFs/src/option/ccsbcs.c **** };
 138:../libDaisy/Middlewares/Third_Party/FatFs/src/option/ccsbcs.c **** 
 139:../libDaisy/Middlewares/Third_Party/FatFs/src/option/ccsbcs.c **** #elif _CODE_PAGE == 857
 140:../libDaisy/Middlewares/Third_Party/FatFs/src/option/ccsbcs.c **** #define _TBLDEF 1
 141:../libDaisy/Middlewares/Third_Party/FatFs/src/option/ccsbcs.c **** static
 142:../libDaisy/Middlewares/Third_Party/FatFs/src/option/ccsbcs.c **** const WCHAR Tbl[] = {	/*  CP857(0x80-0xFF) to Unicode conversion table */
 143:../libDaisy/Middlewares/Third_Party/FatFs/src/option/ccsbcs.c **** 	0x00C7, 0x00FC, 0x00E9, 0x00E2, 0x00E4, 0x00E0, 0x00E5, 0x00E7, 0x00EA, 0x00EB, 0x00E8, 0x00EF, 0x
 144:../libDaisy/Middlewares/Third_Party/FatFs/src/option/ccsbcs.c **** 	0x00C9, 0x00E6, 0x00C6, 0x00F4, 0x00F6, 0x00F2, 0x00FB, 0x00F9, 0x0130, 0x00D6, 0x00DC, 0x00F8, 0x
 145:../libDaisy/Middlewares/Third_Party/FatFs/src/option/ccsbcs.c **** 	0x00E1, 0x00ED, 0x00F3, 0x00FA, 0x00F1, 0x00D1, 0x011E, 0x011F, 0x00BF, 0x00AE, 0x00AC, 0x00BD, 0x
 146:../libDaisy/Middlewares/Third_Party/FatFs/src/option/ccsbcs.c **** 	0x2591, 0x2592, 0x2593, 0x2502, 0x2524, 0x00C1, 0x00C2, 0x00C0, 0x00A9, 0x2563, 0x2551, 0x2557, 0x
 147:../libDaisy/Middlewares/Third_Party/FatFs/src/option/ccsbcs.c **** 	0x2514, 0x2534, 0x252C, 0x251C, 0x2500, 0x253C, 0x00E3, 0x00C3, 0x255A, 0x2554, 0x2569, 0x2566, 0x
 148:../libDaisy/Middlewares/Third_Party/FatFs/src/option/ccsbcs.c **** 	0x00BA, 0x00AA, 0x00CA, 0x00CB, 0x00C8, 0x0000, 0x00CD, 0x00CE, 0x00CF, 0x2518, 0x250C, 0x2588, 0x
 149:../libDaisy/Middlewares/Third_Party/FatFs/src/option/ccsbcs.c **** 	0x00D3, 0x00DF, 0x00D4, 0x00D2, 0x00F5, 0x00D5, 0x00B5, 0x0000, 0x00D7, 0x00DA, 0x00DB, 0x00D9, 0x
 150:../libDaisy/Middlewares/Third_Party/FatFs/src/option/ccsbcs.c **** 	0x00AD, 0x00B1, 0x0000, 0x00BE, 0x00B6, 0x00A7, 0x00F7, 0x00B8, 0x00B0, 0x00A8, 0x00B7, 0x00B9, 0x
 151:../libDaisy/Middlewares/Third_Party/FatFs/src/option/ccsbcs.c **** };
 152:../libDaisy/Middlewares/Third_Party/FatFs/src/option/ccsbcs.c **** 
 153:../libDaisy/Middlewares/Third_Party/FatFs/src/option/ccsbcs.c **** #elif _CODE_PAGE == 860
 154:../libDaisy/Middlewares/Third_Party/FatFs/src/option/ccsbcs.c **** #define _TBLDEF 1
 155:../libDaisy/Middlewares/Third_Party/FatFs/src/option/ccsbcs.c **** static
 156:../libDaisy/Middlewares/Third_Party/FatFs/src/option/ccsbcs.c **** const WCHAR Tbl[] = {	/*  CP860(0x80-0xFF) to Unicode conversion table */
 157:../libDaisy/Middlewares/Third_Party/FatFs/src/option/ccsbcs.c **** 	0x00C7, 0x00FC, 0x00E9, 0x00E2, 0x00E3, 0x00E0, 0x00C1, 0x00E7, 0x00EA, 0x00CA, 0x00E8, 0x00CD, 0x
 158:../libDaisy/Middlewares/Third_Party/FatFs/src/option/ccsbcs.c **** 	0x00C9, 0x00C0, 0x00C8, 0x00F4, 0x00F5, 0x00F2, 0x00DA, 0x00F9, 0x00CC, 0x00D5, 0x00DC, 0x00A2, 0x
 159:../libDaisy/Middlewares/Third_Party/FatFs/src/option/ccsbcs.c **** 	0x00E1, 0x00ED, 0x00F3, 0x00FA, 0x00F1, 0x00D1, 0x00AA, 0x00BA, 0x00BF, 0x00D2, 0x00AC, 0x00BD, 0x
 160:../libDaisy/Middlewares/Third_Party/FatFs/src/option/ccsbcs.c **** 	0x2591, 0x2592, 0x2593, 0x2502, 0x2524, 0x2561, 0x2562, 0x2556, 0x2555, 0x2563, 0x2551, 0x2557, 0x
 161:../libDaisy/Middlewares/Third_Party/FatFs/src/option/ccsbcs.c **** 	0x2514, 0x2534, 0x252C, 0x251C, 0x2500, 0x253C, 0x255E, 0x255F, 0x255A, 0x2554, 0x2569, 0x2566, 0x
 162:../libDaisy/Middlewares/Third_Party/FatFs/src/option/ccsbcs.c **** 	0x2568, 0x2564, 0x2565, 0x2559, 0x2558, 0x2552, 0x2553, 0x256B, 0x256A, 0x2518, 0x250C, 0x2588, 0x
 163:../libDaisy/Middlewares/Third_Party/FatFs/src/option/ccsbcs.c **** 	0x03B1, 0x00DF, 0x0393, 0x03C0, 0x03A3, 0x03C3, 0x00B5, 0x03C4, 0x03A6, 0x0398, 0x03A9, 0x03B4, 0x
 164:../libDaisy/Middlewares/Third_Party/FatFs/src/option/ccsbcs.c **** 	0x2261, 0x00B1, 0x2265, 0x2264, 0x2320, 0x2321, 0x00F7, 0x2248, 0x00B0, 0x2219, 0x00B7, 0x221A, 0x
 165:../libDaisy/Middlewares/Third_Party/FatFs/src/option/ccsbcs.c **** };
 166:../libDaisy/Middlewares/Third_Party/FatFs/src/option/ccsbcs.c **** 
 167:../libDaisy/Middlewares/Third_Party/FatFs/src/option/ccsbcs.c **** #elif _CODE_PAGE == 861
 168:../libDaisy/Middlewares/Third_Party/FatFs/src/option/ccsbcs.c **** #define _TBLDEF 1
 169:../libDaisy/Middlewares/Third_Party/FatFs/src/option/ccsbcs.c **** static
 170:../libDaisy/Middlewares/Third_Party/FatFs/src/option/ccsbcs.c **** const WCHAR Tbl[] = {	/*  CP861(0x80-0xFF) to Unicode conversion table */
 171:../libDaisy/Middlewares/Third_Party/FatFs/src/option/ccsbcs.c **** 	0x00C7, 0x00FC, 0x00E9, 0x00E2, 0x00E4, 0x00E0, 0x00E6, 0x00E7, 0x00EA, 0x00EB, 0x00E8, 0x00D0, 0x
 172:../libDaisy/Middlewares/Third_Party/FatFs/src/option/ccsbcs.c **** 	0x00C9, 0x00E6, 0x00C6, 0x00F4, 0x00F6, 0x00FE, 0x00FB, 0x00DD, 0x00FD, 0x00D6, 0x00DC, 0x00F8, 0x
 173:../libDaisy/Middlewares/Third_Party/FatFs/src/option/ccsbcs.c **** 	0x00E1, 0x00ED, 0x00F3, 0x00FA, 0x00C1, 0x00CD, 0x00D3, 0x00DA, 0x00BF, 0x2310, 0x00AC, 0x00BD, 0x
 174:../libDaisy/Middlewares/Third_Party/FatFs/src/option/ccsbcs.c **** 	0x2591, 0x2592, 0x2593, 0x2502, 0x2524, 0x2561, 0x2562, 0x2556, 0x2555, 0x2563, 0x2551, 0x2557, 0x
 175:../libDaisy/Middlewares/Third_Party/FatFs/src/option/ccsbcs.c **** 	0x2514, 0x2534, 0x252C, 0x251C, 0x2500, 0x253C, 0x255E, 0x255F, 0x255A, 0x2554, 0x2569, 0x2566, 0x
 176:../libDaisy/Middlewares/Third_Party/FatFs/src/option/ccsbcs.c **** 	0x2568, 0x2564, 0x2565, 0x2559, 0x2558, 0x2552, 0x2553, 0x256B, 0x256A, 0x2518, 0x250C, 0x2588, 0x
 177:../libDaisy/Middlewares/Third_Party/FatFs/src/option/ccsbcs.c **** 	0x03B1, 0x00DF, 0x0393, 0x03C0, 0x03A3, 0x03C3, 0x00B5, 0x03C4, 0x03A6, 0x0398, 0x03A9, 0x03B4, 0x
 178:../libDaisy/Middlewares/Third_Party/FatFs/src/option/ccsbcs.c **** 	0x2261, 0x00B1, 0x2265, 0x2264, 0x2320, 0x2321, 0x00F7, 0x2248, 0x00B0, 0x2219, 0x00B7, 0x221A, 0x
 179:../libDaisy/Middlewares/Third_Party/FatFs/src/option/ccsbcs.c **** };
 180:../libDaisy/Middlewares/Third_Party/FatFs/src/option/ccsbcs.c **** 
 181:../libDaisy/Middlewares/Third_Party/FatFs/src/option/ccsbcs.c **** #elif _CODE_PAGE == 862
 182:../libDaisy/Middlewares/Third_Party/FatFs/src/option/ccsbcs.c **** #define _TBLDEF 1
 183:../libDaisy/Middlewares/Third_Party/FatFs/src/option/ccsbcs.c **** static
 184:../libDaisy/Middlewares/Third_Party/FatFs/src/option/ccsbcs.c **** const WCHAR Tbl[] = {	/*  CP862(0x80-0xFF) to Unicode conversion table */
 185:../libDaisy/Middlewares/Third_Party/FatFs/src/option/ccsbcs.c **** 	0x05D0, 0x05D1, 0x05D2, 0x05D3, 0x05D4, 0x05D5, 0x05D6, 0x05D7, 0x05D8, 0x05D9, 0x05DA, 0x05DB, 0x
ARM GAS  /tmp/ccBetmZK.s 			page 7


 186:../libDaisy/Middlewares/Third_Party/FatFs/src/option/ccsbcs.c **** 	0x05E0, 0x05E1, 0x05E2, 0x05E3, 0x05E4, 0x05E5, 0x05E6, 0x05E7, 0x05E8, 0x05E9, 0x05EA, 0x00A2, 0x
 187:../libDaisy/Middlewares/Third_Party/FatFs/src/option/ccsbcs.c **** 	0x00E1, 0x00ED, 0x00F3, 0x00FA, 0x00F1, 0x00D1, 0x00AA, 0x00BA, 0x00BF, 0x2310, 0x00AC, 0x00BD, 0x
 188:../libDaisy/Middlewares/Third_Party/FatFs/src/option/ccsbcs.c **** 	0x2591, 0x2592, 0x2593, 0x2502, 0x2524, 0x2561, 0x2562, 0x2556, 0x2555, 0x2563, 0x2551, 0x2557, 0x
 189:../libDaisy/Middlewares/Third_Party/FatFs/src/option/ccsbcs.c **** 	0x2514, 0x2534, 0x252C, 0x251C, 0x2500, 0x253C, 0x255E, 0x255F, 0x255A, 0x2554, 0x2569, 0x2566, 0x
 190:../libDaisy/Middlewares/Third_Party/FatFs/src/option/ccsbcs.c **** 	0x2568, 0x2564, 0x2565, 0x2559, 0x2558, 0x2552, 0x2553, 0x256B, 0x256A, 0x2518, 0x250C, 0x2588, 0x
 191:../libDaisy/Middlewares/Third_Party/FatFs/src/option/ccsbcs.c **** 	0x03B1, 0x00DF, 0x0393, 0x03C0, 0x03A3, 0x03C3, 0x00B5, 0x03C4, 0x03A6, 0x0398, 0x03A9, 0x03B4, 0x
 192:../libDaisy/Middlewares/Third_Party/FatFs/src/option/ccsbcs.c **** 	0x2261, 0x00B1, 0x2265, 0x2264, 0x2320, 0x2321, 0x00F7, 0x2248, 0x00B0, 0x2219, 0x00B7, 0x221A, 0x
 193:../libDaisy/Middlewares/Third_Party/FatFs/src/option/ccsbcs.c **** };
 194:../libDaisy/Middlewares/Third_Party/FatFs/src/option/ccsbcs.c **** 
 195:../libDaisy/Middlewares/Third_Party/FatFs/src/option/ccsbcs.c **** #elif _CODE_PAGE == 863
 196:../libDaisy/Middlewares/Third_Party/FatFs/src/option/ccsbcs.c **** #define _TBLDEF 1
 197:../libDaisy/Middlewares/Third_Party/FatFs/src/option/ccsbcs.c **** static
 198:../libDaisy/Middlewares/Third_Party/FatFs/src/option/ccsbcs.c **** const WCHAR Tbl[] = {	/*  CP863(0x80-0xFF) to Unicode conversion table */
 199:../libDaisy/Middlewares/Third_Party/FatFs/src/option/ccsbcs.c **** 	0x00C7, 0x00FC, 0x00E9, 0x00E2, 0x00C2, 0x00E0, 0x00B6, 0x00E7, 0x00EA, 0x00EB, 0x00E8, 0x00EF, 0x
 200:../libDaisy/Middlewares/Third_Party/FatFs/src/option/ccsbcs.c **** 	0x00C9, 0x00C8, 0x00CA, 0x00F4, 0x00CB, 0x00CF, 0x00FB, 0x00F9, 0x00A4, 0x00D4, 0x00DC, 0x00A2, 0x
 201:../libDaisy/Middlewares/Third_Party/FatFs/src/option/ccsbcs.c **** 	0x00A6, 0x00B4, 0x00F3, 0x00FA, 0x00A8, 0x00BB, 0x00B3, 0x00AF, 0x00CE, 0x3210, 0x00AC, 0x00BD, 0x
 202:../libDaisy/Middlewares/Third_Party/FatFs/src/option/ccsbcs.c **** 	0x2591, 0x2592, 0x2593, 0x2502, 0x2524, 0x2561, 0x2562, 0x2556, 0x2555, 0x2563, 0x2551, 0x2557, 0x
 203:../libDaisy/Middlewares/Third_Party/FatFs/src/option/ccsbcs.c **** 	0x2514, 0x2534, 0x252C, 0x251C, 0x2500, 0x253C, 0x255E, 0x255F, 0x255A, 0x2554, 0x2569, 0x2566, 0x
 204:../libDaisy/Middlewares/Third_Party/FatFs/src/option/ccsbcs.c **** 	0x2568, 0x2564, 0x2565, 0x2559, 0x2558, 0x2552, 0x2553, 0x256B, 0x256A, 0x2518, 0x250C, 0x2588, 0x
 205:../libDaisy/Middlewares/Third_Party/FatFs/src/option/ccsbcs.c **** 	0x03B1, 0x00DF, 0x0393, 0x03C0, 0x03A3, 0x03C3, 0x00B5, 0x03C4, 0x03A6, 0x0398, 0x03A9, 0x03B4, 0x
 206:../libDaisy/Middlewares/Third_Party/FatFs/src/option/ccsbcs.c **** 	0x2261, 0x00B1, 0x2265, 0x2264, 0x2320, 0x2321, 0x00F7, 0x2248, 0x00B0, 0x2219, 0x00B7, 0x221A, 0x
 207:../libDaisy/Middlewares/Third_Party/FatFs/src/option/ccsbcs.c **** };
 208:../libDaisy/Middlewares/Third_Party/FatFs/src/option/ccsbcs.c **** 
 209:../libDaisy/Middlewares/Third_Party/FatFs/src/option/ccsbcs.c **** #elif _CODE_PAGE == 864
 210:../libDaisy/Middlewares/Third_Party/FatFs/src/option/ccsbcs.c **** #define _TBLDEF 1
 211:../libDaisy/Middlewares/Third_Party/FatFs/src/option/ccsbcs.c **** static
 212:../libDaisy/Middlewares/Third_Party/FatFs/src/option/ccsbcs.c **** const WCHAR Tbl[] = {	/*  CP864(0x80-0xFF) to Unicode conversion table */
 213:../libDaisy/Middlewares/Third_Party/FatFs/src/option/ccsbcs.c **** 	0x00B0, 0x00B7, 0x2219, 0x221A, 0x2592, 0x2500, 0x2502, 0x253C, 0x2524, 0x252C, 0x251C, 0x2534, 0x
 214:../libDaisy/Middlewares/Third_Party/FatFs/src/option/ccsbcs.c **** 	0x03B2, 0x221E, 0x03C6, 0x00B1, 0x00BD, 0x00BC, 0x2248, 0x00AB, 0x00BB, 0xFEF7, 0xFEF8, 0x0000, 0x
 215:../libDaisy/Middlewares/Third_Party/FatFs/src/option/ccsbcs.c **** 	0x00A0, 0x00AD, 0xFE82, 0x00A3, 0x00A4, 0xFE84, 0x0000, 0x20AC, 0xFE8E, 0xFE8F, 0xFE95, 0xFE99, 0x
 216:../libDaisy/Middlewares/Third_Party/FatFs/src/option/ccsbcs.c **** 	0x0660, 0x0661, 0x0662, 0x0663, 0x0664, 0x0665, 0x0666, 0x0667, 0x0668, 0x0669, 0xFED1, 0x061B, 0x
 217:../libDaisy/Middlewares/Third_Party/FatFs/src/option/ccsbcs.c **** 	0x00A2, 0xFE80, 0xFE81, 0xFE83, 0xFE85, 0xFECA, 0xFE8B, 0xFE8D, 0xFE91, 0xFE93, 0xFE97, 0xFE9B, 0x
 218:../libDaisy/Middlewares/Third_Party/FatFs/src/option/ccsbcs.c **** 	0xFEAB, 0xFEAD, 0xFEAF, 0xFEB3, 0xFEB7, 0xFEBB, 0xFEBF, 0xFEC1, 0xFEC5, 0xFECB, 0xFECF, 0x00A6, 0x
 219:../libDaisy/Middlewares/Third_Party/FatFs/src/option/ccsbcs.c **** 	0x0640, 0xFED3, 0xFED7, 0xFEDB, 0xFEDF, 0xFEE3, 0xFEE7, 0xFEEB, 0xFEED, 0xFEEF, 0xFEF3, 0xFEBD, 0x
 220:../libDaisy/Middlewares/Third_Party/FatFs/src/option/ccsbcs.c **** 	0xFE7D, 0x0651, 0xFEE5, 0xFEE9, 0xFEEC, 0xFEF0, 0xFEF2, 0xFED0, 0xFED5, 0xFEF5, 0xFEF6, 0xFEDD, 0x
 221:../libDaisy/Middlewares/Third_Party/FatFs/src/option/ccsbcs.c **** };
 222:../libDaisy/Middlewares/Third_Party/FatFs/src/option/ccsbcs.c **** 
 223:../libDaisy/Middlewares/Third_Party/FatFs/src/option/ccsbcs.c **** #elif _CODE_PAGE == 865
 224:../libDaisy/Middlewares/Third_Party/FatFs/src/option/ccsbcs.c **** #define _TBLDEF 1
 225:../libDaisy/Middlewares/Third_Party/FatFs/src/option/ccsbcs.c **** static
 226:../libDaisy/Middlewares/Third_Party/FatFs/src/option/ccsbcs.c **** const WCHAR Tbl[] = {	/*  CP865(0x80-0xFF) to Unicode conversion table */
 227:../libDaisy/Middlewares/Third_Party/FatFs/src/option/ccsbcs.c **** 	0x00C7, 0x00FC, 0x00E9, 0x00E2, 0x00E4, 0x00E0, 0x00E5, 0x00E7, 0x00EA, 0x00EB, 0x00E8, 0x00EF, 0x
 228:../libDaisy/Middlewares/Third_Party/FatFs/src/option/ccsbcs.c **** 	0x00C5, 0x00E6, 0x00C6, 0x00F4, 0x00F6, 0x00F2, 0x00FB, 0x00F9, 0x00FF, 0x00D6, 0x00DC, 0x00F8, 0x
 229:../libDaisy/Middlewares/Third_Party/FatFs/src/option/ccsbcs.c **** 	0x00E1, 0x00ED, 0x00F3, 0x00FA, 0x00F1, 0x00D1, 0x00AA, 0x00BA, 0x00BF, 0x2310, 0x00AC, 0x00BD, 0x
 230:../libDaisy/Middlewares/Third_Party/FatFs/src/option/ccsbcs.c **** 	0x2591, 0x2592, 0x2593, 0x2502, 0x2524, 0x2561, 0x2562, 0x2556, 0x2555, 0x2563, 0x2551, 0x2557, 0x
 231:../libDaisy/Middlewares/Third_Party/FatFs/src/option/ccsbcs.c **** 	0x2514, 0x2534, 0x252C, 0x251C, 0x2500, 0x253C, 0x255E, 0x255F, 0x255A, 0x2554, 0x2569, 0x2566, 0x
 232:../libDaisy/Middlewares/Third_Party/FatFs/src/option/ccsbcs.c **** 	0x2568, 0x2564, 0x2565, 0x2559, 0x2558, 0x2552, 0x2553, 0x256B, 0x256A, 0x2518, 0x250C, 0x2588, 0x
 233:../libDaisy/Middlewares/Third_Party/FatFs/src/option/ccsbcs.c **** 	0x03B1, 0x00DF, 0x0393, 0x03C0, 0x03A3, 0x03C3, 0x00B5, 0x03C4, 0x03A6, 0x0398, 0x03A9, 0x03B4, 0x
 234:../libDaisy/Middlewares/Third_Party/FatFs/src/option/ccsbcs.c **** 	0x2261, 0x00B1, 0x2265, 0x2264, 0x2320, 0x2321, 0x00F7, 0x2248, 0x00B0, 0x2219, 0x00B7, 0x221A, 0x
 235:../libDaisy/Middlewares/Third_Party/FatFs/src/option/ccsbcs.c **** };
 236:../libDaisy/Middlewares/Third_Party/FatFs/src/option/ccsbcs.c **** 
 237:../libDaisy/Middlewares/Third_Party/FatFs/src/option/ccsbcs.c **** #elif _CODE_PAGE == 866
 238:../libDaisy/Middlewares/Third_Party/FatFs/src/option/ccsbcs.c **** #define _TBLDEF 1
 239:../libDaisy/Middlewares/Third_Party/FatFs/src/option/ccsbcs.c **** static
 240:../libDaisy/Middlewares/Third_Party/FatFs/src/option/ccsbcs.c **** const WCHAR Tbl[] = {	/*  CP866(0x80-0xFF) to Unicode conversion table */
 241:../libDaisy/Middlewares/Third_Party/FatFs/src/option/ccsbcs.c **** 	0x0410, 0x0411, 0x0412, 0x0413, 0x0414, 0x0415, 0x0416, 0x0417, 0x0418, 0x0419, 0x041A, 0x041B, 0x
 242:../libDaisy/Middlewares/Third_Party/FatFs/src/option/ccsbcs.c **** 	0x0420, 0x0421, 0x0422, 0x0423, 0x0424, 0x0425, 0x0426, 0x0427, 0x0428, 0x0429, 0x042A, 0x042B, 0x
ARM GAS  /tmp/ccBetmZK.s 			page 8


 243:../libDaisy/Middlewares/Third_Party/FatFs/src/option/ccsbcs.c **** 	0x0430, 0x0431, 0x0432, 0x0433, 0x0434, 0x0435, 0x0436, 0x0437, 0x0438, 0x0439, 0x043A, 0x043B, 0x
 244:../libDaisy/Middlewares/Third_Party/FatFs/src/option/ccsbcs.c **** 	0x2591, 0x2592, 0x2593, 0x2502, 0x2524, 0x2561, 0x2562, 0x2556, 0x2555, 0x2563, 0x2551, 0x2557, 0x
 245:../libDaisy/Middlewares/Third_Party/FatFs/src/option/ccsbcs.c **** 	0x2514, 0x2534, 0x252C, 0x251C, 0x2500, 0x253C, 0x255E, 0x255F, 0x255A, 0x2554, 0x2569, 0x2566, 0x
 246:../libDaisy/Middlewares/Third_Party/FatFs/src/option/ccsbcs.c **** 	0x2568, 0x2564, 0x2565, 0x2559, 0x2558, 0x2552, 0x2553, 0x256B, 0x256A, 0x2518, 0x250C, 0x2588, 0x
 247:../libDaisy/Middlewares/Third_Party/FatFs/src/option/ccsbcs.c **** 	0x0440, 0x0441, 0x0442, 0x0443, 0x0444, 0x0445, 0x0446, 0x0447, 0x0448, 0x0449, 0x044A, 0x044B, 0x
 248:../libDaisy/Middlewares/Third_Party/FatFs/src/option/ccsbcs.c **** 	0x0401, 0x0451, 0x0404, 0x0454, 0x0407, 0x0457, 0x040E, 0x045E, 0x00B0, 0x2219, 0x00B7, 0x221A, 0x
 249:../libDaisy/Middlewares/Third_Party/FatFs/src/option/ccsbcs.c **** };
 250:../libDaisy/Middlewares/Third_Party/FatFs/src/option/ccsbcs.c **** 
 251:../libDaisy/Middlewares/Third_Party/FatFs/src/option/ccsbcs.c **** #elif _CODE_PAGE == 869
 252:../libDaisy/Middlewares/Third_Party/FatFs/src/option/ccsbcs.c **** #define _TBLDEF 1
 253:../libDaisy/Middlewares/Third_Party/FatFs/src/option/ccsbcs.c **** static
 254:../libDaisy/Middlewares/Third_Party/FatFs/src/option/ccsbcs.c **** const WCHAR Tbl[] = {	/*  CP869(0x80-0xFF) to Unicode conversion table */
 255:../libDaisy/Middlewares/Third_Party/FatFs/src/option/ccsbcs.c **** 	0x00B7, 0x00B7, 0x00B7, 0x00B7, 0x00B7, 0x00B7, 0x0386, 0x00B7, 0x00B7, 0x00AC, 0x00A6, 0x2018, 0x
 256:../libDaisy/Middlewares/Third_Party/FatFs/src/option/ccsbcs.c **** 	0x038A, 0x03AA, 0x038C, 0x00B7, 0x00B7, 0x038E, 0x03AB, 0x00A9, 0x038F, 0x00B2, 0x00B3, 0x03AC, 0x
 257:../libDaisy/Middlewares/Third_Party/FatFs/src/option/ccsbcs.c **** 	0x03CA, 0x0390, 0x03CC, 0x03CD, 0x0391, 0x0392, 0x0393, 0x0394, 0x0395, 0x0396, 0x0397, 0x00BD, 0x
 258:../libDaisy/Middlewares/Third_Party/FatFs/src/option/ccsbcs.c **** 	0x2591, 0x2592, 0x2593, 0x2502, 0x2524, 0x039A, 0x039B, 0x039C, 0x039D, 0x2563, 0x2551, 0x2557, 0x
 259:../libDaisy/Middlewares/Third_Party/FatFs/src/option/ccsbcs.c **** 	0x2514, 0x2534, 0x252C, 0x251C, 0x2500, 0x253C, 0x0A30, 0x03A1, 0x255A, 0x2554, 0x2569, 0x2566, 0x
 260:../libDaisy/Middlewares/Third_Party/FatFs/src/option/ccsbcs.c **** 	0x03A4, 0x03A5, 0x03A6, 0x03A7, 0x03A8, 0x03A9, 0x03B1, 0x03B2, 0x03B3, 0x2518, 0x250C, 0x2588, 0x
 261:../libDaisy/Middlewares/Third_Party/FatFs/src/option/ccsbcs.c **** 	0x03B6, 0x03B7, 0x03B8, 0x03B9, 0x03BA, 0x03BB, 0x03BC, 0x03BD, 0x03BE, 0x03BF, 0x03C0, 0x03C1, 0x
 262:../libDaisy/Middlewares/Third_Party/FatFs/src/option/ccsbcs.c **** 	0x00AD, 0x00B1, 0x03C5, 0x03C6, 0x03C7, 0x00A7, 0x03C8, 0x0385, 0x00B0, 0x00A8, 0x03C9, 0x03CB, 0x
 263:../libDaisy/Middlewares/Third_Party/FatFs/src/option/ccsbcs.c **** };
 264:../libDaisy/Middlewares/Third_Party/FatFs/src/option/ccsbcs.c **** 
 265:../libDaisy/Middlewares/Third_Party/FatFs/src/option/ccsbcs.c **** #endif
 266:../libDaisy/Middlewares/Third_Party/FatFs/src/option/ccsbcs.c **** 
 267:../libDaisy/Middlewares/Third_Party/FatFs/src/option/ccsbcs.c **** 
 268:../libDaisy/Middlewares/Third_Party/FatFs/src/option/ccsbcs.c **** #if !_TBLDEF || !_USE_LFN
 269:../libDaisy/Middlewares/Third_Party/FatFs/src/option/ccsbcs.c **** #error This file is not needed at current configuration. Remove from the project.
 270:../libDaisy/Middlewares/Third_Party/FatFs/src/option/ccsbcs.c **** #endif
 271:../libDaisy/Middlewares/Third_Party/FatFs/src/option/ccsbcs.c **** 
 272:../libDaisy/Middlewares/Third_Party/FatFs/src/option/ccsbcs.c **** 
 273:../libDaisy/Middlewares/Third_Party/FatFs/src/option/ccsbcs.c **** 
 274:../libDaisy/Middlewares/Third_Party/FatFs/src/option/ccsbcs.c **** 
 275:../libDaisy/Middlewares/Third_Party/FatFs/src/option/ccsbcs.c **** WCHAR ff_convert (	/* Converted character, Returns zero on error */
 276:../libDaisy/Middlewares/Third_Party/FatFs/src/option/ccsbcs.c **** 	WCHAR	chr,	/* Character code to be converted */
 277:../libDaisy/Middlewares/Third_Party/FatFs/src/option/ccsbcs.c **** 	UINT	dir		/* 0: Unicode to OEM code, 1: OEM code to Unicode */
 278:../libDaisy/Middlewares/Third_Party/FatFs/src/option/ccsbcs.c **** )
 279:../libDaisy/Middlewares/Third_Party/FatFs/src/option/ccsbcs.c **** {
 161              		.loc 1 279 1
 162              		.cfi_startproc
 163              		@ args = 0, pretend = 0, frame = 16
 164              		@ frame_needed = 1, uses_anonymous_args = 0
 165              		@ link register save eliminated.
 166 0000 80B4     		push	{r7}
 167              		.cfi_def_cfa_offset 4
 168              		.cfi_offset 7, -4
 169 0002 85B0     		sub	sp, sp, #20
 170              		.cfi_def_cfa_offset 24
 171 0004 00AF     		add	r7, sp, #0
 172              		.cfi_def_cfa_register 7
 173 0006 0346     		mov	r3, r0
 174 0008 3960     		str	r1, [r7]
 175 000a FB80     		strh	r3, [r7, #6]	@ movhi
 280:../libDaisy/Middlewares/Third_Party/FatFs/src/option/ccsbcs.c **** 	WCHAR c;
 281:../libDaisy/Middlewares/Third_Party/FatFs/src/option/ccsbcs.c **** 
 282:../libDaisy/Middlewares/Third_Party/FatFs/src/option/ccsbcs.c **** 
 283:../libDaisy/Middlewares/Third_Party/FatFs/src/option/ccsbcs.c **** 	if (chr < 0x80) {	/* ASCII */
 176              		.loc 1 283 5
ARM GAS  /tmp/ccBetmZK.s 			page 9


 177 000c FB88     		ldrh	r3, [r7, #6]
 178 000e 7F2B     		cmp	r3, #127
 179 0010 02D8     		bhi	.L2
 284:../libDaisy/Middlewares/Third_Party/FatFs/src/option/ccsbcs.c **** 		c = chr;
 180              		.loc 1 284 5
 181 0012 FB88     		ldrh	r3, [r7, #6]	@ movhi
 182 0014 FB81     		strh	r3, [r7, #14]	@ movhi
 183 0016 25E0     		b	.L3
 184              	.L2:
 285:../libDaisy/Middlewares/Third_Party/FatFs/src/option/ccsbcs.c **** 
 286:../libDaisy/Middlewares/Third_Party/FatFs/src/option/ccsbcs.c **** 	} else {
 287:../libDaisy/Middlewares/Third_Party/FatFs/src/option/ccsbcs.c **** 		if (dir) {		/* OEM code to Unicode */
 185              		.loc 1 287 6
 186 0018 3B68     		ldr	r3, [r7]
 187 001a 002B     		cmp	r3, #0
 188 001c 0BD0     		beq	.L4
 288:../libDaisy/Middlewares/Third_Party/FatFs/src/option/ccsbcs.c **** 			c = (chr >= 0x100) ? 0 : Tbl[chr - 0x80];
 189              		.loc 1 288 6
 190 001e FB88     		ldrh	r3, [r7, #6]
 191 0020 FF2B     		cmp	r3, #255
 192 0022 05D8     		bhi	.L5
 193              		.loc 1 288 37 discriminator 1
 194 0024 FB88     		ldrh	r3, [r7, #6]
 195 0026 803B     		subs	r3, r3, #128
 196              		.loc 1 288 6 discriminator 1
 197 0028 124A     		ldr	r2, .L13
 198 002a 32F81330 		ldrh	r3, [r2, r3, lsl #1]
 199 002e 00E0     		b	.L6
 200              	.L5:
 201              		.loc 1 288 6 is_stmt 0 discriminator 2
 202 0030 0023     		movs	r3, #0
 203              	.L6:
 204              		.loc 1 288 6 discriminator 4
 205 0032 FB81     		strh	r3, [r7, #14]	@ movhi
 206 0034 16E0     		b	.L3
 207              	.L4:
 289:../libDaisy/Middlewares/Third_Party/FatFs/src/option/ccsbcs.c **** 
 290:../libDaisy/Middlewares/Third_Party/FatFs/src/option/ccsbcs.c **** 		} else {		/* Unicode to OEM code */
 291:../libDaisy/Middlewares/Third_Party/FatFs/src/option/ccsbcs.c **** 			for (c = 0; c < 0x80; c++) {
 208              		.loc 1 291 11 is_stmt 1
 209 0036 0023     		movs	r3, #0
 210 0038 FB81     		strh	r3, [r7, #14]	@ movhi
 211              		.loc 1 291 4
 212 003a 09E0     		b	.L7
 213              	.L10:
 292:../libDaisy/Middlewares/Third_Party/FatFs/src/option/ccsbcs.c **** 				if (chr == Tbl[c]) break;
 214              		.loc 1 292 19
 215 003c FB89     		ldrh	r3, [r7, #14]
 216 003e 0D4A     		ldr	r2, .L13
 217 0040 32F81330 		ldrh	r3, [r2, r3, lsl #1]
 218              		.loc 1 292 8
 219 0044 FA88     		ldrh	r2, [r7, #6]
 220 0046 9A42     		cmp	r2, r3
 221 0048 06D0     		beq	.L12
 291:../libDaisy/Middlewares/Third_Party/FatFs/src/option/ccsbcs.c **** 				if (chr == Tbl[c]) break;
 222              		.loc 1 291 27 discriminator 2
 223 004a FB89     		ldrh	r3, [r7, #14]
ARM GAS  /tmp/ccBetmZK.s 			page 10


 224 004c 0133     		adds	r3, r3, #1
 225 004e FB81     		strh	r3, [r7, #14]	@ movhi
 226              	.L7:
 291:../libDaisy/Middlewares/Third_Party/FatFs/src/option/ccsbcs.c **** 				if (chr == Tbl[c]) break;
 227              		.loc 1 291 4 discriminator 1
 228 0050 FB89     		ldrh	r3, [r7, #14]
 229 0052 7F2B     		cmp	r3, #127
 230 0054 F2D9     		bls	.L10
 231 0056 00E0     		b	.L9
 232              	.L12:
 233              		.loc 1 292 5
 234 0058 00BF     		nop
 235              	.L9:
 293:../libDaisy/Middlewares/Third_Party/FatFs/src/option/ccsbcs.c **** 			}
 294:../libDaisy/Middlewares/Third_Party/FatFs/src/option/ccsbcs.c **** 			c = (c + 0x80) & 0xFF;
 236              		.loc 1 294 11
 237 005a FB89     		ldrh	r3, [r7, #14]	@ movhi
 238 005c 8033     		adds	r3, r3, #128
 239 005e 9BB2     		uxth	r3, r3
 240              		.loc 1 294 6
 241 0060 DBB2     		uxtb	r3, r3
 242 0062 FB81     		strh	r3, [r7, #14]	@ movhi
 243              	.L3:
 295:../libDaisy/Middlewares/Third_Party/FatFs/src/option/ccsbcs.c **** 		}
 296:../libDaisy/Middlewares/Third_Party/FatFs/src/option/ccsbcs.c **** 	}
 297:../libDaisy/Middlewares/Third_Party/FatFs/src/option/ccsbcs.c **** 
 298:../libDaisy/Middlewares/Third_Party/FatFs/src/option/ccsbcs.c **** 	return c;
 244              		.loc 1 298 9
 245 0064 FB89     		ldrh	r3, [r7, #14]
 299:../libDaisy/Middlewares/Third_Party/FatFs/src/option/ccsbcs.c **** }
 246              		.loc 1 299 1
 247 0066 1846     		mov	r0, r3
 248 0068 1437     		adds	r7, r7, #20
 249              		.cfi_def_cfa_offset 4
 250 006a BD46     		mov	sp, r7
 251              		.cfi_def_cfa_register 13
 252              		@ sp needed
 253 006c 5DF8047B 		ldr	r7, [sp], #4
 254              		.cfi_restore 7
 255              		.cfi_def_cfa_offset 0
 256 0070 7047     		bx	lr
 257              	.L14:
 258 0072 00BF     		.align	2
 259              	.L13:
 260 0074 00000000 		.word	Tbl
 261              		.cfi_endproc
 262              	.LFE320:
 264              		.section	.text.ff_wtoupper,"ax",%progbits
 265              		.align	1
 266              		.global	ff_wtoupper
 267              		.syntax unified
 268              		.thumb
 269              		.thumb_func
 270              		.fpu fpv5-d16
 272              	ff_wtoupper:
 273              	.LFB321:
 300:../libDaisy/Middlewares/Third_Party/FatFs/src/option/ccsbcs.c **** 
ARM GAS  /tmp/ccBetmZK.s 			page 11


 301:../libDaisy/Middlewares/Third_Party/FatFs/src/option/ccsbcs.c **** 
 302:../libDaisy/Middlewares/Third_Party/FatFs/src/option/ccsbcs.c **** 
 303:../libDaisy/Middlewares/Third_Party/FatFs/src/option/ccsbcs.c **** WCHAR ff_wtoupper (	/* Returns upper converted character */
 304:../libDaisy/Middlewares/Third_Party/FatFs/src/option/ccsbcs.c **** 	WCHAR chr		/* Unicode character to be upper converted (BMP only) */
 305:../libDaisy/Middlewares/Third_Party/FatFs/src/option/ccsbcs.c **** )
 306:../libDaisy/Middlewares/Third_Party/FatFs/src/option/ccsbcs.c **** {
 274              		.loc 1 306 1
 275              		.cfi_startproc
 276              		@ args = 0, pretend = 0, frame = 24
 277              		@ frame_needed = 1, uses_anonymous_args = 0
 278              		@ link register save eliminated.
 279 0000 80B4     		push	{r7}
 280              		.cfi_def_cfa_offset 4
 281              		.cfi_offset 7, -4
 282 0002 87B0     		sub	sp, sp, #28
 283              		.cfi_def_cfa_offset 32
 284 0004 00AF     		add	r7, sp, #0
 285              		.cfi_def_cfa_register 7
 286 0006 0346     		mov	r3, r0
 287 0008 FB80     		strh	r3, [r7, #6]	@ movhi
 307:../libDaisy/Middlewares/Third_Party/FatFs/src/option/ccsbcs.c **** 	/* Compressed upper conversion table */
 308:../libDaisy/Middlewares/Third_Party/FatFs/src/option/ccsbcs.c **** 	static const WCHAR cvt1[] = {	/* U+0000 - U+0FFF */
 309:../libDaisy/Middlewares/Third_Party/FatFs/src/option/ccsbcs.c **** 		/* Basic Latin */
 310:../libDaisy/Middlewares/Third_Party/FatFs/src/option/ccsbcs.c **** 		0x0061,0x031A,
 311:../libDaisy/Middlewares/Third_Party/FatFs/src/option/ccsbcs.c **** 		/* Latin-1 Supplement */
 312:../libDaisy/Middlewares/Third_Party/FatFs/src/option/ccsbcs.c **** 		0x00E0,0x0317,  0x00F8,0x0307,  0x00FF,0x0001,0x0178,
 313:../libDaisy/Middlewares/Third_Party/FatFs/src/option/ccsbcs.c **** 		/* Latin Extended-A */
 314:../libDaisy/Middlewares/Third_Party/FatFs/src/option/ccsbcs.c **** 		0x0100,0x0130,  0x0132,0x0106,  0x0139,0x0110,  0x014A,0x012E,  0x0179,0x0106,
 315:../libDaisy/Middlewares/Third_Party/FatFs/src/option/ccsbcs.c **** 		/* Latin Extended-B */
 316:../libDaisy/Middlewares/Third_Party/FatFs/src/option/ccsbcs.c **** 		0x0180,0x004D,0x0243,0x0181,0x0182,0x0182,0x0184,0x0184,0x0186,0x0187,0x0187,0x0189,0x018A,0x018B
 317:../libDaisy/Middlewares/Third_Party/FatFs/src/option/ccsbcs.c **** 		0x01CD,0x0110,  0x01DD,0x0001,0x018E,  0x01DE,0x0112,  0x01F3,0x0003,0x01F1,0x01F4,0x01F4,  0x01F
 318:../libDaisy/Middlewares/Third_Party/FatFs/src/option/ccsbcs.c **** 		0x0222,0x0112,  0x023A,0x0009,0x2C65,0x023B,0x023B,0x023D,0x2C66,0x023F,0x0240,0x0241,0x0241,  0x
 319:../libDaisy/Middlewares/Third_Party/FatFs/src/option/ccsbcs.c **** 		/* IPA Extensions */
 320:../libDaisy/Middlewares/Third_Party/FatFs/src/option/ccsbcs.c **** 		0x0253,0x0040,0x0181,0x0186,0x0255,0x0189,0x018A,0x0258,0x018F,0x025A,0x0190,0x025C,0x025D,0x025E
 321:../libDaisy/Middlewares/Third_Party/FatFs/src/option/ccsbcs.c **** 		/* Greek, Coptic */
 322:../libDaisy/Middlewares/Third_Party/FatFs/src/option/ccsbcs.c **** 		0x037B,0x0003,0x03FD,0x03FE,0x03FF,  0x03AC,0x0004,0x0386,0x0388,0x0389,0x038A,  0x03B1,0x0311,
 323:../libDaisy/Middlewares/Third_Party/FatFs/src/option/ccsbcs.c **** 		0x03C2,0x0002,0x03A3,0x03A3,  0x03C4,0x0308,  0x03CC,0x0003,0x038C,0x038E,0x038F,  0x03D8,0x0118,
 324:../libDaisy/Middlewares/Third_Party/FatFs/src/option/ccsbcs.c **** 		0x03F2,0x000A,0x03F9,0x03F3,0x03F4,0x03F5,0x03F6,0x03F7,0x03F7,0x03F9,0x03FA,0x03FA,
 325:../libDaisy/Middlewares/Third_Party/FatFs/src/option/ccsbcs.c **** 		/* Cyrillic */
 326:../libDaisy/Middlewares/Third_Party/FatFs/src/option/ccsbcs.c **** 		0x0430,0x0320,  0x0450,0x0710,  0x0460,0x0122,  0x048A,0x0136,  0x04C1,0x010E,  0x04CF,0x0001,0x0
 327:../libDaisy/Middlewares/Third_Party/FatFs/src/option/ccsbcs.c **** 		/* Armenian */
 328:../libDaisy/Middlewares/Third_Party/FatFs/src/option/ccsbcs.c **** 		0x0561,0x0426,
 329:../libDaisy/Middlewares/Third_Party/FatFs/src/option/ccsbcs.c **** 
 330:../libDaisy/Middlewares/Third_Party/FatFs/src/option/ccsbcs.c **** 		0x0000
 331:../libDaisy/Middlewares/Third_Party/FatFs/src/option/ccsbcs.c **** 	};
 332:../libDaisy/Middlewares/Third_Party/FatFs/src/option/ccsbcs.c **** 	static const WCHAR cvt2[] = {	/* U+1000 - U+FFFF */
 333:../libDaisy/Middlewares/Third_Party/FatFs/src/option/ccsbcs.c **** 		/* Phonetic Extensions */
 334:../libDaisy/Middlewares/Third_Party/FatFs/src/option/ccsbcs.c **** 		0x1D7D,0x0001,0x2C63,
 335:../libDaisy/Middlewares/Third_Party/FatFs/src/option/ccsbcs.c **** 		/* Latin Extended Additional */
 336:../libDaisy/Middlewares/Third_Party/FatFs/src/option/ccsbcs.c **** 		0x1E00,0x0196,  0x1EA0,0x015A,
 337:../libDaisy/Middlewares/Third_Party/FatFs/src/option/ccsbcs.c **** 		/* Greek Extended */
 338:../libDaisy/Middlewares/Third_Party/FatFs/src/option/ccsbcs.c **** 		0x1F00,0x0608,  0x1F10,0x0606,  0x1F20,0x0608,  0x1F30,0x0608,  0x1F40,0x0606,
 339:../libDaisy/Middlewares/Third_Party/FatFs/src/option/ccsbcs.c **** 		0x1F51,0x0007,0x1F59,0x1F52,0x1F5B,0x1F54,0x1F5D,0x1F56,0x1F5F,  0x1F60,0x0608,
 340:../libDaisy/Middlewares/Third_Party/FatFs/src/option/ccsbcs.c **** 		0x1F70,0x000E,0x1FBA,0x1FBB,0x1FC8,0x1FC9,0x1FCA,0x1FCB,0x1FDA,0x1FDB,0x1FF8,0x1FF9,0x1FEA,0x1FEB
 341:../libDaisy/Middlewares/Third_Party/FatFs/src/option/ccsbcs.c **** 		0x1F80,0x0608,  0x1F90,0x0608,  0x1FA0,0x0608,  0x1FB0,0x0004,0x1FB8,0x1FB9,0x1FB2,0x1FBC,
 342:../libDaisy/Middlewares/Third_Party/FatFs/src/option/ccsbcs.c **** 		0x1FCC,0x0001,0x1FC3,  0x1FD0,0x0602,  0x1FE0,0x0602,  0x1FE5,0x0001,0x1FEC,  0x1FF2,0x0001,0x1FF
 343:../libDaisy/Middlewares/Third_Party/FatFs/src/option/ccsbcs.c **** 		/* Letterlike Symbols */
ARM GAS  /tmp/ccBetmZK.s 			page 12


 344:../libDaisy/Middlewares/Third_Party/FatFs/src/option/ccsbcs.c **** 		0x214E,0x0001,0x2132,
 345:../libDaisy/Middlewares/Third_Party/FatFs/src/option/ccsbcs.c **** 		/* Number forms */
 346:../libDaisy/Middlewares/Third_Party/FatFs/src/option/ccsbcs.c **** 		0x2170,0x0210,  0x2184,0x0001,0x2183,
 347:../libDaisy/Middlewares/Third_Party/FatFs/src/option/ccsbcs.c **** 		/* Enclosed Alphanumerics */
 348:../libDaisy/Middlewares/Third_Party/FatFs/src/option/ccsbcs.c **** 		0x24D0,0x051A,  0x2C30,0x042F,
 349:../libDaisy/Middlewares/Third_Party/FatFs/src/option/ccsbcs.c **** 		/* Latin Extended-C */
 350:../libDaisy/Middlewares/Third_Party/FatFs/src/option/ccsbcs.c **** 		0x2C60,0x0102,  0x2C67,0x0106, 0x2C75,0x0102,
 351:../libDaisy/Middlewares/Third_Party/FatFs/src/option/ccsbcs.c **** 		/* Coptic */
 352:../libDaisy/Middlewares/Third_Party/FatFs/src/option/ccsbcs.c **** 		0x2C80,0x0164,
 353:../libDaisy/Middlewares/Third_Party/FatFs/src/option/ccsbcs.c **** 		/* Georgian Supplement */
 354:../libDaisy/Middlewares/Third_Party/FatFs/src/option/ccsbcs.c **** 		0x2D00,0x0826,
 355:../libDaisy/Middlewares/Third_Party/FatFs/src/option/ccsbcs.c **** 		/* Full-width */
 356:../libDaisy/Middlewares/Third_Party/FatFs/src/option/ccsbcs.c **** 		0xFF41,0x031A,
 357:../libDaisy/Middlewares/Third_Party/FatFs/src/option/ccsbcs.c **** 
 358:../libDaisy/Middlewares/Third_Party/FatFs/src/option/ccsbcs.c **** 		0x0000
 359:../libDaisy/Middlewares/Third_Party/FatFs/src/option/ccsbcs.c **** 	};
 360:../libDaisy/Middlewares/Third_Party/FatFs/src/option/ccsbcs.c **** 	const WCHAR *p;
 361:../libDaisy/Middlewares/Third_Party/FatFs/src/option/ccsbcs.c **** 	WCHAR bc, nc, cmd;
 362:../libDaisy/Middlewares/Third_Party/FatFs/src/option/ccsbcs.c **** 
 363:../libDaisy/Middlewares/Third_Party/FatFs/src/option/ccsbcs.c **** 
 364:../libDaisy/Middlewares/Third_Party/FatFs/src/option/ccsbcs.c **** 	p = chr < 0x1000 ? cvt1 : cvt2;
 288              		.loc 1 364 26
 289 000a FB88     		ldrh	r3, [r7, #6]
 290 000c B3F5805F 		cmp	r3, #4096
 291 0010 01D2     		bcs	.L16
 292              		.loc 1 364 26 is_stmt 0 discriminator 1
 293 0012 3E4B     		ldr	r3, .L35
 294 0014 00E0     		b	.L17
 295              	.L16:
 296              		.loc 1 364 26 discriminator 2
 297 0016 3E4B     		ldr	r3, .L35+4
 298              	.L17:
 299              		.loc 1 364 4 is_stmt 1 discriminator 4
 300 0018 7B61     		str	r3, [r7, #20]
 301              	.L32:
 365:../libDaisy/Middlewares/Third_Party/FatFs/src/option/ccsbcs.c **** 	for (;;) {
 366:../libDaisy/Middlewares/Third_Party/FatFs/src/option/ccsbcs.c **** 		bc = *p++;								/* Get block base */
 302              		.loc 1 366 10
 303 001a 7B69     		ldr	r3, [r7, #20]
 304 001c 9A1C     		adds	r2, r3, #2
 305 001e 7A61     		str	r2, [r7, #20]
 306              		.loc 1 366 6
 307 0020 1B88     		ldrh	r3, [r3]	@ movhi
 308 0022 7B82     		strh	r3, [r7, #18]	@ movhi
 367:../libDaisy/Middlewares/Third_Party/FatFs/src/option/ccsbcs.c **** 		if (!bc || chr < bc) break;
 309              		.loc 1 367 6
 310 0024 7B8A     		ldrh	r3, [r7, #18]
 311 0026 002B     		cmp	r3, #0
 312 0028 68D0     		beq	.L18
 313              		.loc 1 367 11 discriminator 1
 314 002a FA88     		ldrh	r2, [r7, #6]
 315 002c 7B8A     		ldrh	r3, [r7, #18]
 316 002e 9A42     		cmp	r2, r3
 317 0030 64D3     		bcc	.L18
 368:../libDaisy/Middlewares/Third_Party/FatFs/src/option/ccsbcs.c **** 		nc = *p++; cmd = nc >> 8; nc &= 0xFF;	/* Get processing command and block size */
 318              		.loc 1 368 10
 319 0032 7B69     		ldr	r3, [r7, #20]
ARM GAS  /tmp/ccBetmZK.s 			page 13


 320 0034 9A1C     		adds	r2, r3, #2
 321 0036 7A61     		str	r2, [r7, #20]
 322              		.loc 1 368 6
 323 0038 1B88     		ldrh	r3, [r3]	@ movhi
 324 003a 3B82     		strh	r3, [r7, #16]	@ movhi
 325              		.loc 1 368 18
 326 003c 3B8A     		ldrh	r3, [r7, #16]
 327 003e 1B0A     		lsrs	r3, r3, #8
 328 0040 FB81     		strh	r3, [r7, #14]	@ movhi
 329              		.loc 1 368 32
 330 0042 3B8A     		ldrh	r3, [r7, #16]	@ movhi
 331 0044 DBB2     		uxtb	r3, r3
 332 0046 3B82     		strh	r3, [r7, #16]	@ movhi
 369:../libDaisy/Middlewares/Third_Party/FatFs/src/option/ccsbcs.c **** 		if (chr < bc + nc) {	/* In the block? */
 333              		.loc 1 369 11
 334 0048 FA88     		ldrh	r2, [r7, #6]
 335              		.loc 1 369 16
 336 004a 798A     		ldrh	r1, [r7, #18]
 337 004c 3B8A     		ldrh	r3, [r7, #16]
 338 004e 0B44     		add	r3, r3, r1
 339              		.loc 1 369 6
 340 0050 9A42     		cmp	r2, r3
 341 0052 49DA     		bge	.L19
 370:../libDaisy/Middlewares/Third_Party/FatFs/src/option/ccsbcs.c **** 			switch (cmd) {
 342              		.loc 1 370 4
 343 0054 FB89     		ldrh	r3, [r7, #14]
 344 0056 082B     		cmp	r3, #8
 345 0058 4FD8     		bhi	.L34
 346 005a 01A2     		adr	r2, .L22
 347 005c 52F823F0 		ldr	pc, [r2, r3, lsl #2]
 348              		.p2align 2
 349              	.L22:
 350 0060 85000000 		.word	.L30+1
 351 0064 97000000 		.word	.L29+1
 352 0068 AD000000 		.word	.L28+1
 353 006c B5000000 		.word	.L27+1
 354 0070 BD000000 		.word	.L26+1
 355 0074 C5000000 		.word	.L25+1
 356 0078 CD000000 		.word	.L24+1
 357 007c D5000000 		.word	.L23+1
 358 0080 DD000000 		.word	.L21+1
 359              		.p2align 1
 360              	.L30:
 371:../libDaisy/Middlewares/Third_Party/FatFs/src/option/ccsbcs.c **** 			case 0:	chr = p[chr - bc]; break;		/* Table conversion */
 361              		.loc 1 371 24
 362 0084 FA88     		ldrh	r2, [r7, #6]
 363 0086 7B8A     		ldrh	r3, [r7, #18]
 364 0088 D31A     		subs	r3, r2, r3
 365              		.loc 1 371 19
 366 008a 5B00     		lsls	r3, r3, #1
 367 008c 7A69     		ldr	r2, [r7, #20]
 368 008e 1344     		add	r3, r3, r2
 369              		.loc 1 371 16
 370 0090 1B88     		ldrh	r3, [r3]	@ movhi
 371 0092 FB80     		strh	r3, [r7, #6]	@ movhi
 372              		.loc 1 371 4
 373 0094 27E0     		b	.L20
ARM GAS  /tmp/ccBetmZK.s 			page 14


 374              	.L29:
 372:../libDaisy/Middlewares/Third_Party/FatFs/src/option/ccsbcs.c **** 			case 1:	chr -= (chr - bc) & 1; break;	/* Case pairs */
 375              		.loc 1 372 30
 376 0096 FA88     		ldrh	r2, [r7, #6]	@ movhi
 377 0098 7B8A     		ldrh	r3, [r7, #18]	@ movhi
 378 009a D31A     		subs	r3, r2, r3
 379 009c 9BB2     		uxth	r3, r3
 380 009e 03F00103 		and	r3, r3, #1
 381 00a2 9BB2     		uxth	r3, r3
 382              		.loc 1 372 16
 383 00a4 FA88     		ldrh	r2, [r7, #6]	@ movhi
 384 00a6 D31A     		subs	r3, r2, r3
 385 00a8 FB80     		strh	r3, [r7, #6]	@ movhi
 386              		.loc 1 372 4
 387 00aa 1CE0     		b	.L20
 388              	.L28:
 373:../libDaisy/Middlewares/Third_Party/FatFs/src/option/ccsbcs.c **** 			case 2: chr -= 16; break;				/* Shift -16 */
 389              		.loc 1 373 16
 390 00ac FB88     		ldrh	r3, [r7, #6]	@ movhi
 391 00ae 103B     		subs	r3, r3, #16
 392 00b0 FB80     		strh	r3, [r7, #6]	@ movhi
 393              		.loc 1 373 4
 394 00b2 18E0     		b	.L20
 395              	.L27:
 374:../libDaisy/Middlewares/Third_Party/FatFs/src/option/ccsbcs.c **** 			case 3:	chr -= 32; break;				/* Shift -32 */
 396              		.loc 1 374 16
 397 00b4 FB88     		ldrh	r3, [r7, #6]	@ movhi
 398 00b6 203B     		subs	r3, r3, #32
 399 00b8 FB80     		strh	r3, [r7, #6]	@ movhi
 400              		.loc 1 374 4
 401 00ba 14E0     		b	.L20
 402              	.L26:
 375:../libDaisy/Middlewares/Third_Party/FatFs/src/option/ccsbcs.c **** 			case 4:	chr -= 48; break;				/* Shift -48 */
 403              		.loc 1 375 16
 404 00bc FB88     		ldrh	r3, [r7, #6]	@ movhi
 405 00be 303B     		subs	r3, r3, #48
 406 00c0 FB80     		strh	r3, [r7, #6]	@ movhi
 407              		.loc 1 375 4
 408 00c2 10E0     		b	.L20
 409              	.L25:
 376:../libDaisy/Middlewares/Third_Party/FatFs/src/option/ccsbcs.c **** 			case 5:	chr -= 26; break;				/* Shift -26 */
 410              		.loc 1 376 16
 411 00c4 FB88     		ldrh	r3, [r7, #6]	@ movhi
 412 00c6 1A3B     		subs	r3, r3, #26
 413 00c8 FB80     		strh	r3, [r7, #6]	@ movhi
 414              		.loc 1 376 4
 415 00ca 0CE0     		b	.L20
 416              	.L24:
 377:../libDaisy/Middlewares/Third_Party/FatFs/src/option/ccsbcs.c **** 			case 6:	chr += 8; break;				/* Shift +8 */
 417              		.loc 1 377 16
 418 00cc FB88     		ldrh	r3, [r7, #6]	@ movhi
 419 00ce 0833     		adds	r3, r3, #8
 420 00d0 FB80     		strh	r3, [r7, #6]	@ movhi
 421              		.loc 1 377 4
 422 00d2 08E0     		b	.L20
 423              	.L23:
 378:../libDaisy/Middlewares/Third_Party/FatFs/src/option/ccsbcs.c **** 			case 7: chr -= 80; break;				/* Shift -80 */
ARM GAS  /tmp/ccBetmZK.s 			page 15


 424              		.loc 1 378 16
 425 00d4 FB88     		ldrh	r3, [r7, #6]	@ movhi
 426 00d6 503B     		subs	r3, r3, #80
 427 00d8 FB80     		strh	r3, [r7, #6]	@ movhi
 428              		.loc 1 378 4
 429 00da 04E0     		b	.L20
 430              	.L21:
 379:../libDaisy/Middlewares/Third_Party/FatFs/src/option/ccsbcs.c **** 			case 8:	chr -= 0x1C60; break;			/* Shift -0x1C60 */
 431              		.loc 1 379 16
 432 00dc FB88     		ldrh	r3, [r7, #6]	@ movhi
 433 00de A3F5E353 		sub	r3, r3, #7264
 434 00e2 FB80     		strh	r3, [r7, #6]	@ movhi
 435              		.loc 1 379 4
 436 00e4 00BF     		nop
 437              	.L20:
 380:../libDaisy/Middlewares/Third_Party/FatFs/src/option/ccsbcs.c **** 			}
 381:../libDaisy/Middlewares/Third_Party/FatFs/src/option/ccsbcs.c **** 			break;
 438              		.loc 1 381 4
 439 00e6 08E0     		b	.L34
 440              	.L19:
 382:../libDaisy/Middlewares/Third_Party/FatFs/src/option/ccsbcs.c **** 		}
 383:../libDaisy/Middlewares/Third_Party/FatFs/src/option/ccsbcs.c **** 		if (!cmd) p += nc;
 441              		.loc 1 383 6
 442 00e8 FB89     		ldrh	r3, [r7, #14]
 443 00ea 002B     		cmp	r3, #0
 444 00ec 95D1     		bne	.L32
 445              		.loc 1 383 15 discriminator 1
 446 00ee 3B8A     		ldrh	r3, [r7, #16]
 447 00f0 5B00     		lsls	r3, r3, #1
 448 00f2 7A69     		ldr	r2, [r7, #20]
 449 00f4 1344     		add	r3, r3, r2
 450 00f6 7B61     		str	r3, [r7, #20]
 366:../libDaisy/Middlewares/Third_Party/FatFs/src/option/ccsbcs.c **** 		if (!bc || chr < bc) break;
 451              		.loc 1 366 6 discriminator 1
 452 00f8 8FE7     		b	.L32
 453              	.L34:
 381:../libDaisy/Middlewares/Third_Party/FatFs/src/option/ccsbcs.c **** 		}
 454              		.loc 1 381 4
 455 00fa 00BF     		nop
 456              	.L18:
 384:../libDaisy/Middlewares/Third_Party/FatFs/src/option/ccsbcs.c **** 	}
 385:../libDaisy/Middlewares/Third_Party/FatFs/src/option/ccsbcs.c **** 
 386:../libDaisy/Middlewares/Third_Party/FatFs/src/option/ccsbcs.c **** 	return chr;
 457              		.loc 1 386 9
 458 00fc FB88     		ldrh	r3, [r7, #6]
 387:../libDaisy/Middlewares/Third_Party/FatFs/src/option/ccsbcs.c **** }
 459              		.loc 1 387 1
 460 00fe 1846     		mov	r0, r3
 461 0100 1C37     		adds	r7, r7, #28
 462              		.cfi_def_cfa_offset 4
 463 0102 BD46     		mov	sp, r7
 464              		.cfi_def_cfa_register 13
 465              		@ sp needed
 466 0104 5DF8047B 		ldr	r7, [sp], #4
 467              		.cfi_restore 7
 468              		.cfi_def_cfa_offset 0
 469 0108 7047     		bx	lr
ARM GAS  /tmp/ccBetmZK.s 			page 16


 470              	.L36:
 471 010a 00BF     		.align	2
 472              	.L35:
 473 010c 00000000 		.word	cvt1.1
 474 0110 00000000 		.word	cvt2.0
 475              		.cfi_endproc
 476              	.LFE321:
 478              		.section	.rodata.cvt1.1,"a"
 479              		.align	2
 482              	cvt1.1:
 483 0000 6100     		.short	97
 484 0002 1A03     		.short	794
 485 0004 E000     		.short	224
 486 0006 1703     		.short	791
 487 0008 F800     		.short	248
 488 000a 0703     		.short	775
 489 000c FF00     		.short	255
 490 000e 0100     		.short	1
 491 0010 7801     		.short	376
 492 0012 0001     		.short	256
 493 0014 3001     		.short	304
 494 0016 3201     		.short	306
 495 0018 0601     		.short	262
 496 001a 3901     		.short	313
 497 001c 1001     		.short	272
 498 001e 4A01     		.short	330
 499 0020 2E01     		.short	302
 500 0022 7901     		.short	377
 501 0024 0601     		.short	262
 502 0026 8001     		.short	384
 503 0028 4D00     		.short	77
 504 002a 4302     		.short	579
 505 002c 8101     		.short	385
 506 002e 8201     		.short	386
 507 0030 8201     		.short	386
 508 0032 8401     		.short	388
 509 0034 8401     		.short	388
 510 0036 8601     		.short	390
 511 0038 8701     		.short	391
 512 003a 8701     		.short	391
 513 003c 8901     		.short	393
 514 003e 8A01     		.short	394
 515 0040 8B01     		.short	395
 516 0042 8B01     		.short	395
 517 0044 8D01     		.short	397
 518 0046 8E01     		.short	398
 519 0048 8F01     		.short	399
 520 004a 9001     		.short	400
 521 004c 9101     		.short	401
 522 004e 9101     		.short	401
 523 0050 9301     		.short	403
 524 0052 9401     		.short	404
 525 0054 F601     		.short	502
 526 0056 9601     		.short	406
 527 0058 9701     		.short	407
 528 005a 9801     		.short	408
 529 005c 9801     		.short	408
ARM GAS  /tmp/ccBetmZK.s 			page 17


 530 005e 3D02     		.short	573
 531 0060 9B01     		.short	411
 532 0062 9C01     		.short	412
 533 0064 9D01     		.short	413
 534 0066 2002     		.short	544
 535 0068 9F01     		.short	415
 536 006a A001     		.short	416
 537 006c A001     		.short	416
 538 006e A201     		.short	418
 539 0070 A201     		.short	418
 540 0072 A401     		.short	420
 541 0074 A401     		.short	420
 542 0076 A601     		.short	422
 543 0078 A701     		.short	423
 544 007a A701     		.short	423
 545 007c A901     		.short	425
 546 007e AA01     		.short	426
 547 0080 AB01     		.short	427
 548 0082 AC01     		.short	428
 549 0084 AC01     		.short	428
 550 0086 AE01     		.short	430
 551 0088 AF01     		.short	431
 552 008a AF01     		.short	431
 553 008c B101     		.short	433
 554 008e B201     		.short	434
 555 0090 B301     		.short	435
 556 0092 B301     		.short	435
 557 0094 B501     		.short	437
 558 0096 B501     		.short	437
 559 0098 B701     		.short	439
 560 009a B801     		.short	440
 561 009c B801     		.short	440
 562 009e BA01     		.short	442
 563 00a0 BB01     		.short	443
 564 00a2 BC01     		.short	444
 565 00a4 BC01     		.short	444
 566 00a6 BE01     		.short	446
 567 00a8 F701     		.short	503
 568 00aa C001     		.short	448
 569 00ac C101     		.short	449
 570 00ae C201     		.short	450
 571 00b0 C301     		.short	451
 572 00b2 C401     		.short	452
 573 00b4 C501     		.short	453
 574 00b6 C401     		.short	452
 575 00b8 C701     		.short	455
 576 00ba C801     		.short	456
 577 00bc C701     		.short	455
 578 00be CA01     		.short	458
 579 00c0 CB01     		.short	459
 580 00c2 CA01     		.short	458
 581 00c4 CD01     		.short	461
 582 00c6 1001     		.short	272
 583 00c8 DD01     		.short	477
 584 00ca 0100     		.short	1
 585 00cc 8E01     		.short	398
 586 00ce DE01     		.short	478
ARM GAS  /tmp/ccBetmZK.s 			page 18


 587 00d0 1201     		.short	274
 588 00d2 F301     		.short	499
 589 00d4 0300     		.short	3
 590 00d6 F101     		.short	497
 591 00d8 F401     		.short	500
 592 00da F401     		.short	500
 593 00dc F801     		.short	504
 594 00de 2801     		.short	296
 595 00e0 2202     		.short	546
 596 00e2 1201     		.short	274
 597 00e4 3A02     		.short	570
 598 00e6 0900     		.short	9
 599 00e8 652C     		.short	11365
 600 00ea 3B02     		.short	571
 601 00ec 3B02     		.short	571
 602 00ee 3D02     		.short	573
 603 00f0 662C     		.short	11366
 604 00f2 3F02     		.short	575
 605 00f4 4002     		.short	576
 606 00f6 4102     		.short	577
 607 00f8 4102     		.short	577
 608 00fa 4602     		.short	582
 609 00fc 0A01     		.short	266
 610 00fe 5302     		.short	595
 611 0100 4000     		.short	64
 612 0102 8101     		.short	385
 613 0104 8601     		.short	390
 614 0106 5502     		.short	597
 615 0108 8901     		.short	393
 616 010a 8A01     		.short	394
 617 010c 5802     		.short	600
 618 010e 8F01     		.short	399
 619 0110 5A02     		.short	602
 620 0112 9001     		.short	400
 621 0114 5C02     		.short	604
 622 0116 5D02     		.short	605
 623 0118 5E02     		.short	606
 624 011a 5F02     		.short	607
 625 011c 9301     		.short	403
 626 011e 6102     		.short	609
 627 0120 6202     		.short	610
 628 0122 9401     		.short	404
 629 0124 6402     		.short	612
 630 0126 6502     		.short	613
 631 0128 6602     		.short	614
 632 012a 6702     		.short	615
 633 012c 9701     		.short	407
 634 012e 9601     		.short	406
 635 0130 6A02     		.short	618
 636 0132 622C     		.short	11362
 637 0134 6C02     		.short	620
 638 0136 6D02     		.short	621
 639 0138 6E02     		.short	622
 640 013a 9C01     		.short	412
 641 013c 7002     		.short	624
 642 013e 7102     		.short	625
 643 0140 9D01     		.short	413
ARM GAS  /tmp/ccBetmZK.s 			page 19


 644 0142 7302     		.short	627
 645 0144 7402     		.short	628
 646 0146 9F01     		.short	415
 647 0148 7602     		.short	630
 648 014a 7702     		.short	631
 649 014c 7802     		.short	632
 650 014e 7902     		.short	633
 651 0150 7A02     		.short	634
 652 0152 7B02     		.short	635
 653 0154 7C02     		.short	636
 654 0156 642C     		.short	11364
 655 0158 7E02     		.short	638
 656 015a 7F02     		.short	639
 657 015c A601     		.short	422
 658 015e 8102     		.short	641
 659 0160 8202     		.short	642
 660 0162 A901     		.short	425
 661 0164 8402     		.short	644
 662 0166 8502     		.short	645
 663 0168 8602     		.short	646
 664 016a 8702     		.short	647
 665 016c AE01     		.short	430
 666 016e 4402     		.short	580
 667 0170 B101     		.short	433
 668 0172 B201     		.short	434
 669 0174 4502     		.short	581
 670 0176 8D02     		.short	653
 671 0178 8E02     		.short	654
 672 017a 8F02     		.short	655
 673 017c 9002     		.short	656
 674 017e 9102     		.short	657
 675 0180 B701     		.short	439
 676 0182 7B03     		.short	891
 677 0184 0300     		.short	3
 678 0186 FD03     		.short	1021
 679 0188 FE03     		.short	1022
 680 018a FF03     		.short	1023
 681 018c AC03     		.short	940
 682 018e 0400     		.short	4
 683 0190 8603     		.short	902
 684 0192 8803     		.short	904
 685 0194 8903     		.short	905
 686 0196 8A03     		.short	906
 687 0198 B103     		.short	945
 688 019a 1103     		.short	785
 689 019c C203     		.short	962
 690 019e 0200     		.short	2
 691 01a0 A303     		.short	931
 692 01a2 A303     		.short	931
 693 01a4 C403     		.short	964
 694 01a6 0803     		.short	776
 695 01a8 CC03     		.short	972
 696 01aa 0300     		.short	3
 697 01ac 8C03     		.short	908
 698 01ae 8E03     		.short	910
 699 01b0 8F03     		.short	911
 700 01b2 D803     		.short	984
ARM GAS  /tmp/ccBetmZK.s 			page 20


 701 01b4 1801     		.short	280
 702 01b6 F203     		.short	1010
 703 01b8 0A00     		.short	10
 704 01ba F903     		.short	1017
 705 01bc F303     		.short	1011
 706 01be F403     		.short	1012
 707 01c0 F503     		.short	1013
 708 01c2 F603     		.short	1014
 709 01c4 F703     		.short	1015
 710 01c6 F703     		.short	1015
 711 01c8 F903     		.short	1017
 712 01ca FA03     		.short	1018
 713 01cc FA03     		.short	1018
 714 01ce 3004     		.short	1072
 715 01d0 2003     		.short	800
 716 01d2 5004     		.short	1104
 717 01d4 1007     		.short	1808
 718 01d6 6004     		.short	1120
 719 01d8 2201     		.short	290
 720 01da 8A04     		.short	1162
 721 01dc 3601     		.short	310
 722 01de C104     		.short	1217
 723 01e0 0E01     		.short	270
 724 01e2 CF04     		.short	1231
 725 01e4 0100     		.short	1
 726 01e6 C004     		.short	1216
 727 01e8 D004     		.short	1232
 728 01ea 4401     		.short	324
 729 01ec 6105     		.short	1377
 730 01ee 2604     		.short	1062
 731 01f0 0000     		.short	0
 732              		.section	.rodata.cvt2.0,"a"
 733              		.align	2
 736              	cvt2.0:
 737 0000 7D1D     		.short	7549
 738 0002 0100     		.short	1
 739 0004 632C     		.short	11363
 740 0006 001E     		.short	7680
 741 0008 9601     		.short	406
 742 000a A01E     		.short	7840
 743 000c 5A01     		.short	346
 744 000e 001F     		.short	7936
 745 0010 0806     		.short	1544
 746 0012 101F     		.short	7952
 747 0014 0606     		.short	1542
 748 0016 201F     		.short	7968
 749 0018 0806     		.short	1544
 750 001a 301F     		.short	7984
 751 001c 0806     		.short	1544
 752 001e 401F     		.short	8000
 753 0020 0606     		.short	1542
 754 0022 511F     		.short	8017
 755 0024 0700     		.short	7
 756 0026 591F     		.short	8025
 757 0028 521F     		.short	8018
 758 002a 5B1F     		.short	8027
 759 002c 541F     		.short	8020
ARM GAS  /tmp/ccBetmZK.s 			page 21


 760 002e 5D1F     		.short	8029
 761 0030 561F     		.short	8022
 762 0032 5F1F     		.short	8031
 763 0034 601F     		.short	8032
 764 0036 0806     		.short	1544
 765 0038 701F     		.short	8048
 766 003a 0E00     		.short	14
 767 003c BA1F     		.short	8122
 768 003e BB1F     		.short	8123
 769 0040 C81F     		.short	8136
 770 0042 C91F     		.short	8137
 771 0044 CA1F     		.short	8138
 772 0046 CB1F     		.short	8139
 773 0048 DA1F     		.short	8154
 774 004a DB1F     		.short	8155
 775 004c F81F     		.short	8184
 776 004e F91F     		.short	8185
 777 0050 EA1F     		.short	8170
 778 0052 EB1F     		.short	8171
 779 0054 FA1F     		.short	8186
 780 0056 FB1F     		.short	8187
 781 0058 801F     		.short	8064
 782 005a 0806     		.short	1544
 783 005c 901F     		.short	8080
 784 005e 0806     		.short	1544
 785 0060 A01F     		.short	8096
 786 0062 0806     		.short	1544
 787 0064 B01F     		.short	8112
 788 0066 0400     		.short	4
 789 0068 B81F     		.short	8120
 790 006a B91F     		.short	8121
 791 006c B21F     		.short	8114
 792 006e BC1F     		.short	8124
 793 0070 CC1F     		.short	8140
 794 0072 0100     		.short	1
 795 0074 C31F     		.short	8131
 796 0076 D01F     		.short	8144
 797 0078 0206     		.short	1538
 798 007a E01F     		.short	8160
 799 007c 0206     		.short	1538
 800 007e E51F     		.short	8165
 801 0080 0100     		.short	1
 802 0082 EC1F     		.short	8172
 803 0084 F21F     		.short	8178
 804 0086 0100     		.short	1
 805 0088 FC1F     		.short	8188
 806 008a 4E21     		.short	8526
 807 008c 0100     		.short	1
 808 008e 3221     		.short	8498
 809 0090 7021     		.short	8560
 810 0092 1002     		.short	528
 811 0094 8421     		.short	8580
 812 0096 0100     		.short	1
 813 0098 8321     		.short	8579
 814 009a D024     		.short	9424
 815 009c 1A05     		.short	1306
 816 009e 302C     		.short	11312
ARM GAS  /tmp/ccBetmZK.s 			page 22


 817 00a0 2F04     		.short	1071
 818 00a2 602C     		.short	11360
 819 00a4 0201     		.short	258
 820 00a6 672C     		.short	11367
 821 00a8 0601     		.short	262
 822 00aa 752C     		.short	11381
 823 00ac 0201     		.short	258
 824 00ae 802C     		.short	11392
 825 00b0 6401     		.short	356
 826 00b2 002D     		.short	11520
 827 00b4 2608     		.short	2086
 828 00b6 41FF     		.short	-191
 829 00b8 1A03     		.short	794
 830 00ba 0000     		.short	0
 831              		.text
 832              	.Letext0:
 833              		.file 2 "/home/hubert/daisy/gcc/arm-none-eabi/include/machine/_default_types.h"
 834              		.file 3 "/home/hubert/daisy/gcc/arm-none-eabi/include/sys/_stdint.h"
 835              		.file 4 "../libDaisy/Middlewares/Third_Party/FatFs/src/option/../integer.h"
ARM GAS  /tmp/ccBetmZK.s 			page 23


DEFINED SYMBOLS
                            *ABS*:0000000000000000 ccsbcs.c
     /tmp/ccBetmZK.s:17     .rodata.Tbl:0000000000000000 $d
     /tmp/ccBetmZK.s:20     .rodata.Tbl:0000000000000000 Tbl
     /tmp/ccBetmZK.s:150    .text.ff_convert:0000000000000000 $t
     /tmp/ccBetmZK.s:158    .text.ff_convert:0000000000000000 ff_convert
     /tmp/ccBetmZK.s:260    .text.ff_convert:0000000000000074 $d
     /tmp/ccBetmZK.s:265    .text.ff_wtoupper:0000000000000000 $t
     /tmp/ccBetmZK.s:272    .text.ff_wtoupper:0000000000000000 ff_wtoupper
     /tmp/ccBetmZK.s:350    .text.ff_wtoupper:0000000000000060 $d
     /tmp/ccBetmZK.s:359    .text.ff_wtoupper:0000000000000084 $t
     /tmp/ccBetmZK.s:473    .text.ff_wtoupper:000000000000010c $d
     /tmp/ccBetmZK.s:482    .rodata.cvt1.1:0000000000000000 cvt1.1
     /tmp/ccBetmZK.s:736    .rodata.cvt2.0:0000000000000000 cvt2.0
     /tmp/ccBetmZK.s:479    .rodata.cvt1.1:0000000000000000 $d
     /tmp/ccBetmZK.s:733    .rodata.cvt2.0:0000000000000000 $d

NO UNDEFINED SYMBOLS
