ARM GAS  /tmp/ccIGb3Te.s 			page 1


   1              		.cpu cortex-m7
   2              		.eabi_attribute 28, 1
   3              		.eabi_attribute 20, 1
   4              		.eabi_attribute 21, 1
   5              		.eabi_attribute 23, 3
   6              		.eabi_attribute 24, 1
   7              		.eabi_attribute 25, 1
   8              		.eabi_attribute 26, 1
   9              		.eabi_attribute 30, 6
  10              		.eabi_attribute 34, 1
  11              		.eabi_attribute 18, 4
  12              		.file	"ff_gen_drv.c"
  13              		.text
  14              	.Ltext0:
  15              		.cfi_sections	.debug_frame
  16              		.global	disk
  17              		.section	.bss.disk,"aw",%nobits
  18              		.align	2
  21              	disk:
  22 0000 00000000 		.space	16
  22      00000000 
  22      00000000 
  22      00000000 
  23              		.section	.text.FATFS_LinkDriverEx,"ax",%progbits
  24              		.align	1
  25              		.global	FATFS_LinkDriverEx
  26              		.arch armv7e-m
  27              		.syntax unified
  28              		.thumb
  29              		.thumb_func
  30              		.fpu fpv5-d16
  32              	FATFS_LinkDriverEx:
  33              	.LFB320:
  34              		.file 1 "../libDaisy/Middlewares/Third_Party/FatFs/src/ff_gen_drv.c"
   1:../libDaisy/Middlewares/Third_Party/FatFs/src/ff_gen_drv.c **** /**
   2:../libDaisy/Middlewares/Third_Party/FatFs/src/ff_gen_drv.c ****   ******************************************************************************
   3:../libDaisy/Middlewares/Third_Party/FatFs/src/ff_gen_drv.c ****   * @file    ff_gen_drv.c
   4:../libDaisy/Middlewares/Third_Party/FatFs/src/ff_gen_drv.c ****   * @author  MCD Application Team
   5:../libDaisy/Middlewares/Third_Party/FatFs/src/ff_gen_drv.c ****   * @brief   FatFs generic low level driver.
   6:../libDaisy/Middlewares/Third_Party/FatFs/src/ff_gen_drv.c ****   *****************************************************************************
   7:../libDaisy/Middlewares/Third_Party/FatFs/src/ff_gen_drv.c ****   * @attention
   8:../libDaisy/Middlewares/Third_Party/FatFs/src/ff_gen_drv.c ****   *
   9:../libDaisy/Middlewares/Third_Party/FatFs/src/ff_gen_drv.c ****   * Copyright (c) 2017 STMicroelectronics. All rights reserved.
  10:../libDaisy/Middlewares/Third_Party/FatFs/src/ff_gen_drv.c ****   *
  11:../libDaisy/Middlewares/Third_Party/FatFs/src/ff_gen_drv.c ****   * This software component is licensed by ST under BSD 3-Clause license,
  12:../libDaisy/Middlewares/Third_Party/FatFs/src/ff_gen_drv.c ****   * the "License"; You may not use this file except in compliance with the
  13:../libDaisy/Middlewares/Third_Party/FatFs/src/ff_gen_drv.c ****   * License. You may obtain a copy of the License at:
  14:../libDaisy/Middlewares/Third_Party/FatFs/src/ff_gen_drv.c ****   *                       opensource.org/licenses/BSD-3-Clause
  15:../libDaisy/Middlewares/Third_Party/FatFs/src/ff_gen_drv.c ****   *
  16:../libDaisy/Middlewares/Third_Party/FatFs/src/ff_gen_drv.c ****   ******************************************************************************
  17:../libDaisy/Middlewares/Third_Party/FatFs/src/ff_gen_drv.c **** **/
  18:../libDaisy/Middlewares/Third_Party/FatFs/src/ff_gen_drv.c **** /* Includes ------------------------------------------------------------------*/
  19:../libDaisy/Middlewares/Third_Party/FatFs/src/ff_gen_drv.c **** #include "ff_gen_drv.h"
  20:../libDaisy/Middlewares/Third_Party/FatFs/src/ff_gen_drv.c **** 
  21:../libDaisy/Middlewares/Third_Party/FatFs/src/ff_gen_drv.c **** /* Private typedef -----------------------------------------------------------*/
  22:../libDaisy/Middlewares/Third_Party/FatFs/src/ff_gen_drv.c **** /* Private define ------------------------------------------------------------*/
  23:../libDaisy/Middlewares/Third_Party/FatFs/src/ff_gen_drv.c **** /* Private variables ---------------------------------------------------------*/
ARM GAS  /tmp/ccIGb3Te.s 			page 2


  24:../libDaisy/Middlewares/Third_Party/FatFs/src/ff_gen_drv.c **** Disk_drvTypeDef disk = {{0},{0},{0},0};
  25:../libDaisy/Middlewares/Third_Party/FatFs/src/ff_gen_drv.c **** 
  26:../libDaisy/Middlewares/Third_Party/FatFs/src/ff_gen_drv.c **** /* Private function prototypes -----------------------------------------------*/
  27:../libDaisy/Middlewares/Third_Party/FatFs/src/ff_gen_drv.c **** /* Private functions ---------------------------------------------------------*/
  28:../libDaisy/Middlewares/Third_Party/FatFs/src/ff_gen_drv.c **** 
  29:../libDaisy/Middlewares/Third_Party/FatFs/src/ff_gen_drv.c **** /**
  30:../libDaisy/Middlewares/Third_Party/FatFs/src/ff_gen_drv.c ****   * @brief  Links a compatible diskio driver/lun id and increments the number of active
  31:../libDaisy/Middlewares/Third_Party/FatFs/src/ff_gen_drv.c ****   *         linked drivers.
  32:../libDaisy/Middlewares/Third_Party/FatFs/src/ff_gen_drv.c ****   * @note   The number of linked drivers (volumes) is up to 10 due to FatFs limits.
  33:../libDaisy/Middlewares/Third_Party/FatFs/src/ff_gen_drv.c ****   * @param  drv: pointer to the disk IO Driver structure
  34:../libDaisy/Middlewares/Third_Party/FatFs/src/ff_gen_drv.c ****   * @param  path: pointer to the logical drive path
  35:../libDaisy/Middlewares/Third_Party/FatFs/src/ff_gen_drv.c ****   * @param  lun : only used for USB Key Disk to add multi-lun management
  36:../libDaisy/Middlewares/Third_Party/FatFs/src/ff_gen_drv.c ****             else the parameter must be equal to 0
  37:../libDaisy/Middlewares/Third_Party/FatFs/src/ff_gen_drv.c ****   * @retval Returns 0 in case of success, otherwise 1.
  38:../libDaisy/Middlewares/Third_Party/FatFs/src/ff_gen_drv.c ****   */
  39:../libDaisy/Middlewares/Third_Party/FatFs/src/ff_gen_drv.c **** uint8_t FATFS_LinkDriverEx(const Diskio_drvTypeDef *drv, char *path, uint8_t lun)
  40:../libDaisy/Middlewares/Third_Party/FatFs/src/ff_gen_drv.c **** {
  35              		.loc 1 40 1
  36              		.cfi_startproc
  37              		@ args = 0, pretend = 0, frame = 24
  38              		@ frame_needed = 1, uses_anonymous_args = 0
  39              		@ link register save eliminated.
  40 0000 80B4     		push	{r7}
  41              		.cfi_def_cfa_offset 4
  42              		.cfi_offset 7, -4
  43 0002 87B0     		sub	sp, sp, #28
  44              		.cfi_def_cfa_offset 32
  45 0004 00AF     		add	r7, sp, #0
  46              		.cfi_def_cfa_register 7
  47 0006 F860     		str	r0, [r7, #12]
  48 0008 B960     		str	r1, [r7, #8]
  49 000a 1346     		mov	r3, r2
  50 000c FB71     		strb	r3, [r7, #7]
  41:../libDaisy/Middlewares/Third_Party/FatFs/src/ff_gen_drv.c ****   uint8_t ret = 1;
  51              		.loc 1 41 11
  52 000e 0123     		movs	r3, #1
  53 0010 FB75     		strb	r3, [r7, #23]
  42:../libDaisy/Middlewares/Third_Party/FatFs/src/ff_gen_drv.c ****   uint8_t DiskNum = 0;
  54              		.loc 1 42 11
  55 0012 0023     		movs	r3, #0
  56 0014 BB75     		strb	r3, [r7, #22]
  43:../libDaisy/Middlewares/Third_Party/FatFs/src/ff_gen_drv.c **** 
  44:../libDaisy/Middlewares/Third_Party/FatFs/src/ff_gen_drv.c ****   if(disk.nbr < _VOLUMES)
  57              		.loc 1 44 10
  58 0016 1F4B     		ldr	r3, .L4
  59 0018 9B7B     		ldrb	r3, [r3, #14]
  60 001a DBB2     		uxtb	r3, r3
  61              		.loc 1 44 5
  62 001c 012B     		cmp	r3, #1
  63 001e 31D8     		bhi	.L2
  45:../libDaisy/Middlewares/Third_Party/FatFs/src/ff_gen_drv.c ****   {
  46:../libDaisy/Middlewares/Third_Party/FatFs/src/ff_gen_drv.c ****     disk.is_initialized[disk.nbr] = 0;
  64              		.loc 1 46 29
  65 0020 1C4B     		ldr	r3, .L4
  66 0022 9B7B     		ldrb	r3, [r3, #14]
  67 0024 DBB2     		uxtb	r3, r3
  68 0026 1A46     		mov	r2, r3
ARM GAS  /tmp/ccIGb3Te.s 			page 3


  69              		.loc 1 46 35
  70 0028 1A4B     		ldr	r3, .L4
  71 002a 0021     		movs	r1, #0
  72 002c 9954     		strb	r1, [r3, r2]
  47:../libDaisy/Middlewares/Third_Party/FatFs/src/ff_gen_drv.c ****     disk.drv[disk.nbr] = drv;
  73              		.loc 1 47 18
  74 002e 194B     		ldr	r3, .L4
  75 0030 9B7B     		ldrb	r3, [r3, #14]
  76 0032 DBB2     		uxtb	r3, r3
  77              		.loc 1 47 24
  78 0034 174A     		ldr	r2, .L4
  79 0036 9B00     		lsls	r3, r3, #2
  80 0038 1344     		add	r3, r3, r2
  81 003a FA68     		ldr	r2, [r7, #12]
  82 003c 5A60     		str	r2, [r3, #4]
  48:../libDaisy/Middlewares/Third_Party/FatFs/src/ff_gen_drv.c ****     disk.lun[disk.nbr] = lun;
  83              		.loc 1 48 18
  84 003e 154B     		ldr	r3, .L4
  85 0040 9B7B     		ldrb	r3, [r3, #14]
  86 0042 DBB2     		uxtb	r3, r3
  87 0044 1A46     		mov	r2, r3
  88              		.loc 1 48 24
  89 0046 134B     		ldr	r3, .L4
  90 0048 1344     		add	r3, r3, r2
  91 004a FA79     		ldrb	r2, [r7, #7]
  92 004c 1A73     		strb	r2, [r3, #12]
  49:../libDaisy/Middlewares/Third_Party/FatFs/src/ff_gen_drv.c ****     DiskNum = disk.nbr++;
  93              		.loc 1 49 19
  94 004e 114B     		ldr	r3, .L4
  95 0050 9B7B     		ldrb	r3, [r3, #14]
  96 0052 DBB2     		uxtb	r3, r3
  97              		.loc 1 49 23
  98 0054 5A1C     		adds	r2, r3, #1
  99 0056 D1B2     		uxtb	r1, r2
 100 0058 0E4A     		ldr	r2, .L4
 101 005a 9173     		strb	r1, [r2, #14]
 102              		.loc 1 49 13
 103 005c BB75     		strb	r3, [r7, #22]
  50:../libDaisy/Middlewares/Third_Party/FatFs/src/ff_gen_drv.c ****     path[0] = DiskNum + '0';
 104              		.loc 1 50 23
 105 005e BB7D     		ldrb	r3, [r7, #22]
 106 0060 3033     		adds	r3, r3, #48
 107 0062 DAB2     		uxtb	r2, r3
 108              		.loc 1 50 13
 109 0064 BB68     		ldr	r3, [r7, #8]
 110 0066 1A70     		strb	r2, [r3]
  51:../libDaisy/Middlewares/Third_Party/FatFs/src/ff_gen_drv.c ****     path[1] = ':';
 111              		.loc 1 51 9
 112 0068 BB68     		ldr	r3, [r7, #8]
 113 006a 0133     		adds	r3, r3, #1
 114              		.loc 1 51 13
 115 006c 3A22     		movs	r2, #58
 116 006e 1A70     		strb	r2, [r3]
  52:../libDaisy/Middlewares/Third_Party/FatFs/src/ff_gen_drv.c ****     path[2] = '/';
 117              		.loc 1 52 9
 118 0070 BB68     		ldr	r3, [r7, #8]
 119 0072 0233     		adds	r3, r3, #2
ARM GAS  /tmp/ccIGb3Te.s 			page 4


 120              		.loc 1 52 13
 121 0074 2F22     		movs	r2, #47
 122 0076 1A70     		strb	r2, [r3]
  53:../libDaisy/Middlewares/Third_Party/FatFs/src/ff_gen_drv.c ****     path[3] = 0;
 123              		.loc 1 53 9
 124 0078 BB68     		ldr	r3, [r7, #8]
 125 007a 0333     		adds	r3, r3, #3
 126              		.loc 1 53 13
 127 007c 0022     		movs	r2, #0
 128 007e 1A70     		strb	r2, [r3]
  54:../libDaisy/Middlewares/Third_Party/FatFs/src/ff_gen_drv.c ****     ret = 0;
 129              		.loc 1 54 9
 130 0080 0023     		movs	r3, #0
 131 0082 FB75     		strb	r3, [r7, #23]
 132              	.L2:
  55:../libDaisy/Middlewares/Third_Party/FatFs/src/ff_gen_drv.c ****   }
  56:../libDaisy/Middlewares/Third_Party/FatFs/src/ff_gen_drv.c **** 
  57:../libDaisy/Middlewares/Third_Party/FatFs/src/ff_gen_drv.c ****   return ret;
 133              		.loc 1 57 10
 134 0084 FB7D     		ldrb	r3, [r7, #23]	@ zero_extendqisi2
  58:../libDaisy/Middlewares/Third_Party/FatFs/src/ff_gen_drv.c **** }
 135              		.loc 1 58 1
 136 0086 1846     		mov	r0, r3
 137 0088 1C37     		adds	r7, r7, #28
 138              		.cfi_def_cfa_offset 4
 139 008a BD46     		mov	sp, r7
 140              		.cfi_def_cfa_register 13
 141              		@ sp needed
 142 008c 5DF8047B 		ldr	r7, [sp], #4
 143              		.cfi_restore 7
 144              		.cfi_def_cfa_offset 0
 145 0090 7047     		bx	lr
 146              	.L5:
 147 0092 00BF     		.align	2
 148              	.L4:
 149 0094 00000000 		.word	disk
 150              		.cfi_endproc
 151              	.LFE320:
 153              		.section	.text.FATFS_LinkDriver,"ax",%progbits
 154              		.align	1
 155              		.global	FATFS_LinkDriver
 156              		.syntax unified
 157              		.thumb
 158              		.thumb_func
 159              		.fpu fpv5-d16
 161              	FATFS_LinkDriver:
 162              	.LFB321:
  59:../libDaisy/Middlewares/Third_Party/FatFs/src/ff_gen_drv.c **** 
  60:../libDaisy/Middlewares/Third_Party/FatFs/src/ff_gen_drv.c **** /**
  61:../libDaisy/Middlewares/Third_Party/FatFs/src/ff_gen_drv.c ****   * @brief  Links a compatible diskio driver and increments the number of active
  62:../libDaisy/Middlewares/Third_Party/FatFs/src/ff_gen_drv.c ****   *         linked drivers.
  63:../libDaisy/Middlewares/Third_Party/FatFs/src/ff_gen_drv.c ****   * @note   The number of linked drivers (volumes) is up to 10 due to FatFs limits
  64:../libDaisy/Middlewares/Third_Party/FatFs/src/ff_gen_drv.c ****   * @param  drv: pointer to the disk IO Driver structure
  65:../libDaisy/Middlewares/Third_Party/FatFs/src/ff_gen_drv.c ****   * @param  path: pointer to the logical drive path
  66:../libDaisy/Middlewares/Third_Party/FatFs/src/ff_gen_drv.c ****   * @retval Returns 0 in case of success, otherwise 1.
  67:../libDaisy/Middlewares/Third_Party/FatFs/src/ff_gen_drv.c ****   */
  68:../libDaisy/Middlewares/Third_Party/FatFs/src/ff_gen_drv.c **** uint8_t FATFS_LinkDriver(const Diskio_drvTypeDef *drv, char *path)
ARM GAS  /tmp/ccIGb3Te.s 			page 5


  69:../libDaisy/Middlewares/Third_Party/FatFs/src/ff_gen_drv.c **** {
 163              		.loc 1 69 1
 164              		.cfi_startproc
 165              		@ args = 0, pretend = 0, frame = 8
 166              		@ frame_needed = 1, uses_anonymous_args = 0
 167 0000 80B5     		push	{r7, lr}
 168              		.cfi_def_cfa_offset 8
 169              		.cfi_offset 7, -8
 170              		.cfi_offset 14, -4
 171 0002 82B0     		sub	sp, sp, #8
 172              		.cfi_def_cfa_offset 16
 173 0004 00AF     		add	r7, sp, #0
 174              		.cfi_def_cfa_register 7
 175 0006 7860     		str	r0, [r7, #4]
 176 0008 3960     		str	r1, [r7]
  70:../libDaisy/Middlewares/Third_Party/FatFs/src/ff_gen_drv.c ****   return FATFS_LinkDriverEx(drv, path, 0);
 177              		.loc 1 70 10
 178 000a 0022     		movs	r2, #0
 179 000c 3968     		ldr	r1, [r7]
 180 000e 7868     		ldr	r0, [r7, #4]
 181 0010 FFF7FEFF 		bl	FATFS_LinkDriverEx
 182 0014 0346     		mov	r3, r0
  71:../libDaisy/Middlewares/Third_Party/FatFs/src/ff_gen_drv.c **** }
 183              		.loc 1 71 1
 184 0016 1846     		mov	r0, r3
 185 0018 0837     		adds	r7, r7, #8
 186              		.cfi_def_cfa_offset 8
 187 001a BD46     		mov	sp, r7
 188              		.cfi_def_cfa_register 13
 189              		@ sp needed
 190 001c 80BD     		pop	{r7, pc}
 191              		.cfi_endproc
 192              	.LFE321:
 194              		.section	.text.FATFS_UnLinkDriverEx,"ax",%progbits
 195              		.align	1
 196              		.global	FATFS_UnLinkDriverEx
 197              		.syntax unified
 198              		.thumb
 199              		.thumb_func
 200              		.fpu fpv5-d16
 202              	FATFS_UnLinkDriverEx:
 203              	.LFB322:
  72:../libDaisy/Middlewares/Third_Party/FatFs/src/ff_gen_drv.c **** 
  73:../libDaisy/Middlewares/Third_Party/FatFs/src/ff_gen_drv.c **** /**
  74:../libDaisy/Middlewares/Third_Party/FatFs/src/ff_gen_drv.c ****   * @brief  Unlinks a diskio driver and decrements the number of active linked
  75:../libDaisy/Middlewares/Third_Party/FatFs/src/ff_gen_drv.c ****   *         drivers.
  76:../libDaisy/Middlewares/Third_Party/FatFs/src/ff_gen_drv.c ****   * @param  path: pointer to the logical drive path
  77:../libDaisy/Middlewares/Third_Party/FatFs/src/ff_gen_drv.c ****   * @param  lun : not used
  78:../libDaisy/Middlewares/Third_Party/FatFs/src/ff_gen_drv.c ****   * @retval Returns 0 in case of success, otherwise 1.
  79:../libDaisy/Middlewares/Third_Party/FatFs/src/ff_gen_drv.c ****   */
  80:../libDaisy/Middlewares/Third_Party/FatFs/src/ff_gen_drv.c **** uint8_t FATFS_UnLinkDriverEx(char *path, uint8_t lun)
  81:../libDaisy/Middlewares/Third_Party/FatFs/src/ff_gen_drv.c **** {
 204              		.loc 1 81 1
 205              		.cfi_startproc
 206              		@ args = 0, pretend = 0, frame = 16
 207              		@ frame_needed = 1, uses_anonymous_args = 0
 208              		@ link register save eliminated.
ARM GAS  /tmp/ccIGb3Te.s 			page 6


 209 0000 80B4     		push	{r7}
 210              		.cfi_def_cfa_offset 4
 211              		.cfi_offset 7, -4
 212 0002 85B0     		sub	sp, sp, #20
 213              		.cfi_def_cfa_offset 24
 214 0004 00AF     		add	r7, sp, #0
 215              		.cfi_def_cfa_register 7
 216 0006 7860     		str	r0, [r7, #4]
 217 0008 0B46     		mov	r3, r1
 218 000a FB70     		strb	r3, [r7, #3]
  82:../libDaisy/Middlewares/Third_Party/FatFs/src/ff_gen_drv.c ****   uint8_t DiskNum = 0;
 219              		.loc 1 82 11
 220 000c 0023     		movs	r3, #0
 221 000e BB73     		strb	r3, [r7, #14]
  83:../libDaisy/Middlewares/Third_Party/FatFs/src/ff_gen_drv.c ****   uint8_t ret = 1;
 222              		.loc 1 83 11
 223 0010 0123     		movs	r3, #1
 224 0012 FB73     		strb	r3, [r7, #15]
  84:../libDaisy/Middlewares/Third_Party/FatFs/src/ff_gen_drv.c **** 
  85:../libDaisy/Middlewares/Third_Party/FatFs/src/ff_gen_drv.c ****   if(disk.nbr >= 1)
 225              		.loc 1 85 10
 226 0014 154B     		ldr	r3, .L11
 227 0016 9B7B     		ldrb	r3, [r3, #14]
 228 0018 DBB2     		uxtb	r3, r3
 229              		.loc 1 85 5
 230 001a 002B     		cmp	r3, #0
 231 001c 1ED0     		beq	.L9
  86:../libDaisy/Middlewares/Third_Party/FatFs/src/ff_gen_drv.c ****   {
  87:../libDaisy/Middlewares/Third_Party/FatFs/src/ff_gen_drv.c ****     DiskNum = path[0] - '0';
 232              		.loc 1 87 19
 233 001e 7B68     		ldr	r3, [r7, #4]
 234 0020 1B78     		ldrb	r3, [r3]	@ zero_extendqisi2
 235              		.loc 1 87 13
 236 0022 303B     		subs	r3, r3, #48
 237 0024 BB73     		strb	r3, [r7, #14]
  88:../libDaisy/Middlewares/Third_Party/FatFs/src/ff_gen_drv.c ****     if(disk.drv[DiskNum] != 0)
 238              		.loc 1 88 16
 239 0026 BB7B     		ldrb	r3, [r7, #14]	@ zero_extendqisi2
 240 0028 104A     		ldr	r2, .L11
 241 002a 9B00     		lsls	r3, r3, #2
 242 002c 1344     		add	r3, r3, r2
 243 002e 5B68     		ldr	r3, [r3, #4]
 244              		.loc 1 88 7
 245 0030 002B     		cmp	r3, #0
 246 0032 13D0     		beq	.L9
  89:../libDaisy/Middlewares/Third_Party/FatFs/src/ff_gen_drv.c ****     {
  90:../libDaisy/Middlewares/Third_Party/FatFs/src/ff_gen_drv.c ****       disk.drv[DiskNum] = 0;
 247              		.loc 1 90 15
 248 0034 BB7B     		ldrb	r3, [r7, #14]	@ zero_extendqisi2
 249              		.loc 1 90 25
 250 0036 0D4A     		ldr	r2, .L11
 251 0038 9B00     		lsls	r3, r3, #2
 252 003a 1344     		add	r3, r3, r2
 253 003c 0022     		movs	r2, #0
 254 003e 5A60     		str	r2, [r3, #4]
  91:../libDaisy/Middlewares/Third_Party/FatFs/src/ff_gen_drv.c ****       disk.lun[DiskNum] = 0;
 255              		.loc 1 91 15
ARM GAS  /tmp/ccIGb3Te.s 			page 7


 256 0040 BB7B     		ldrb	r3, [r7, #14]	@ zero_extendqisi2
 257              		.loc 1 91 25
 258 0042 0A4A     		ldr	r2, .L11
 259 0044 1344     		add	r3, r3, r2
 260 0046 0022     		movs	r2, #0
 261 0048 1A73     		strb	r2, [r3, #12]
  92:../libDaisy/Middlewares/Third_Party/FatFs/src/ff_gen_drv.c ****       disk.nbr--;
 262              		.loc 1 92 11
 263 004a 084B     		ldr	r3, .L11
 264 004c 9B7B     		ldrb	r3, [r3, #14]
 265 004e DBB2     		uxtb	r3, r3
 266              		.loc 1 92 15
 267 0050 013B     		subs	r3, r3, #1
 268 0052 DAB2     		uxtb	r2, r3
 269 0054 054B     		ldr	r3, .L11
 270 0056 9A73     		strb	r2, [r3, #14]
  93:../libDaisy/Middlewares/Third_Party/FatFs/src/ff_gen_drv.c ****       ret = 0;
 271              		.loc 1 93 11
 272 0058 0023     		movs	r3, #0
 273 005a FB73     		strb	r3, [r7, #15]
 274              	.L9:
  94:../libDaisy/Middlewares/Third_Party/FatFs/src/ff_gen_drv.c ****     }
  95:../libDaisy/Middlewares/Third_Party/FatFs/src/ff_gen_drv.c ****   }
  96:../libDaisy/Middlewares/Third_Party/FatFs/src/ff_gen_drv.c **** 
  97:../libDaisy/Middlewares/Third_Party/FatFs/src/ff_gen_drv.c ****   return ret;
 275              		.loc 1 97 10
 276 005c FB7B     		ldrb	r3, [r7, #15]	@ zero_extendqisi2
  98:../libDaisy/Middlewares/Third_Party/FatFs/src/ff_gen_drv.c **** }
 277              		.loc 1 98 1
 278 005e 1846     		mov	r0, r3
 279 0060 1437     		adds	r7, r7, #20
 280              		.cfi_def_cfa_offset 4
 281 0062 BD46     		mov	sp, r7
 282              		.cfi_def_cfa_register 13
 283              		@ sp needed
 284 0064 5DF8047B 		ldr	r7, [sp], #4
 285              		.cfi_restore 7
 286              		.cfi_def_cfa_offset 0
 287 0068 7047     		bx	lr
 288              	.L12:
 289 006a 00BF     		.align	2
 290              	.L11:
 291 006c 00000000 		.word	disk
 292              		.cfi_endproc
 293              	.LFE322:
 295              		.section	.text.FATFS_UnLinkDriver,"ax",%progbits
 296              		.align	1
 297              		.global	FATFS_UnLinkDriver
 298              		.syntax unified
 299              		.thumb
 300              		.thumb_func
 301              		.fpu fpv5-d16
 303              	FATFS_UnLinkDriver:
 304              	.LFB323:
  99:../libDaisy/Middlewares/Third_Party/FatFs/src/ff_gen_drv.c **** 
 100:../libDaisy/Middlewares/Third_Party/FatFs/src/ff_gen_drv.c **** /**
 101:../libDaisy/Middlewares/Third_Party/FatFs/src/ff_gen_drv.c ****   * @brief  Unlinks a diskio driver and decrements the number of active linked
ARM GAS  /tmp/ccIGb3Te.s 			page 8


 102:../libDaisy/Middlewares/Third_Party/FatFs/src/ff_gen_drv.c ****   *         drivers.
 103:../libDaisy/Middlewares/Third_Party/FatFs/src/ff_gen_drv.c ****   * @param  path: pointer to the logical drive path
 104:../libDaisy/Middlewares/Third_Party/FatFs/src/ff_gen_drv.c ****   * @retval Returns 0 in case of success, otherwise 1.
 105:../libDaisy/Middlewares/Third_Party/FatFs/src/ff_gen_drv.c ****   */
 106:../libDaisy/Middlewares/Third_Party/FatFs/src/ff_gen_drv.c **** uint8_t FATFS_UnLinkDriver(char *path)
 107:../libDaisy/Middlewares/Third_Party/FatFs/src/ff_gen_drv.c **** {
 305              		.loc 1 107 1
 306              		.cfi_startproc
 307              		@ args = 0, pretend = 0, frame = 8
 308              		@ frame_needed = 1, uses_anonymous_args = 0
 309 0000 80B5     		push	{r7, lr}
 310              		.cfi_def_cfa_offset 8
 311              		.cfi_offset 7, -8
 312              		.cfi_offset 14, -4
 313 0002 82B0     		sub	sp, sp, #8
 314              		.cfi_def_cfa_offset 16
 315 0004 00AF     		add	r7, sp, #0
 316              		.cfi_def_cfa_register 7
 317 0006 7860     		str	r0, [r7, #4]
 108:../libDaisy/Middlewares/Third_Party/FatFs/src/ff_gen_drv.c ****   return FATFS_UnLinkDriverEx(path, 0);
 318              		.loc 1 108 10
 319 0008 0021     		movs	r1, #0
 320 000a 7868     		ldr	r0, [r7, #4]
 321 000c FFF7FEFF 		bl	FATFS_UnLinkDriverEx
 322 0010 0346     		mov	r3, r0
 109:../libDaisy/Middlewares/Third_Party/FatFs/src/ff_gen_drv.c **** }
 323              		.loc 1 109 1
 324 0012 1846     		mov	r0, r3
 325 0014 0837     		adds	r7, r7, #8
 326              		.cfi_def_cfa_offset 8
 327 0016 BD46     		mov	sp, r7
 328              		.cfi_def_cfa_register 13
 329              		@ sp needed
 330 0018 80BD     		pop	{r7, pc}
 331              		.cfi_endproc
 332              	.LFE323:
 334              		.section	.text.FATFS_GetAttachedDriversNbr,"ax",%progbits
 335              		.align	1
 336              		.global	FATFS_GetAttachedDriversNbr
 337              		.syntax unified
 338              		.thumb
 339              		.thumb_func
 340              		.fpu fpv5-d16
 342              	FATFS_GetAttachedDriversNbr:
 343              	.LFB324:
 110:../libDaisy/Middlewares/Third_Party/FatFs/src/ff_gen_drv.c **** 
 111:../libDaisy/Middlewares/Third_Party/FatFs/src/ff_gen_drv.c **** /**
 112:../libDaisy/Middlewares/Third_Party/FatFs/src/ff_gen_drv.c ****   * @brief  Gets number of linked drivers to the FatFs module.
 113:../libDaisy/Middlewares/Third_Party/FatFs/src/ff_gen_drv.c ****   * @param  None
 114:../libDaisy/Middlewares/Third_Party/FatFs/src/ff_gen_drv.c ****   * @retval Number of attached drivers.
 115:../libDaisy/Middlewares/Third_Party/FatFs/src/ff_gen_drv.c ****   */
 116:../libDaisy/Middlewares/Third_Party/FatFs/src/ff_gen_drv.c **** uint8_t FATFS_GetAttachedDriversNbr(void)
 117:../libDaisy/Middlewares/Third_Party/FatFs/src/ff_gen_drv.c **** {
 344              		.loc 1 117 1
 345              		.cfi_startproc
 346              		@ args = 0, pretend = 0, frame = 0
 347              		@ frame_needed = 1, uses_anonymous_args = 0
ARM GAS  /tmp/ccIGb3Te.s 			page 9


 348              		@ link register save eliminated.
 349 0000 80B4     		push	{r7}
 350              		.cfi_def_cfa_offset 4
 351              		.cfi_offset 7, -4
 352 0002 00AF     		add	r7, sp, #0
 353              		.cfi_def_cfa_register 7
 118:../libDaisy/Middlewares/Third_Party/FatFs/src/ff_gen_drv.c ****   return disk.nbr;
 354              		.loc 1 118 14
 355 0004 034B     		ldr	r3, .L17
 356 0006 9B7B     		ldrb	r3, [r3, #14]
 357 0008 DBB2     		uxtb	r3, r3
 119:../libDaisy/Middlewares/Third_Party/FatFs/src/ff_gen_drv.c **** }
 358              		.loc 1 119 1
 359 000a 1846     		mov	r0, r3
 360 000c BD46     		mov	sp, r7
 361              		.cfi_def_cfa_register 13
 362              		@ sp needed
 363 000e 5DF8047B 		ldr	r7, [sp], #4
 364              		.cfi_restore 7
 365              		.cfi_def_cfa_offset 0
 366 0012 7047     		bx	lr
 367              	.L18:
 368              		.align	2
 369              	.L17:
 370 0014 00000000 		.word	disk
 371              		.cfi_endproc
 372              	.LFE324:
 374              		.text
 375              	.Letext0:
 376              		.file 2 "/home/hubert/daisy/gcc/arm-none-eabi/include/machine/_default_types.h"
 377              		.file 3 "/home/hubert/daisy/gcc/arm-none-eabi/include/sys/_stdint.h"
 378              		.file 4 "../libDaisy/Middlewares/Third_Party/FatFs/src/integer.h"
 379              		.file 5 "../libDaisy/Middlewares/Third_Party/FatFs/src/diskio.h"
 380              		.file 6 "../libDaisy/Middlewares/Third_Party/FatFs/src/ff_gen_drv.h"
ARM GAS  /tmp/ccIGb3Te.s 			page 10


DEFINED SYMBOLS
                            *ABS*:0000000000000000 ff_gen_drv.c
     /tmp/ccIGb3Te.s:21     .bss.disk:0000000000000000 disk
     /tmp/ccIGb3Te.s:18     .bss.disk:0000000000000000 $d
     /tmp/ccIGb3Te.s:24     .text.FATFS_LinkDriverEx:0000000000000000 $t
     /tmp/ccIGb3Te.s:32     .text.FATFS_LinkDriverEx:0000000000000000 FATFS_LinkDriverEx
     /tmp/ccIGb3Te.s:149    .text.FATFS_LinkDriverEx:0000000000000094 $d
     /tmp/ccIGb3Te.s:154    .text.FATFS_LinkDriver:0000000000000000 $t
     /tmp/ccIGb3Te.s:161    .text.FATFS_LinkDriver:0000000000000000 FATFS_LinkDriver
     /tmp/ccIGb3Te.s:195    .text.FATFS_UnLinkDriverEx:0000000000000000 $t
     /tmp/ccIGb3Te.s:202    .text.FATFS_UnLinkDriverEx:0000000000000000 FATFS_UnLinkDriverEx
     /tmp/ccIGb3Te.s:291    .text.FATFS_UnLinkDriverEx:000000000000006c $d
     /tmp/ccIGb3Te.s:296    .text.FATFS_UnLinkDriver:0000000000000000 $t
     /tmp/ccIGb3Te.s:303    .text.FATFS_UnLinkDriver:0000000000000000 FATFS_UnLinkDriver
     /tmp/ccIGb3Te.s:335    .text.FATFS_GetAttachedDriversNbr:0000000000000000 $t
     /tmp/ccIGb3Te.s:342    .text.FATFS_GetAttachedDriversNbr:0000000000000000 FATFS_GetAttachedDriversNbr
     /tmp/ccIGb3Te.s:370    .text.FATFS_GetAttachedDriversNbr:0000000000000014 $d

NO UNDEFINED SYMBOLS
